#graphName ./input/DataSets/hard-graph-4-7-2.txt numNodes 560
#PopulationSize 200 genCount 500
#k 2 p 0.85 m 0.001
#bestIndividual: 1611218368111342243191691615614141171922221317101161882155141952213171823201815211182319220813221318152081151327932322741221286201252117323194103116202221918131719202111141421170139711121112345191973118203171614102212721171966148111113137621122469201181213177910571961653117013121923219716123910018152112019143111217191702261128111017131908132212161179319201972213191102155211712459902115188132227132212230223819919402012203210217149455121692321511102191515820224173151523315162242413817111239187222314171310136121652222020170113127125932123126518621215191711020112111911104151823231372111910215361613421515852318222791121174128222162312172115191020812111691916101232109120617181811193101640141014412201437202311320232014187052062108122301616171216140038171517317121431416143201611524141415181410161415044620141181442340132182016231973211315523081815212169231610181966972018151961018155115 Incorrect 0.9706745111037455
0.9566705336426914|0.9583587587006968|0.9595873384156447
0.955568445475638|0.9584986741796487|0.9596867749419954
0.9568942658269805|0.9585904043752074|0.9597530659595624
0.9573583029499503|0.9586609214451448|0.9599850845210474
0.9568445475638051|0.9586598442161086|0.9599685117666557
0.9573168710639708|0.9587104325488893|0.9601590984421611
0.9567368246602586|0.958681844547564|0.9597364932051707
0.9569191249585681|0.9587446552867095|0.9598442161087173
0.9570102751077229|0.9587039277427911|0.9598110705999338
0.957001988730527|0.9586876450116005|0.959860788863109
0.9571345707656612|0.9587481355651307|0.960018230029831
0.9569854159761352|0.9588500994365263|0.960018230029831
0.9571842890288366|0.9589168876367253|0.9604076897580378
0.9572754391779914|0.9589327974809404|0.9604905535299967
0.9570517069937023|0.9590026516407026|0.9603579714948625
0.957598607888631|0.9589954010606562|0.9603579714948625
0.9578886310904873|0.9590534885647994|0.9602668213457076
0.9579714948624461|0.9591187852171033|0.9602668213457076
0.9577891945641366|0.9591145591647334|0.9601010938017899
0.9577643354325489|0.9591612943321186|0.9602088167053364
0.9574245939675174|0.9592145343056019|0.96024196221412
0.957606894265827|0.959267442823997|0.9604242625124295
0.958054358634405|0.9592969008949289|0.9604159761352337
0.9583195227046735|0.9593836592641698|0.9604408352668213
0.9581537951607557|0.9594052452767656|0.9603994033808418
0.9581620815379516|0.959387139542592|0.9603248259860789
0.9582035134239311|0.959381587669871|0.9602916804772953
0.957979781239642|0.9594620069605564|0.9605651309247597
0.9582946635730858|0.9595757374875704|0.9604905535299967
0.957606894265827|0.9596033725555183|0.9604988399071925
0.9583195227046735|0.9597043420616512|0.960614849187935
0.9585349685117667|0.9596508949287371|0.9607391448458734
0.9584438183626118|0.9596369738150489|0.9605568445475638
0.9582863771958899|0.9596728952601922|0.9604491216440172
0.958576400397746|0.9597233592973157|0.9605899900563474
0.9585432548889625|0.9597316042426255|0.9604491216440172
0.9585681140205502|0.9598098276433548|0.960614849187935
0.9586675505469009|0.9598173268147167|0.9606562810739144
0.9587006960556844|0.9599035465694397|0.9606397083195227
0.9589078554855817|0.9599220251905871|0.9606562810739144
0.9589161418627776|0.9599379350348022|0.9606894265826981
0.9589990056347365|0.9599765909844216|0.96084686774942
0.958882996353994|0.960025107722904|0.9607971494862446
0.9591481604242625|0.9600651309247596|0.9608634405038118
0.9585515412661584|0.9601199038780246|0.9610208816705337
0.9586261186609214|0.9601052369903877|0.96098773616175
0.9593636062313556|0.9601776599270798|0.9609545906529665
0.9590652966523037|0.9601566125290022|0.960913158766987
0.9591978786874379|0.9602224892277093|0.9609545906529665
0.9590735830294995|0.9602291183294662|0.9611700364600596
0.9591813059330461|0.9602734090155791|0.9611783228372556
0.9594298972489228|0.9603448375870063|0.9612860457408021
0.9594298972489228|0.9603916141862777|0.9613606231355651
0.9595044746436858|0.9604530991050708|0.9614020550215446
0.9595790520384488|0.9604943652635061|0.9611700364600596
0.9594713291349022|0.9605070434206167|0.9612363274776268
0.9596867749419954|0.9605657938349355|0.9612777593636063
0.9596867749419954|0.9605984421610877|0.9612777593636063
0.9597779250911501|0.9606568196884322|0.9613274776267816
0.95963705667882|0.960723152137885|0.961443486907524
0.959869075240305|0.9607996768312895|0.9614932051706994
0.959943652635068|0.9608429731521381|0.961750082863772
0.9597033476963871|0.9608833692409691|0.9619075240304938
0.959860788863109|0.9609354491216435|0.9618743785217103
0.9599767981438515|0.9609615097779254|0.9617417964865761
0.9600679482930063|0.9610035217103078|0.961824660258535
0.9602005303281406|0.9610428405701026|0.9618329466357308
0.9601756711965529|0.9610908601259528|0.9618163738813391
0.9602005303281406|0.9611103331123634|0.9618329466357308
0.9602916804772953|0.9611287703016237|0.9618660921445145
0.9604408352668213|0.9611482847199205|0.9619323831620815
0.9602088167053364|0.9612124212794168|0.9619323831620815
0.9602502485913159|0.9612536874378524|0.9619323831620815
0.9602502485913159|0.961273077560491|0.9619986741796487
0.9599685117666557|0.961296072257209|0.9619986741796487
0.9599187935034803|0.9613177411335765|0.9619903878024527
0.9603745442492543|0.9613921113689098|0.9621395425919788
0.9605817036791515|0.9614073583029503|0.9621561153463706
0.9605982764335432|0.9614720749088497|0.962122969837587
0.9605485581703679|0.9614734421610873|0.9621478289691747
0.9607474312230693|0.9615430477295329|0.9621063970831952
0.9605154126615844|0.9615531156778252|0.9621726881007624
0.9607722903546569|0.9615919373549879|0.9622555518727213
0.9607308584686775|0.9616471660589988|0.9621975472323501
0.9602336758369241|0.9617133742127946|0.9622804110043089
0.9609463042757707|0.9618021213125622|0.9624378521710308
0.9611617500828638|0.9618396586012594|0.9624461385482267
0.9614103413987405|0.961871726881008|0.9624627113026185
0.9611368909512761|0.9618934786211465|0.9623715611534637
0.9611037454424926|0.9619582780908195|0.9625290023201856
0.9613026184951939|0.9619876532979772|0.9625704342061651
0.9613191912495856|0.9620211716937355|0.9625372886973815
0.9613191912495856|0.962045202187603|0.9625207159429897
0.9615594961882665|0.9620745773947631|0.9625704342061651
0.9614352005303282|0.9621068528339414|0.9626615843553199
0.9614849187935035|0.9621400812064965|0.9625704342061651
0.961443486907524|0.9621628687437852|0.9626615843553199
0.9615843553198542|0.9621929068611205|0.9628107391448458
0.9616175008286377|0.9622369903878021|0.9628853165396088
0.9616589327146172|0.962268561484919|0.9628521710308253
0.9615263506794829|0.9622749005634733|0.9628521710308253
0.9614766324163075|0.9623186940669541|0.9628355982764335
0.9615263506794829|0.962372472654955|0.9627941663904541
0.9617086509777925|0.9623906612529004|0.9627775936360623
0.9619158104076898|0.9624321760026515|0.9628604574080212
0.9618412330129268|0.962448707325157|0.9629267484255883
0.9617915147497514|0.9624624212794167|0.9629101756711965
0.9617417964865761|0.9624756794829302|0.9629930394431555
0.9616257872058336|0.962488730527014|0.9630427577063307
0.9617417964865761|0.9625116837918466|0.9630759032151144
0.9617749419953596|0.96255502154458|0.9632001988730527
0.9619821014252569|0.962572422936692|0.9630593304607226
0.9618660921445145|0.9625860125952934|0.9631173351010938
0.9620069605568445|0.9626204424925418|0.9631173351010938
0.9621561153463706|0.9626726052369904|0.9632084852502486
0.9620566788200199|0.9626999088498509|0.9632167716274445
0.9620732515744117|0.9627559661915818|0.963332780908187
0.9619323831620815|0.9627809081869413|0.963258203513424
0.961899237653298|0.9628092890288368|0.9633493536625787
0.9619572422936692|0.9628463291349024|0.9633907855485582
0.9620981107059994|0.9628451690420938|0.9634570765661253
0.9621975472323501|0.9628706910838584|0.9633576400397746
0.9621809744779583|0.9629187106397084|0.9634653629433212
0.9623218428902883|0.9629424925422598|0.963399071925754
0.9623632747762678|0.9629723649320517|0.963399071925754
0.9623964202850513|0.9630042260523696|0.9633907855485582
0.9621644017235664|0.9630428820019884|0.963473649320517
0.9626201524693404|0.9630935946304269|0.963473649320517
0.9624792840570102|0.9631220583360954|0.9636062313556513
0.9626781571097116|0.9631612529002314|0.9635565130924759
0.9626118660921446|0.9631813059330457|0.9637388133907856
0.9625952933377527|0.9632055435863442|0.9639128273118992
0.9624627113026185|0.9632492542260528|0.9638713954259198
0.9627858800132582|0.9632947050049718|0.9637388133907856
0.9628355982764335|0.9633234173019551|0.9637719588995691
0.9627113026184952|0.9633353082532318|0.9638631090487239
0.9629018892940007|0.9633705253563134|0.9639459728206828
0.9627693072588664|0.9634088084189592|0.9639376864434869
0.9628355982764335|0.9634314302287039|0.9638962545575075
0.9628521710308253|0.9634626698707326|0.9639128273118992
0.9628521710308253|0.9635048475306598|0.963929400066291
0.9630924759695061|0.9635372886973819|0.9638879681803115
0.9630427577063307|0.9635693984090158|0.9639211136890952
0.9629598939343719|0.9635804192906859|0.9639625455750745
0.9629101756711965|0.9636081786542917|0.9640619821014252
0.9630676168379184|0.9636296818031159|0.9640454093470334
0.962951607557176|0.963649569108386|0.9641282731189924
0.963026184951939|0.9636720666224727|0.9641779913821678
0.9630841895923102|0.9636957656612534|0.9641365594961883
0.9631919124958568|0.963729366920782|0.9640951276102088
0.9632250580046404|0.9637500828637723|0.9641448458733841
0.9631919124958568|0.9637735747431228|0.9642194232681471
0.9632830626450116|0.9637835183957568|0.9642608551541266
0.9633824991713623|0.9638164981769971|0.9642608551541266
0.963332780908187|0.9638482350016578|0.9642028505137554
0.9633742127941664|0.963894224395094|0.9642940006629102
0.9634405038117335|0.9639316373881347|0.9642940006629102
0.9634653629433212|0.9639650314882331|0.9643437189260855
0.9634156446801458|0.9639634985084515|0.9644348690752403
0.9635233675836924|0.9640020301624128|0.9644431554524362
0.9635067948293007|0.9640247762678161|0.9644182963208485
0.9635150812064965|0.9640499254226056|0.9644431554524362
0.9636559496188266|0.9640735001657278|0.9645923102419622
0.9635647994696719|0.9640908186940672|0.9645260192243951
0.9635979449784554|0.964118163738813|0.9645425919787869
0.9636890951276103|0.9641576483261513|0.9645591647331787
0.963705667882002|0.9641588498508454|0.9645674511103746
0.9637553861451773|0.9641812230692736|0.9644928737156115
0.9637553861451773|0.9642162330129266|0.9645177328471992
0.9638051044083527|0.9642413407358302|0.9645425919787869
0.9637553861451773|0.9642571677162749|0.9646254557507458
0.9637470997679815|0.96426968014584|0.964608882996354
0.9637470997679815|0.9642760192243953|0.9645840238647663
0.963780245276765|0.9642906861120316|0.9646668876367253
0.9638216771627445|0.9643178239973481|0.9647083195227046
0.9638879681803115|0.9643336095459064|0.9647000331455088
0.9637305270135896|0.9643606645674515|0.9647166058999006
0.9640205502154459|0.9643931471660594|0.96475803778588
0.9640205502154459|0.9644330046403704|0.9647166058999006
0.9640619821014252|0.964444066953927|0.9647331786542923
0.964003977461054|0.9644609711634069|0.9648823334438184
0.9641034139874047|0.9644871975472329|0.9648409015578389
0.9639708319522705|0.9644903878024523|0.9648906198210142
0.9641862777593636|0.9645071677162741|0.9649320517069937
0.9640951276102088|0.9645287537288694|0.9648657606894265
0.9640536957242294|0.9645515412661584|0.9649651972157772
0.9640785548558171|0.9645809579052042|0.9650397746105402
0.9640702684786211|0.9646029168047728|0.9650894928737156
0.9640371229698376|0.9646511435200534|0.9652552204176335
0.9638133907855485|0.9646777427908519|0.9650232018561485
0.9643022870401061|0.9647094796155119|0.9650646337421279
0.9643188597944978|0.9647304855817035|0.9650646337421279
0.9643188597944978|0.96474875704342|0.9651060656281074
0.9642277096453431|0.9647645840238649|0.9650977792509114
0.9641531322505801|0.9647705087835591|0.9651143520053033
0.9643602916804773|0.9648012098110703|0.9651392111368909
0.9643271461716937|0.9648252817368249|0.9651474975140868
0.964235996022539|0.9648667550546901|0.9652552204176335
0.9645508783559827|0.9649006463374211|0.9652717931720252
0.9645425919787869|0.9649139045409347|0.9654209479615512
0.9644017235664567|0.9649447712959898|0.9654126615843553
0.9645591647331787|0.9649729449784552|0.9653878024527677
0.964459728206828|0.964991672190919|0.9654872389791184
0.9643602916804773|0.9650209645343059|0.9655949618826649
0.9644845873384157|0.9650790106065622|0.9655866755054691
0.9645840238647663|0.9650939260855149|0.9655452436194896
0.964608882996354|0.9651233427245614|0.9655369572422937
0.9645840238647663|0.9651716108717271|0.9656198210142526
0.96475803778588|0.9652182631753398|0.9656861120318196
0.9648740470666225|0.9652674842558834|0.965744116672191
0.9647994696718595|0.9653033228372564|0.965810407689758
0.9648243288034472|0.965335059661916|0.9658932714617169
0.9648823334438184|0.9653636476632417|0.9657192575406033
0.9650314882333444|0.9654128687437847|0.9657772621809745
0.9649154789526019|0.9654568694066954|0.9657772621809745
0.9650397746105402|0.9654749751408686|0.9658601259529334
0.9650729201193239|0.9654815213788532|0.9658435531985416
0.9649569108385814|0.9655152469340402|0.9658601259529334
0.9648160424262513|0.9655227875372892|0.9659181305933046
0.9651889294000663|0.9655836924096781|0.9659264169705005
0.9652469340404375|0.9656139376864437|0.9659678488564799
0.9651806430228704|0.9656420699370237|0.9660921445144183
0.9652717931720252|0.9656645674511101|0.9660589990056347
0.9652717931720252|0.9656861120318189|0.9660838581372224
0.96536294332118|0.9657108054358639|0.9660507126284389
0.9652386476632416|0.9657516987073258|0.966191581040769
0.9653463705667882|0.9657637553861449|0.9660507126284389
0.9653878024527677|0.9657904375207161|0.9661750082863771
0.9652966523036128|0.9658011269472984|0.9661832946635731
0.9653960888299635|0.9658462877030157|0.9662495856811402
0.965437520715943|0.9658690338084197|0.9662910175671197
0.9654209479615512|0.9658740470666224|0.9661832946635731
0.9654955253563142|0.965900356314219|0.9662081537951608
0.9654540934703347|0.9659145674511094|0.9662827311899238
0.965437520715943|0.9659267484255889|0.9662827311899238
0.9656032482598608|0.9659427411335757|0.9663241630759032
0.9656281073914484|0.965967185946304|0.9663241630759032
0.9655038117335101|0.9659777510772287|0.9663324494530992
0.9653380841895923|0.9659973897911831|0.9663158766987073
0.9655369572422937|0.9660281322505803|0.9663655949618827
0.9654126615843553|0.9660372058336095|0.966415313225058
0.9655949618826649|0.9660658766987082|0.9664567451110374
0.9656446801458403|0.9660882499171365|0.9664401723566457
0.9655866755054691|0.9661132747762678|0.9664318859794497
0.9656529665230361|0.9661119489559172|0.9664733178654292
0.9655949618826649|0.9661088415644677|0.9664401723566457
0.9657026847862115|0.9661347364932049|0.9664484587338416
0.9657606894265827|0.9661651474975135|0.9665644680145841
0.9657192575406033|0.9661914153132248|0.9666141862777594
0.9657109711634073|0.9662209562479285|0.966721909181306
0.9658021213125622|0.9662328057673183|0.9666473317865429
0.9658518395757375|0.966254598939344|0.9666556181637388
0.9658435531985416|0.9662720003314547|0.9666473317865429
0.9656115346370567|0.966293047729533|0.9666058999005634
0.9657772621809745|0.9663125207159433|0.9667799138216772
0.9658684123301293|0.9663202684786212|0.9667799138216772
0.9658601259529334|0.9663462462711304|0.9666639045409346
0.965884985084521|0.9663538283062642|0.9667799138216772
0.965884985084521|0.9663544497845541|0.9667716274444813
0.9658435531985416|0.9663648906198214|0.9667384819356977
0.965884985084521|0.9663962959893933|0.9666970500497183
0.9657192575406033|0.9664107557176006|0.966796486576069
0.9659015578389128|0.9664136559496189|0.9667384819356977
0.9658518395757375|0.9664372306927409|0.9667716274444813
0.965959562479284|0.966464285714286|0.9667799138216772
0.9659678488564799|0.9664779582366593|0.9668379184620484
0.9660092807424594|0.966485125952934|0.9668379184620484
0.9660589990056347|0.9665055933046074|0.9668876367252237
0.9659761352336759|0.9665117666556182|0.9669124958568114
0.9660424262512429|0.9665213788531656|0.9669622141199867
0.9660589990056347|0.9665576731852836|0.9669373549883991
0.9662247265495525|0.9665911087172689|0.9669290686112032
0.9661335764003978|0.966602792509115|0.9669622141199867
0.9662330129267485|0.966622679814386|0.9669456413655949
0.9662744448127278|0.9666457159429899|0.9669456413655949
0.9662081537951608|0.9666525522041758|0.9669539277427909
0.9662495856811402|0.9666887222406362|0.9670119323831621
0.9662247265495525|0.9667010689426587|0.9670533642691416
0.9662247265495525|0.9667306513092473|0.9670699370235333
0.9663821677162745|0.9667492956579388|0.9670865097779251
0.9663987404706662|0.9667733261518063|0.9671196552867086
0.9662412993039443|0.9667843884653625|0.9670450778919456
0.9663821677162745|0.9668042757706334|0.9670865097779251
0.9664650314882334|0.9668141365594959|0.9670865097779251
0.9663821677162745|0.9668227958236657|0.9671113689095128
0.9663573085846868|0.9668309164733183|0.9672108054358635
0.9663821677162745|0.9668737570434212|0.9671528007954923
0.9664235996022539|0.9668918627775931|0.9672605236990388
0.9664484587338416|0.9668963788531655|0.9671942326814716
0.9663987404706662|0.9669117500828632|0.9672356645674511
0.9663075903215115|0.9669329632084854|0.9672522373218428
0.9664733178654292|0.9669455585018234|0.9672190918130593
0.9665727543917799|0.9669647414650311|0.9671942326814716
0.9665230361286046|0.9669824328803449|0.96731852833941
0.9665396088829964|0.9669879018892945|0.9672936692078223
0.9666390454093471|0.9670134653629432|0.9672605236990388
0.9665561816373881|0.9670292509115016|0.9674013921113689
0.9667301955585018|0.9670626864434861|0.9674013921113689
0.9666058999005634|0.9670713457076568|0.9674179648657607
0.966721909181306|0.9671117832283727|0.9674345376201525
0.9668130593304607|0.9671524693404047|0.967467683128936
0.9668130593304607|0.9671734753065963|0.9674842558833278
0.966721909181306|0.9671834603911171|0.9675422605236991
0.966796486576069|0.9671884322174344|0.9674842558833278
0.9667301955585018|0.967195931388797|0.9675505469008949
0.9666473317865429|0.9671939012263836|0.9675091150149154
0.9666970500497183|0.9672149071925753|0.9675422605236991
0.9666058999005634|0.9672335515412657|0.9675422605236991
0.9668462048392443|0.9672560904872385|0.9675505469008949
0.9668462048392443|0.967252610208817|0.9676334106728538
0.966871063970832|0.9672771378853164|0.9676334106728538
0.9668213457076567|0.9673008783559831|0.9677908518395757
0.9669787868743785|0.9673295077891954|0.9677162744448127
0.966862777593636|0.9673257374875702|0.9676499834272456
0.9669456413655949|0.9673389128273125|0.9676499834272456
0.9668379184620484|0.9673380427577066|0.9676665561816374
0.9669705004971826|0.9673553198541599|0.9676665561816374
0.9668379184620484|0.9673957988067617|0.9677328471992045
0.9670533642691416|0.9674371478289688|0.9677411335764003
0.9670450778919456|0.9674531819688436|0.9678157109711634
0.9670036460059662|0.9674895177328476|0.9678074245939675
0.9668876367252237|0.9675079963539939|0.9678902883659264
0.9670202187603579|0.967511766655618|0.967840570102751
0.9669290686112032|0.9675310739144853|0.9678820019887305
0.9669207822340072|0.9675439592310237|0.9679482930062977
0.9669456413655949|0.9675735415976138|0.9679565793834936
0.9670533642691416|0.9675843553198541|0.9679897248922771
0.9671030825323169|0.9676114103413986|0.9679317202519059
0.9670699370235333|0.9676245028173678|0.9679731521378853
0.9671279416639046|0.9676411584355317|0.9679648657606894
0.96731852833941|0.9676623301292682|0.9679648657606894
0.9672688100762347|0.967678861451773|0.9680062976466689
0.9673102419622142|0.9677001574411672|0.9680311567782566
0.9672025190586675|0.9677263838249915|0.9680477295326483
0.9672522373218428|0.9677301126947303|0.9681057341730196
0.9672936692078223|0.9677278753728872|0.9680891614186278
0.9674428239973484|0.9677477212462715|0.9680477295326483
0.9673351010938018|0.9677415064633736|0.9680808750414319
0.96731852833941|0.9677561733510107|0.9680311567782566
0.9672273781902552|0.9677531488233349|0.9681388796818031
0.9673433874709977|0.9677761020881668|0.968147166058999
0.9673433874709977|0.967788531653961|0.968221743453762
0.9673102419622142|0.9678217600265165|0.9681554524361949
0.9675008286377196|0.9678416058999|0.9681554524361949
0.9673848193569772|0.9678430560159091|0.9681968843221743
0.9674925422605237|0.9678839492873716|0.9681968843221743
0.9675339741465031|0.9679023036128607|0.9681968843221743
0.9674428239973484|0.9679093884653632|0.9682134570765661
0.9675339741465031|0.9679250911501491|0.968296320848525
0.9674842558833278|0.9679373135565139|0.968296320848525
0.9675422605236991|0.9679613854822672|0.9684206165064634
0.9675256877693073|0.9679778753728866|0.9684786211468346
0.9675836924096785|0.9680070434206166|0.9684371892608552
0.9675008286377196|0.9680420533642682|0.9684537620152469
0.9674759695061319|0.9680430477295324|0.9684869075240305
0.9674593967517401|0.9680779333775277|0.9684869075240305
0.9676085515412661|0.9680992707988071|0.9685117666556181
0.9676168379184621|0.9681109960225389|0.9685614849187935
0.9674593967517401|0.9681307590321517|0.9684371892608552
0.9675008286377196|0.9681411170036458|0.9685531985415976
0.9677162744448127|0.9681338249917141|0.968677494199536
0.9677991382167717|0.9681602171030823|0.9685034802784223
0.9678074245939675|0.9681835432548889|0.9686277759363606
0.9677162744448127|0.9682185946304276|0.9685863440503811
0.9677494199535963|0.9682213291349019|0.9686526350679483
0.9677245608220086|0.9682344630427573|0.9686194895591648
0.967774279085184|0.9682722489227696|0.968602916804773
0.967765992707988|0.9682696801458399|0.9686609214451442
0.9678239973483593|0.968298558170367|0.968677494199536
0.967840570102751|0.9683069274113358|0.9686857805767318
0.967840570102751|0.9683271461716941|0.9686940669539278
0.9677577063307922|0.9683435946304272|0.9687852171030825
0.9677577063307922|0.9683603331123632|0.9688017898574743
0.9679068611203182|0.9683905783891291|0.9688432217434537
0.9678985747431224|0.9684054524361946|0.968826648989062
0.9678654292343387|0.9684254640371234|0.968826648989062
0.9679317202519059|0.9684364434869075|0.9688763672522374
0.9680311567782566|0.9684758452104737|0.9688680808750414
0.9679897248922771|0.9684891034139866|0.9688597944978455
0.9679482930062977|0.9685128853165388|0.9688349353662579
0.9678985747431224|0.9685332698044415|0.9689095127610209
0.9679897248922771|0.968549676831289|0.9688846536294332
0.9680311567782566|0.9685615677825647|0.9688846536294332
0.9680643022870401|0.9685817036791513|0.9689426582698044
0.9679897248922771|0.9685776847862115|0.968975803778588
0.9680808750414319|0.9685961219754725|0.9690586675505469
0.9679648657606894|0.9686143520053033|0.9690752403049386
0.9681637388133908|0.9686539194564133|0.9690669539277428
0.968221743453762|0.9686557424593967|0.9690918130593305
0.9681885979449785|0.9686723152137879|0.969124958568114
0.968147166058999|0.968694274113358|0.9690586675505469
0.9682383162081538|0.9687344630427575|0.9691498176997017
0.9681305933046073|0.9687278339410011|0.969124958568114
0.9680808750414319|0.9687475140868416|0.9690752403049386
0.9682134570765661|0.9687654540934697|0.969050381173351
0.9680062976466689|0.9687829383493545|0.96913324494531
0.968296320848525|0.9688150480609887|0.9691663904540935
0.9681305933046073|0.9688226715280078|0.969199535962877
0.9683874709976799|0.9688330709313883|0.9691166721909181
0.9684703347696387|0.9688585515412665|0.9691663904540935
0.9685200530328141|0.9688765329797809|0.96927411335764
0.9684454756380511|0.9688825406032485|0.9692161087172688
0.9684537620152469|0.968891199867418|0.9693072588664235
0.9683211799801127|0.9688967103082531|0.9693072588664235
0.9684123301292675|0.9689053281405369|0.9693238316208154
0.9684289028836592|0.9689074411667217|0.9693818362611866
0.9684206165064634|0.9689366092144515|0.9692906861120318
0.9684454756380511|0.9689566622472653|0.96927411335764
0.9684454756380511|0.968954880676168|0.9693404043752072
0.9683543254888962|0.9689748922770961|0.9693652635067949
0.9683294663573085|0.9689878190255221|0.969348690752403
0.9684454756380511|0.9690018230029834|0.9693735498839907
0.9684371892608552|0.9690055104408347|0.9694149817699702
0.9684454756380511|0.9690081206496527|0.9693321179980112
0.9684951939012264|0.9690256877693073|0.9693404043752072
0.9683957573748757|0.9690420533642693|0.9694066953927742
0.9684786211468346|0.9690425091150145|0.9693901226383825
0.9686112031819688|0.9690621892608552|0.9693901226383825
0.9687106397083195|0.96909624627113|0.9693984090155784
0.9687686443486907|0.9690965362943321|0.9693735498839907
0.9685200530328141|0.9691090901557838|0.9694232681471661
0.9686194895591648|0.9691139791183291|0.9695227046735168
0.9686360623135565|0.9691207325157446|0.9695641365594961
0.9686360623135565|0.9691168379184617|0.9695061319191249
0.9686857805767318|0.969117832283725|0.9695227046735168
0.9686112031819688|0.9691363109048733|0.9695227046735168
0.968677494199536|0.9691421528007957|0.9696138548226715
0.9686940669539278|0.9691648574743119|0.9696138548226715
0.9685283394100099|0.969189592310242|0.9696801458402386
0.9686194895591648|0.9692110954590654|0.9697630096121975
0.9685449121644018|0.9692262595293338|0.9695972820682798
0.9686194895591648|0.9692410507126284|0.9695972820682798
0.9688680808750414|0.9692596950613194|0.9695144182963209
0.9686609214451442|0.9692628024527675|0.9695972820682798
0.9688929400066291|0.9692737404706665|0.9696387139542592
0.968901226383825|0.9693079632084856|0.969580709313888
0.9689675174013921|0.9693295077891946|0.9696138548226715
0.9689592310241962|0.9693491050712626|0.9695972820682798
0.9687437852171031|0.9693553612860464|0.9696221411998674
0.9689923765329798|0.9693702767649987|0.9696387139542592
0.9689426582698044|0.9693640205502154|0.9697712959893935
0.9689343718926086|0.9693752071594303|0.9696967185946305
0.9688846536294332|0.9693916970500499|0.9697712959893935
0.9690669539277428|0.969415603248259|0.969796155120981
0.9690835266821346|0.9694341233012923|0.969729864103414
0.968818362611866|0.969458568114021|0.9698955916473317
0.9690255220417633|0.9694884405038112|0.9699038780245277
0.9689675174013921|0.9694856645674512|0.9700033145508784
0.9689426582698044|0.9695156612528999|0.9699867417964866
0.9690172356645674|0.9695471909181305|0.9699701690420948
0.9689095127610209|0.9695474809413319|0.9700281736824661
0.96913324494531|0.9695512098110705|0.9699370235333112
0.9691083858137223|0.969574204507789|0.9701193238316208
0.969050381173351|0.9695974892277093|0.9700696055684455
0.96913324494531|0.9696049055353001|0.9700364600596619
0.96913324494531|0.9696281073914476|0.9700530328140538
0.9691498176997017|0.9696440586675501|0.9700861783228373
0.9690918130593305|0.969670906529665|0.9700861783228373
0.9691415313225058|0.9696877278753727|0.9700861783228373
0.96927411335764|0.9697336344050383|0.970177328471992
0.9692492542260523|0.9697520301624132|0.9702767649983427
0.9692326814716606|0.969766365594963|0.9702933377527345
0.9691498176997017|0.9698015412661586|0.9701524693404043
0.9693901226383825|0.969824121644017|0.970185614849188
0.96927411335764|0.9698324494530994|0.9702187603579715
0.9692575406032483|0.9698341067285382|0.970251905866755
0.9692575406032483|0.9698480278422275|0.9702021876035797
0.9692575406032483|0.969865387802453|0.970260192243951
0.9692823997348359|0.9698906198210144|0.9704010606562811
0.9693569771295989|0.9699050795492213|0.9703679151474975
0.9694398409015579|0.9699208650977791|0.970251905866755
0.9694895591647332|0.9699235996022537|0.9704673516738482
0.9694481272787537|0.9699489144845874|0.9703844879018892
0.9694812727875373|0.9699787868743783|0.9703596287703016
0.9696138548226715|0.9699833858137223|0.9703844879018892
0.9695227046735168|0.9699813142194235|0.9703762015246934
0.9694895591647332|0.969980195558502|0.9703513423931057
0.9694978455419291|0.9699828471992045|0.9704093470334769
0.9692575406032483|0.9700114766324163|0.9703927742790852
0.9693818362611866|0.9700186443486909|0.9704673516738482
0.9694564136559496|0.9700357142857148|0.9705087835598276
0.9694812727875373|0.9700793420616505|0.9705004971826318
0.9695392774279085|0.9701125290023203|0.9704756380510441
0.9696635730858468|0.9701332863771956|0.9704756380510441
0.9696138548226715|0.970135855154127|0.9705336426914153
0.9696884322174345|0.9701541680477292|0.9704839244282399
0.9696221411998674|0.9701543337752725|0.9705419290686113
0.9696221411998674|0.9701599270798805|0.9705750745773948
0.9692409678488565|0.9701563639376863|0.9705502154458071
0.9696967185946305|0.9701932797480947|0.9705170699370236
0.9697132913490222|0.970211219754723|0.9705170699370236
0.9697464368578058|0.9702180560159099|0.9705419290686113
0.9697878687437852|0.9702343801789859|0.9705502154458071
0.9696967185946305|0.9702451939012261|0.9706496519721578
0.9696967185946305|0.970286252900233|0.970633079217766
0.9695972820682798|0.9702753977461056|0.970633079217766
0.9695972820682798|0.9702785465694393|0.9706579383493537
0.9696718594630428|0.9702968594630431|0.9706496519721578
0.9697712959893935|0.9703147994696719|0.9706745111037455
0.9696801458402386|0.9703149237653296|0.9706413655949618
