#graphName ./input/DataSets/le450_5a.g numNodes 450
#PopulationSize 200 genCount 500
#k 2 p 0.85 m 0.001
#bestIndividual: 200442034044433041104240134344242131210110411142444201244313241310033410423420141122211403412044332103300004211134401401402243312013122320332420324010324110241433043312403210303013023402044130044223210412213400202242013332412141222304111440413424321342400124220423144131014100200324040443331123234141133443243422311012043401040003332401321032032300203200113423341441303422144020002132234423112303144412340414410312212310142343410333441411434432334110
0.7845642282114106|0.7998354917745885|0.8123906195309766
0.787714385719286|0.8015794539726983|0.8146657332866644
0.788064403220161|0.8021202310115509|0.8160658032901645
0.7898144907245362|0.8021657332866645|0.8143157157857893
0.7912145607280364|0.8028753937696884|0.8136156807840392
0.7856142807140357|0.8038458172908642|0.8169408470423521
0.7912145607280364|0.8040059502975144|0.8165908295414771
0.7884144207210361|0.8037180609030443|0.8167658382919146
0.7885894294714736|0.8046911095554777|0.8141407070353518
0.7885894294714736|0.8052327616380817|0.8190409520476024
0.7898144907245362|0.8051636331816597|0.815540777038852
0.792089604480224|0.8053062653132654|0.8164158207910396
0.792089604480224|0.8054077703885189|0.8209660483024152
0.7927896394819741|0.8060693034651739|0.8206160308015401
0.7931396569828492|0.8062268113405672|0.8204410220511026
0.7899894994749738|0.8069417220861039|0.8193909695484775
0.7926146307315366|0.8074089954497728|0.8190409520476024
0.792089604480224|0.8078955197759887|0.8218410920546028
0.7962898144907246|0.8080687784389223|0.8249912495624782
0.7908645432271614|0.8083706685334263|0.8213160658032902
0.7936646832341617|0.8094845992299615|0.8192159607980399
0.7940147007350368|0.8090383269163459|0.8227161358067904
0.7934896744837242|0.8093918445922292|0.823591179558978
0.7938396919845992|0.8099072453622673|0.8228911445572279
0.7955897794889745|0.8098984949247465|0.8214910745537277
0.7976898844942247|0.8104856492824635|0.8209660483024152
0.7992649632481624|0.810717535876794|0.823591179558978
0.7989149457472874|0.8114219460973053|0.8244662233111656
0.7964648232411621|0.8122462373118658|0.8242912145607281
0.7996149807490375|0.812952397619881|0.8244662233111656
0.8006650332516626|0.8132997899894988|0.8232411620581029
0.7968148407420371|0.8139376968848444|0.8237661883094155
0.8003150157507876|0.8142553377668885|0.8267413370668534
0.7990899544977249|0.8147514875743791|0.8246412320616031
0.8055652782639132|0.8153193909695483|0.8272663633181659
0.8055652782639132|0.815751662583129|0.827616380819041
0.8011900595029752|0.8161463073153654|0.827616380819041
0.7973398669933497|0.8163204410220513|0.8281414070703536
0.8050402520126007|0.8167658382919146|0.8281414070703536
0.8050402520126007|0.8172768638431924|0.827616380819041
0.8059152957647883|0.8173941197059853|0.8290164508225412
0.8071403570178509|0.8179637731886598|0.8283164158207911
0.8085404270213511|0.8183400420021004|0.8283164158207911
0.8083654182709136|0.8187110605530276|0.8290164508225412
0.8092404620231012|0.8198932446622332|0.8290164508225412
0.8101155057752888|0.820125131256563|0.8337416870843543
0.807840392019601|0.8204410220511025|0.8349667483374169
0.807490374518726|0.821253062653133|0.8349667483374169
0.8113405670283514|0.822296114805741|0.8354917745887295
0.8073153657682884|0.8228158907945405|0.8351417570878544
0.8059152957647883|0.8234117955897802|0.8339166958347918
0.8097654882744137|0.8240164508225414|0.8349667483374169
0.815540777038852|0.8242334616730831|0.835316765838292
0.8125656282814141|0.8247917395869796|0.8340917045852293
0.8125656282814141|0.8253097654882747|0.8361918095904796
0.8141407070353518|0.8261681834091705|0.8367168358417921
0.8046902345117256|0.8264805740287019|0.8375918795939797
0.8043402170108506|0.8270957297864895|0.8375918795939797
0.8169408470423521|0.82759975498775|0.8375918795939797
0.8202660133006651|0.8282927896394818|0.8391669583479174
0.8176408820441022|0.828582429121456|0.8388169408470424
0.8172908645432272|0.8298984949247469|0.8402170108505426
0.8193909695484775|0.8298013650682537|0.839341967098355
0.8190409520476024|0.8299518725936297|0.8386419320966049
0.8207910395519776|0.8308864193209661|0.8412670633531677
0.8230661533076654|0.831694084704235|0.8403920196009801
0.8232411620581029|0.8317728386419322|0.8398669933496675
0.8227161358067904|0.8325411270563525|0.8405670283514176
0.8244662233111656|0.8329908995449764|0.8424921246062304
0.8214910745537277|0.8331046552327618|0.8423171158557928
0.8214910745537277|0.8337136856842835|0.8409170458522927
0.8216660833041652|0.8341958347917402|0.8412670633531677
0.8214910745537277|0.8350376268813439|0.8417920896044803
0.8272663633181659|0.8356457822891145|0.8459922996149808
0.8256912845642282|0.8358312915645781|0.8435421771088555
0.8251662583129157|0.8362793139656982|0.8442422121106056
0.8270913545677284|0.8368139656982856|0.8435421771088555
0.8302415120756038|0.8370493524676235|0.8445922296114806
0.8295414770738537|0.8372156107805395|0.8452922646132307
0.8290164508225412|0.83750787539377|0.8447672383619181
0.8314665733286665|0.8381580329016448|0.8447672383619181
0.8302415120756038|0.8386629331466576|0.8463423171158558
0.8298914945747288|0.8393192159607981|0.8456422821141057
0.8314665733286665|0.8397891144557222|0.8475673783689185
0.8325166258312916|0.8406702835141759|0.848092404620231
0.8309415470773539|0.8409905495274763|0.847742387119356
0.8332166608330417|0.8415680784039204|0.8491424571228562
0.8326916345817291|0.8419329716485824|0.8493174658732937
0.8332166608330417|0.8420913545677289|0.8494924746237312
0.8330416520826042|0.8425393769688487|0.8489674483724187
0.831991599579979|0.8427073853692688|0.8515925796289815
0.8337416870843543|0.8433592929646484|0.8503675183759188
0.8332166608330417|0.843738186909345|0.8515925796289815
0.8379418970948548|0.8442894644732238|0.8503675183759188
0.835666783339167|0.8445948547427369|0.8503675183759188
0.8344417220861043|0.8448389919495973|0.8505425271263564
0.8361918095904796|0.8450078753937695|0.851417570878544
0.8351417570878544|0.845367518375919|0.8507175358767939
0.8349667483374169|0.8456230311515576|0.8533426671333567
0.8391669583479174|0.8463458172908647|0.8526426321316066
0.8391669583479174|0.8467702135106759|0.8538676933846693
0.8402170108505426|0.8473302415120757|0.8549177458872944
0.8405670283514176|0.847633881694085|0.8536926846342318
0.8395169758487925|0.8483522926146299|0.855792789639482
0.8431921596079804|0.848998074903745|0.8561428071403571
0.8430171508575429|0.8493612180609031|0.8556177808890445
0.8431921596079804|0.849980749037452|0.8563178158907946
0.8414420721036052|0.8503438921946104|0.8564928246412321
0.8410920546027302|0.8505364018200907|0.8552677633881695
0.8416170808540427|0.8508444172208602|0.8564928246412321
0.8456422821141057|0.8513186909345472|0.8559677983899195
0.8459922996149808|0.8514324466223319|0.8571928596429822
0.8456422821141057|0.851678333916696|0.8580679033951698
0.8459922996149808|0.8521359817990904|0.8585929296464824
0.8463423171158558|0.8524518725936303|0.8577178858942948
0.8470423521176059|0.8527283864193211|0.8580679033951698
0.847392369618481|0.8529331466573329|0.8589429471473574
0.8470423521176059|0.8532674133706685|0.8587679383969199
0.8472173608680434|0.8536611830591531|0.8584179208960449
0.8479173958697935|0.8538554427721384|0.8582429121456073
0.8494924746237312|0.8543069653482677|0.85946797339867
0.8484424221211061|0.8543507175358778|0.85946797339867
0.8484424221211061|0.8546981099054952|0.8599929996499825
0.8486174308715436|0.854861743087153|0.8599929996499825
0.8501925096254813|0.8549046202310119|0.8603430171508576
0.8484424221211061|0.8552896394819743|0.8596429821491075
0.8501925096254813|0.8557437871893596|0.8613930696534827
0.8501925096254813|0.8557656632831648|0.8608680434021702
0.8501925096254813|0.8560360518025898|0.8620931046552328
0.8496674833741688|0.8564149457472868|0.8620931046552328
0.8498424921246063|0.8568515925796295|0.8629681484074204
0.8522926146307316|0.857229611480574|0.8619180959047953
0.851767588379419|0.8574378718935948|0.8624431221561079
0.8535176758837942|0.8577870143507168|0.8624431221561079
0.8533426671333567|0.8578246412320616|0.8620931046552328
0.8524676233811691|0.8580005250262515|0.8624431221561079
0.8524676233811691|0.8584345467273364|0.863843192159608
0.8542177108855443|0.8587128106405324|0.863843192159608
0.8540427021351068|0.8590435771788592|0.8633181659082955
0.8535176758837942|0.8592308365418267|0.8631431571578579
0.8538676933846693|0.8594434721736093|0.8640182009100456
0.8529926496324817|0.8596674833741688|0.8659432971648583
0.8543927196359818|0.8601338816940851|0.8648932446622332
0.8550927546377319|0.860428771438572|0.8650682534126707
0.8543927196359818|0.8608242912145608|0.8655932796639833
0.8559677983899195|0.8611953097654884|0.8655932796639833
0.8571928596429822|0.8614096954847745|0.8654182709135457
0.8573678683934197|0.8615785789289464|0.8666433321666084
0.8577178858942948|0.8619758487924396|0.8661183059152958
0.8582429121456073|0.8622471123556181|0.8669933496674834
0.8585929296464824|0.8624413720686037|0.8664683234161709
0.8573678683934197|0.8626461323066152|0.8662933146657333
0.8578928946447323|0.8627021351067553|0.8661183059152958
0.8580679033951698|0.8629777738886939|0.8662933146657333
0.8577178858942948|0.8633225411270564|0.8669933496674834
0.8587679383969199|0.8633277913895698|0.8669933496674834
0.8582429121456073|0.8633986699334959|0.8666433321666084
0.8582429121456073|0.8637250612530625|0.8666433321666084
0.8587679383969199|0.8638895694784731|0.8682184109205461
0.8589429471473574|0.8638869443472166|0.8682184109205461
0.8580679033951698|0.8642842142107107|0.8676933846692335
0.8591179558977949|0.8646333566678338|0.8697934896744838
0.85946797339867|0.8648328666433318|0.8704935246762339
0.8596429821491075|0.8651522576128802|0.8706685334266714
0.8585929296464824|0.8653937696884839|0.8703185159257963
0.8619180959047953|0.8658032901645077|0.8697934896744838
0.8617430871543578|0.8662093104655232|0.8696184809240463
0.8617430871543578|0.8663930696534831|0.8701435071753588
0.8612180609030452|0.8665838291914599|0.871193559677984
0.8622681134056703|0.8668542177108854|0.8704935246762339
0.8622681134056703|0.8669950997549877|0.8708435421771089
0.8620931046552328|0.867374868743437|0.8717185859292965
0.8631431571578579|0.8677047602380119|0.8722436121806091
0.8631431571578579|0.8678001400070008|0.8717185859292965
0.8640182009100456|0.8680241512075609|0.871893594679734
0.8640182009100456|0.8684634231711584|0.871543577178859
0.8652432621631082|0.8687276863843194|0.8717185859292965
0.8648932446622332|0.8687985649282463|0.8729436471823592
0.8641932096604831|0.8689735736786837|0.8720686034301716
0.8640182009100456|0.8691932096604837|0.8731186559327967
0.8643682184109206|0.8694670983549178|0.8729436471823592
0.8643682184109206|0.8697654882744134|0.8731186559327967
0.8645432271613581|0.8699877493874695|0.8732936646832342
0.8647182359117956|0.8703351417570879|0.8738186909345468
0.8655932796639833|0.8703797689884496|0.8731186559327967
0.8647182359117956|0.8704978998949953|0.8739936996849843
0.8631431571578579|0.8706676583829192|0.8741687084354218
0.8641932096604831|0.8708487924396215|0.8745187259362969
0.8659432971648583|0.8711086804340215|0.8748687434371719
0.8664683234161709|0.8713466923346169|0.8746937346867344
0.8664683234161709|0.8714595729786491|0.8745187259362969
0.8655932796639833|0.8716853342667134|0.8753937696884844
0.8661183059152958|0.871774588729436|0.8748687434371719
0.867518375918796|0.8719259712985651|0.8759187959397969
0.8682184109205461|0.8721307315365766|0.8752187609380468
0.867168358417921|0.8721578578928947|0.8755687784389219
0.8680434021701086|0.8724728736436822|0.8759187959397969
0.8676933846692335|0.8727056352817645|0.8759187959397969
0.8685684284214211|0.8729051452572637|0.876268813440672
0.8680434021701086|0.8731414070703535|0.876268813440672
0.8680434021701086|0.8733041652082604|0.876268813440672
0.8696184809240463|0.8736139306965347|0.876618830941547
0.8701435071753588|0.8738081904095207|0.8767938396919845
0.8694434721736087|0.8738099404970247|0.8769688484424221
0.8697934896744838|0.8739928246412326|0.8773188659432971
0.8704935246762339|0.8742343367168363|0.8771438571928596
0.8713685684284215|0.8744434721736087|0.8773188659432971
0.8710185509275464|0.8744487224361214|0.8778438921946097
0.8699684984249213|0.8746071053552679|0.8774938746937346
0.8697934896744838|0.8745073503675183|0.8781939096954847
0.8701435071753588|0.8749474973748691|0.8785439271963598
0.8685684284214211|0.874938746937347|0.8785439271963598
0.871893594679734|0.875301015050753|0.8797689884494224
0.8717185859292965|0.8755486524326216|0.8797689884494224
0.8710185509275464|0.8758146657332866|0.8797689884494224
0.871543577178859|0.8760159257962902|0.8797689884494224
0.8722436121806091|0.8760990549527474|0.8790689534476723
0.871193559677984|0.8763545677283874|0.8788939446972348
0.8734686734336717|0.8765847042352118|0.8792439621981099
0.8725936296814841|0.8767457122856147|0.8790689534476723
0.8725936296814841|0.876902345117256|0.8794189709485474
0.8727686384319217|0.8771569828491422|0.8801190059502975
0.8741687084354218|0.8772768638431918|0.8799439971998599
0.8731186559327967|0.877322366118306|0.8808190409520475
0.871893594679734|0.8773179908995451|0.8797689884494224
0.8731186559327967|0.8774833741687077|0.8797689884494224
0.8736436821841093|0.8776155057752888|0.8804690234511725
0.8732936646832342|0.877797514875744|0.8813440672033601
0.8746937346867344|0.8779278963948197|0.8813440672033601
0.8743437171858593|0.8780609030451515|0.8813440672033601
0.8738186909345468|0.8781501575078744|0.88064403220161
0.8752187609380468|0.8783531676583827|0.8815190759537976
0.8750437521876093|0.8785316765838285|0.8811690584529226
0.8753937696884844|0.8787705635281766|0.8813440672033601
0.8741687084354218|0.8788808190409518|0.8813440672033601
0.8736436821841093|0.8789105705285257|0.8820441022051102
0.8755687784389219|0.8791940847042344|0.8820441022051102
0.8746937346867344|0.8794259712985648|0.8823941197059852
0.8759187959397969|0.8796736086804343|0.8820441022051102
0.8748687434371719|0.8795896044802233|0.8818690934546727
0.8743437171858593|0.8797156107805391|0.8818690934546727
0.8748687434371719|0.8797199859993003|0.8822191109555477
0.8753937696884844|0.8799553727686379|0.8825691284564228
0.8773188659432971|0.8800708785439275|0.8829191459572978
0.8769688484424221|0.8801400070003506|0.8822191109555477
0.876618830941547|0.8801977598879951|0.8830941547077353
0.8764438221911095|0.880275638781939|0.8830941547077353
0.876268813440672|0.8804305215260766|0.8832691634581729
0.8769688484424221|0.8805302765138255|0.8829191459572978
0.8767938396919845|0.8804576478823941|0.8836191809590479
0.8769688484424221|0.8805372768638431|0.8836191809590479
0.876618830941547|0.8806562828141409|0.8834441722086104
0.8759187959397969|0.8808575428771439|0.8834441722086104
0.876618830941547|0.8809065453272664|0.8837941897094854
0.8774938746937346|0.8810360518025898|0.8837941897094854
0.876268813440672|0.8810736786839339|0.8834441722086104
0.8767938396919845|0.8812399369968502|0.8837941897094854
0.8771438571928596|0.8813396919845994|0.8850192509625481
0.8769688484424221|0.8814884494224713|0.8844942247112355
0.8773188659432971|0.8817037101855092|0.8848442422121106
0.876268813440672|0.8818542177108857|0.8851942597129856
0.8769688484424221|0.8819277213860697|0.884669233461673
0.8776688834441722|0.8821333566678328|0.8855442772138606
0.8776688834441722|0.8822611130556531|0.8855442772138606
0.8776688834441722|0.8823844942247111|0.8855442772138606
0.8771438571928596|0.8826190059502979|0.8853692684634231
0.8780189009450472|0.8827441372068605|0.8853692684634231
0.8788939446972348|0.8830267763388171|0.8857192859642982
0.8792439621981099|0.8831230311515575|0.8855442772138606
0.880294014700735|0.8833601680084001|0.8857192859642982
0.88064403220161|0.8836375568778441|0.8864193209660483
0.8799439971998599|0.8837775638781941|0.8864193209660483
0.880294014700735|0.8839411970598536|0.8864193209660483
0.8804690234511725|0.8841118305915294|0.8864193209660483
0.8792439621981099|0.8840987049352464|0.8864193209660483
0.8797689884494224|0.8842124606230313|0.8864193209660483
0.8797689884494224|0.8842387119355967|0.8871193559677983
0.8787189359467973|0.8844207210360522|0.8869443472173608
0.8774938746937346|0.8844102205110258|0.8874693734686734
0.8785439271963598|0.8846246062303114|0.8874693734686734
0.880294014700735|0.8848241162058101|0.8874693734686734
0.88064403220161|0.8850245012250607|0.8872943647182359
0.88064403220161|0.8851382569128454|0.8876443822191109
0.8801190059502975|0.8852117605880285|0.8876443822191109
0.8825691284564228|0.8854340217010847|0.888344417220861
0.880294014700735|0.8854585229261466|0.888344417220861
0.8815190759537976|0.8856282814140694|0.887994399719986
0.8815190759537976|0.8856982849142453|0.8885194259712985
0.880294014700735|0.8857892894644729|0.888694434721736
0.8808190409520475|0.8858864193209658|0.8881694084704235
0.8815190759537976|0.8858960448022395|0.888694434721736
0.8815190759537976|0.8860098004900238|0.8890444522226111
0.8820441022051102|0.886190934546727|0.8888694434721736
0.8825691284564228|0.8863965698284904|0.8892194609730486
0.8829191459572978|0.8865759537976892|0.8892194609730486
0.8818690934546727|0.8867535876793842|0.8897444872243612
0.8825691284564228|0.8868559677983896|0.8893944697234861
0.8837941897094854|0.887025726286314|0.8897444872243612
0.8836191809590479|0.8870572278613923|0.8897444872243612
0.8832691634581729|0.8872444872243611|0.8892194609730486
0.8827441372068603|0.8872882394119702|0.8900945047252362
0.8832691634581729|0.8872261113055646|0.8899194959747987
0.8823941197059852|0.8873083654182703|0.8902695134756737
0.8836191809590479|0.8874772488624432|0.8899194959747987
0.8837941897094854|0.8877012600630034|0.8900945047252362
0.8837941897094854|0.8877703885194262|0.8899194959747987
0.8834441722086104|0.8878911445572277|0.8902695134756737
0.8841442072103605|0.8879996499824994|0.8902695134756737
0.8834441722086104|0.8880215260763039|0.8904445222261113
0.884669233461673|0.8882726636331814|0.8909695484774238
0.884669233461673|0.8883059152957655|0.8913195659782989
0.8848442422121106|0.8883592929646481|0.8911445572278613
0.8853692684634231|0.8882700385019249|0.8918445922296114
0.883969198459923|0.8883785439271957|0.8914945747287364
0.884669233461673|0.888493174658733|0.8914945747287364
0.8857192859642982|0.8888011900595026|0.8913195659782989
0.8860693034651732|0.8889411970598537|0.8913195659782989
0.8853692684634231|0.8890313265663287|0.8913195659782989
0.8850192509625481|0.889214210710536|0.8914945747287364
0.8857192859642982|0.8893515925796288|0.8914945747287364
0.8862443122156107|0.88941197059853|0.8913195659782989
0.8864193209660483|0.8895729786489325|0.8918445922296114
0.8864193209660483|0.8896736086804344|0.892019600980049
0.8857192859642982|0.8897112355617786|0.8918445922296114
0.8853692684634231|0.889594854742737|0.892019600980049
0.8853692684634231|0.8897208610430521|0.8921946097304865
0.8860693034651732|0.8897882394119716|0.8921946097304865
0.8865943297164858|0.8898949947497374|0.892019600980049
0.8869443472173608|0.8898223661183056|0.892019600980049
0.8858942947147357|0.8898354917745892|0.892369618480924
0.8858942947147357|0.8900892544627235|0.8928946447322366
0.8867693384669233|0.89022751137557|0.8925446272313615
0.8867693384669233|0.8902738886944345|0.8925446272313615
0.8858942947147357|0.890349142457123|0.8925446272313615
0.8867693384669233|0.8904086454322716|0.8934196709835491
0.8862443122156107|0.8904882744137214|0.892719635981799
0.8865943297164858|0.8906589079453983|0.8928946447322366
0.8857192859642982|0.8907052852642642|0.8928946447322366
0.8864193209660483|0.8907796639831989|0.8928946447322366
0.8867693384669233|0.8908855442772142|0.8932446622331116
0.8878193909695484|0.8909660483024154|0.8932446622331116
0.8872943647182359|0.8910299264963253|0.8932446622331116
0.8865943297164858|0.8910955547777394|0.8934196709835491
0.8865943297164858|0.8911113055652783|0.8932446622331116
0.8867693384669233|0.891156807840392|0.8934196709835491
0.8876443822191109|0.8911261813090657|0.8934196709835491
0.8871193559677983|0.8911498074903743|0.8935946797339867
0.8867693384669233|0.8911349317465874|0.8934196709835491
0.8865943297164858|0.8911331816590831|0.8937696884844242
0.887994399719986|0.8913633181659085|0.8937696884844242
0.8876443822191109|0.8913213160658034|0.8932446622331116
0.8881694084704235|0.8913204410220508|0.8935946797339867
0.8878193909695484|0.8913860693034653|0.8935946797339867
0.887994399719986|0.8913948197409869|0.8946447322366118
0.8871193559677983|0.8914840742037103|0.8946447322366118
0.8876443822191109|0.8915050752537629|0.8939446972348617
0.8871193559677983|0.8917299614980746|0.8941197059852992
0.888344417220861|0.8918393419670975|0.8935946797339867
0.8890444522226111|0.8920651032551622|0.8937696884844242
0.8888694434721736|0.8919670983549176|0.8939446972348617
0.887994399719986|0.8920502275113761|0.8942947147357367
0.8878193909695484|0.8920082254112702|0.8948197409870493
0.8888694434721736|0.8921429821491068|0.8942947147357367
0.8878193909695484|0.8923486174308699|0.8942947147357367
0.8892194609730486|0.8924002450122507|0.8944697234861743
0.8888694434721736|0.8925455022751133|0.8946447322366118
0.8892194609730486|0.892697759887994|0.8949947497374868
0.888344417220861|0.892711760588029|0.8948197409870493
0.8881694084704235|0.8927817640882043|0.8949947497374868
0.8897444872243612|0.8929313965698273|0.8948197409870493
0.8899194959747987|0.8930337766888335|0.8953447672383619
0.8892194609730486|0.8931597829891481|0.8955197759887994
0.8906195309765488|0.8933041652082597|0.8953447672383619
0.8907945397269863|0.8934179208960447|0.8953447672383619
0.8895694784739236|0.8934791739586978|0.8955197759887994
0.8902695134756737|0.8935220511025548|0.8955197759887994
0.8904445222261113|0.8936585579278957|0.8958697934896744
0.8904445222261113|0.8937084354217707|0.8958697934896744
0.8909695484774238|0.8937845642282107|0.896044802240112
0.8907945397269863|0.8937653132656627|0.8962198109905495
0.8895694784739236|0.8938615680784036|0.8958697934896744
0.8897444872243612|0.8939403220161003|0.8969198459922996
0.8899194959747987|0.8939464473223663|0.8969198459922996
0.8881694084704235|0.8940654532726636|0.8965698284914245
0.8902695134756737|0.8940225761288054|0.896044802240112
0.8892194609730486|0.8942185859292957|0.8965698284914245
0.8892194609730486|0.8940943297164854|0.896744837241862
0.8902695134756737|0.8942824641232057|0.896394819740987
0.8902695134756737|0.8944058452922647|0.896744837241862
0.8906195309765488|0.8944583479173953|0.896394819740987
0.8914945747287364|0.8944714735736783|0.896394819740987
0.8913195659782989|0.894514350717536|0.896394819740987
0.8911445572278613|0.8946324816240808|0.8965698284914245
0.8909695484774238|0.8947164858242914|0.896394819740987
0.8906195309765488|0.8947086104305209|0.8969198459922996
0.8897444872243612|0.8947864893244657|0.8970948547427371
0.8914945747287364|0.8948774938746936|0.8970948547427371
0.8904445222261113|0.8949746237311864|0.8983199159957997
0.8914945747287364|0.8950656282814138|0.8979698984949247
0.8918445922296114|0.8951557577878895|0.8976198809940497
0.8914945747287364|0.8952773888694435|0.8972698634931746
0.8918445922296114|0.895233636681834|0.8976198809940497
0.8907945397269863|0.8952695134756747|0.8976198809940497
0.8909695484774238|0.8953150157507873|0.8976198809940497
0.8921946097304865|0.895357017850893|0.8977948897444872
0.8906195309765488|0.8953430171508582|0.8974448722436121
0.8916695834791739|0.8954086454322717|0.8979698984949247
0.8928946447322366|0.8955381519075943|0.8976198809940497
0.892719635981799|0.8956020301015049|0.8976198809940497
0.8928946447322366|0.8956650332516624|0.8979698984949247
0.8925446272313615|0.8956615330766543|0.8984949247462373
0.8925446272313615|0.8957131606580332|0.8986699334966748
0.8921946097304865|0.8957166608330418|0.8977948897444872
0.892369618480924|0.8958391669583484|0.8977948897444872
0.892369618480924|0.8958584179208959|0.8983199159957997
0.8925446272313615|0.8959021701085057|0.8979698984949247
0.8921946097304865|0.8960789289464466|0.8988449422471123
0.8890444522226111|0.8961760588029403|0.8988449422471123
0.8918445922296114|0.8962898144907243|0.8988449422471123
0.892369618480924|0.8962303115155755|0.8988449422471123
0.8928946447322366|0.8963029401470078|0.8984949247462373
0.8932446622331116|0.8964840742037107|0.8984949247462373
0.8904445222261113|0.8965908295414767|0.8986699334966748
0.8914945747287364|0.8965960798039903|0.8986699334966748
0.892719635981799|0.8967054602730141|0.8988449422471123
0.892369618480924|0.8967973398669935|0.8988449422471123
0.892019600980049|0.8970231011550578|0.8988449422471123
0.8930696534826741|0.8971604830241509|0.8991949597479874
0.8939446972348617|0.8972278613930702|0.8993699684984249
0.8928946447322366|0.8970773538676934|0.8995449772488624
0.8921946097304865|0.8970047252362621|0.8991949597479874
0.8911445572278613|0.8971246062303118|0.8990199509975498
0.8914945747287364|0.8972278613930701|0.8990199509975498
0.8893944697234861|0.8973433671683583|0.8990199509975498
0.8935946797339867|0.8973486174308715|0.8993699684984249
0.8942947147357367|0.8974168708435428|0.8995449772488624
0.8935946797339867|0.8973783689184461|0.8997199859992999
0.8944697234861743|0.8975560028001398|0.8993699684984249
0.8935946797339867|0.8975236261813092|0.8993699684984249
0.8944697234861743|0.8975446272313624|0.8995449772488624
0.8939446972348617|0.8975568778438923|0.8995449772488624
0.8946447322366118|0.8975945047252363|0.8995449772488624
0.8951697584879243|0.8977808890444529|0.8995449772488624
0.8932446622331116|0.8977117605880299|0.8997199859992999
0.8930696534826741|0.8977668883444179|0.8998949947497374
0.8944697234861743|0.8977948897444874|0.8998949947497374
0.8935946797339867|0.8977983899194961|0.8998949947497374
0.8935946797339867|0.8978447672383625|0.8998949947497374
0.8932446622331116|0.8978832691634583|0.900070003500175
0.8941197059852992|0.8979777738886945|0.90042002100105
0.8930696534826741|0.898379418970948|0.90042002100105
0.8939446972348617|0.8983741687084358|0.9002450122506125
0.8942947147357367|0.898429296464823|0.9002450122506125
0.8942947147357367|0.8985176758837943|0.90042002100105
0.8946447322366118|0.8986218060903048|0.90042002100105
0.8948197409870493|0.8985693034651733|0.90042002100105
0.8941197059852992|0.8985019250962547|0.9005950297514875
0.8942947147357367|0.8986244312215608|0.900770038501925
0.8942947147357367|0.8988186909345467|0.9012950647532376
0.8953447672383619|0.8988510675533773|0.900770038501925
0.8953447672383619|0.8989219460973048|0.900770038501925
0.8956947847392369|0.8990715785789293|0.9011200560028001
0.8953447672383619|0.8991573328666432|0.9012950647532376
0.8942947147357367|0.8992518375918793|0.9011200560028001
0.8951697584879243|0.8992824641232058|0.9012950647532376
0.8958697934896744|0.899309590479524|0.9011200560028001
0.896394819740987|0.8993472173608688|0.9016450822541127
0.896044802240112|0.8993122156107803|0.9014700735036751
0.8941197059852992|0.8993997199859994|0.9016450822541127
0.8965698284914245|0.8994740987049354|0.9014700735036751
0.8962198109905495|0.8995108505425264|0.9016450822541127
0.8962198109905495|0.8996421071053546|0.9018200910045502
0.8953447672383619|0.899655232761638|0.9018200910045502
0.896394819740987|0.8998284914245704|0.9018200910045502
0.8956947847392369|0.8998564928246412|0.9026951347567378
0.8962198109905495|0.8999711235561771|0.9023451172558627
0.8965698284914245|0.9001872593629685|0.9023451172558627
0.8965698284914245|0.9001802590129505|0.9019950997549877
0.896394819740987|0.9003132656632827|0.9019950997549877
0.8969198459922996|0.9004550227511373|0.9021701085054252
0.8976198809940497|0.9005119005950291|0.9021701085054252
0.8956947847392369|0.9005512775638777|0.9021701085054252
0.8955197759887994|0.9005442772138602|0.9023451172558627
0.896044802240112|0.9005320266013294|0.9023451172558627
0.8976198809940497|0.9005880294014699|0.9026951347567378
0.8970948547427371|0.9006116555827783|0.9026951347567378
0.8942947147357367|0.9006536576828837|0.9026951347567378
0.8977948897444872|0.900823416170808|0.9030451522576128
0.8969198459922996|0.9009030451522569|0.9026951347567378
0.8977948897444872|0.9008417920896037|0.9028701435071753
0.8969198459922996|0.9009109205460273|0.9030451522576128
0.8969198459922996|0.9009179208960447|0.9032201610080504
0.8969198459922996|0.9009485474273711|0.9030451522576128
0.896394819740987|0.9009739236961846|0.9030451522576128
0.8969198459922996|0.9011681834091704|0.9033951697584879
0.8976198809940497|0.9010649282464128|0.9033951697584879
0.8969198459922996|0.9012469373468673|0.9035701785089254
0.8977948897444872|0.9013869443472167|0.9037451872593629
0.8976198809940497|0.9014149457472874|0.9039201960098004
0.8972698634931746|0.9015260763038146|0.9035701785089254
