#graphName ./input/DataSets/le450_5a.g numNodes 450
#PopulationSize 200 genCount 500
#k 2 p 0.85 m 0.001
#bestIndividual: 322322401330143442424220344031342123124213434142224000111000313412001043222441402110302322310421221231111210400322310434332233312111213402314314231334303033042414114434130012320042200340104311212131443443113434011440413441143142030312214332010320433443222232131002304423120102433312202413340041232431102134340302133304410403241112143144032031130343332112334234101433334404341141201313424030321323431003304420242013443031100014221111324104041244304420
0.7847392369618481|0.8002310115505773|0.811515575778789
0.788064403220161|0.8012023101155057|0.8125656282814141
0.7885894294714736|0.8023092404620233|0.8137906895344768
0.7903395169758488|0.8029663983199162|0.8148407420371019
0.7857892894644732|0.8028001400070006|0.8148407420371019
0.7882394119705985|0.8036541827091348|0.815540777038852
0.7884144207210361|0.8039674483724188|0.819565978298915
0.7903395169758488|0.8045729786489326|0.8179908995449773
0.7875393769688485|0.8045502275113752|0.8165908295414771
0.7873643682184109|0.804430346517326|0.815890794539727
0.7875393769688485|0.8053272663633176|0.8174658732936647
0.7891144557227862|0.8053438921946099|0.8202660133006651
0.7891144557227862|0.805868918445922|0.8137906895344768
0.7931396569828492|0.8057796639831994|0.8169408470423521
0.7948897444872244|0.8057787889394465|0.8174658732936647
0.7910395519775989|0.805877668883444|0.8169408470423521
0.7878893944697235|0.8062259362968149|0.8185159257962898
0.7950647532376619|0.8066678333916698|0.8178158907945398
0.7933146657332867|0.8072838641932099|0.8181659082954148
0.7940147007350368|0.8075201260063009|0.8190409520476024
0.7938396919845992|0.8075183759187964|0.8193909695484775
0.7955897794889745|0.8077248862443122|0.8211410570528527
0.7945397269863493|0.8078438921946102|0.8188659432971649
0.7962898144907246|0.8078447672383622|0.8207910395519776
0.7952397619880994|0.8083750437521883|0.8214910745537277
0.7973398669933497|0.808686559327966|0.8193909695484775
0.7952397619880994|0.8090602030101506|0.8183409170458523
0.7913895694784739|0.8093323416170809|0.8179908995449773
0.7938396919845992|0.8090785789289464|0.8200910045502275
0.7992649632481624|0.8105232761638088|0.8202660133006651
0.7987399369968499|0.8109284214210709|0.8228911445572279
0.8004900245012251|0.811505950297515|0.8220161008050403
0.7985649282464123|0.8118454672733629|0.8269163458172909
0.8018900945047253|0.8128631431571581|0.8262163108155408
0.8024151207560378|0.8133242912145608|0.8272663633181659
0.8022401120056003|0.8132166608330418|0.8232411620581029
0.7969898494924746|0.8134336716835844|0.8246412320616031
0.8036401820091005|0.8141162058102906|0.8263913195659783
0.7987399369968499|0.814523101155058|0.8251662583129157
0.7982149107455373|0.8153351417570874|0.8251662583129157
0.8053902695134757|0.8159669233461667|0.8272663633181659
0.8048652432621631|0.8164061953097659|0.8274413720686035
0.8031151557577879|0.8161734336716836|0.8267413370668534
0.8059152957647883|0.8164481974098707|0.827616380819041
0.803465173258663|0.8170476023801189|0.8267413370668534
0.8052152607630382|0.8173914945747288|0.8262163108155408
0.8062653132656633|0.8177808890444518|0.8269163458172909
0.8064403220161008|0.8188790689534475|0.8283164158207911
0.8059152957647883|0.8197864893244666|0.8307665383269164
0.8076653832691635|0.8200507525376277|0.8314665733286665
0.8083654182709136|0.820354392719636|0.831641582079104
0.8102905145257263|0.8212495624781242|0.8340917045852293
0.811865593279664|0.8220493524676235|0.8335666783339167
0.8127406370318516|0.8225306265313266|0.8328666433321666
0.8109905495274764|0.8234056702835147|0.8333916695834792
0.8116905845292265|0.82399194959748|0.8328666433321666
0.8127406370318516|0.8243892194609724|0.8326916345817291
0.8113405670283514|0.8247261113055658|0.8332166608330417
0.8160658032901645|0.8255714035701789|0.8365418270913546
0.8176408820441022|0.8262854392719635|0.8377668883444173
0.8143157157857893|0.8274404970248507|0.8370668533426672
0.8172908645432272|0.8280311515575779|0.8374168708435422
0.8181659082954148|0.8288248162408121|0.8377668883444173
0.8183409170458523|0.8288624431221565|0.8363668183409171
0.8183409170458523|0.8293795939796982|0.8372418620931047
0.8164158207910396|0.8298521176058807|0.8382919145957298
0.8206160308015401|0.8302336366818346|0.8381169058452923
0.8209660483024152|0.8309021701085052|0.8388169408470424
0.8216660833041652|0.8311629331466577|0.8395169758487925
0.8220161008050403|0.831897094854743|0.8391669583479174
0.8241162058102905|0.8327178858942943|0.8403920196009801
0.8234161708085405|0.833295414770739|0.8402170108505426
0.8260413020651033|0.8336051802590125|0.8419670983549178
0.8256912845642282|0.8339604480224009|0.8428421421071054
0.8253412670633532|0.8341249562478125|0.8423171158557928
0.8262163108155408|0.834874868743437|0.8426671333566679
0.8281414070703536|0.835411270563528|0.8421421071053553
0.8260413020651033|0.835532026601331|0.8431921596079804
0.8272663633181659|0.8356965348267416|0.8428421421071054
0.8265663283164159|0.8361664333216656|0.843367168358418
0.8272663633181659|0.8367579628981447|0.843717185859293
0.8272663633181659|0.8371587329366467|0.8468673433671684
0.8297164858242912|0.8376610080504027|0.8472173608680434
0.8286664333216661|0.8379943997199862|0.8456422821141057
0.8309415470773539|0.8384905495274766|0.8461673083654183
0.8314665733286665|0.8388510675533783|0.8472173608680434
0.8297164858242912|0.8390129506475322|0.8459922996149808
0.8283164158207911|0.8394907245362262|0.8465173258662934
0.8270913545677284|0.8404042702135108|0.8465173258662934
0.831991599579979|0.8411996849842489|0.8493174658732937
0.8346167308365419|0.8417553377668884|0.8493174658732937
0.8344417220861043|0.8421692334616732|0.8493174658732937
0.8346167308365419|0.8423433671683581|0.8494924746237312
0.836016800840042|0.842699509975499|0.8498424921246063
0.8344417220861043|0.8430959047952394|0.8484424221211061
0.8346167308365419|0.8433715435771787|0.8493174658732937
0.8368918445922297|0.8439464473223662|0.8487924396219811
0.8381169058452923|0.844217710885544|0.8493174658732937
0.8381169058452923|0.8447094854742737|0.8493174658732937
0.8386419320966049|0.845206510325516|0.8496674833741688
0.8386419320966049|0.8454033951697584|0.8508925446272314
0.8405670283514176|0.8459004200210011|0.8521176058802941
0.840042002100105|0.8459931746587327|0.8519425971298565
0.8402170108505426|0.8463851942597127|0.8524676233811691
0.8395169758487925|0.8466380819040954|0.8521176058802941
0.8391669583479174|0.8468804690234514|0.8529926496324817
0.8389919495974799|0.8471604830241511|0.8543927196359818
0.83969198459923|0.8476277563878187|0.8550927546377319
0.8402170108505426|0.8478815190759534|0.8545677283864194
0.8407420371018551|0.8483496674833744|0.8538676933846693
0.8423171158557928|0.8488291914595731|0.8538676933846693
0.8426671333566679|0.8490899544977246|0.8540427021351068
0.8416170808540427|0.8493655932796637|0.8549177458872944
0.8419670983549178|0.8497199859993004|0.8545677283864194
0.8426671333566679|0.8500175008750438|0.8561428071403571
0.8428421421071054|0.8503631431571583|0.8573678683934197
0.83969198459923|0.850587154357718|0.8580679033951698
0.8435421771088555|0.8511148057402876|0.8578928946447323
0.843717185859293|0.851557577878894|0.8580679033951698
0.8442422121106056|0.8521981099054955|0.8578928946447323
0.8454672733636682|0.8527187609380465|0.8584179208960449
0.8459922996149808|0.8532481624081204|0.8605180259012951
0.8465173258662934|0.8538073153657687|0.8591179558977949
0.8465173258662934|0.8539963248162405|0.8589429471473574
0.8465173258662934|0.8543822191109554|0.8592929646482325
0.8493174658732937|0.8547856142807144|0.8587679383969199
0.8500175008750438|0.8550586279313964|0.8610430521526077
0.8508925446272314|0.8557429121456072|0.8613930696534827
0.8494924746237312|0.8560036751837591|0.8613930696534827
0.8503675183759188|0.8562618130906542|0.8613930696534827
0.8505425271263564|0.8563449422471123|0.8613930696534827
0.8496674833741688|0.8567605880294014|0.8620931046552328
0.8512425621281065|0.8570659782989152|0.8622681134056703
0.8508925446272314|0.8574833741687077|0.8624431221561079
0.8515925796289815|0.8576146307315368|0.8620931046552328
0.8524676233811691|0.8579375218760942|0.8627931396569829
0.8522926146307316|0.8583207910395523|0.8640182009100456
0.8521176058802941|0.8586113055652784|0.863843192159608
0.8542177108855443|0.8590287014350717|0.8652432621631082
0.8536926846342318|0.8595913545677285|0.8652432621631082
0.8547427371368569|0.86008400420021|0.8657682884144208
0.8547427371368569|0.8603928946447326|0.8652432621631082
0.8550927546377319|0.8607297864893246|0.8641932096604831
0.8545677283864194|0.8607875393769688|0.8647182359117956
0.8545677283864194|0.8608899194959753|0.8661183059152958
0.8563178158907946|0.8612416870843543|0.8654182709135457
0.855442772138607|0.8616442072103604|0.8650682534126707
0.8547427371368569|0.861785089254463|0.8662933146657333
0.8570178508925447|0.8621088554427716|0.8666433321666084
0.8571928596429822|0.8624544977248862|0.8668183409170459
0.8570178508925447|0.862492999649982|0.8669933496674834
0.8578928946447323|0.8628902695134758|0.8673433671683585
0.8584179208960449|0.8630609030451528|0.867168358417921
0.8577178858942948|0.863416170808541|0.867868393419671
0.8575428771438572|0.863758312915646|0.8680434021701086
0.8570178508925447|0.8637661883094155|0.867518375918796
0.8573678683934197|0.8638388169408471|0.8669933496674834
0.8582429121456073|0.8641888344417218|0.867168358417921
0.85946797339867|0.8641757087854393|0.8676933846692335
0.8596429821491075|0.8642439621981097|0.8676933846692335
0.859817990899545|0.8646219810990543|0.8682184109205461
0.8592929646482325|0.8649168708435423|0.8685684284214211
0.8603430171508576|0.86502800140007|0.8685684284214211
0.8603430171508576|0.8654278963948201|0.8687434371718586
0.8608680434021702|0.8658120406020302|0.8689184459222962
0.8612180609030452|0.8659047952397623|0.8696184809240463
0.8613930696534827|0.8661156807840389|0.8699684984249213
0.8619180959047953|0.866413195659783|0.8699684984249213
0.8620931046552328|0.8663738186909343|0.8701435071753588
0.8629681484074204|0.8666512075603783|0.8696184809240463
0.8627931396569829|0.8667614630731536|0.8697934896744838
0.8626181309065454|0.86685596779839|0.8699684984249213
0.8620931046552328|0.8671972348617435|0.8706685334266714
0.8626181309065454|0.8674781239061956|0.871543577178859
0.8647182359117956|0.8678797689884484|0.8710185509275464
0.8641932096604831|0.8679821491074555|0.871193559677984
0.8640182009100456|0.8680565278263914|0.871543577178859
0.8643682184109206|0.8681510325516275|0.871893594679734
0.8643682184109206|0.8682236611830589|0.871893594679734
0.8647182359117956|0.868305040252012|0.8720686034301716
0.8652432621631082|0.8684765488274416|0.871543577178859
0.8643682184109206|0.8686436821841091|0.8717185859292965
0.8647182359117956|0.8688685684284212|0.871893594679734
0.8652432621631082|0.8689228211410571|0.8725936296814841
0.8648932446622332|0.8691792089604484|0.8738186909345468
0.8645432271613581|0.8694688484424214|0.8736436821841093
0.863843192159608|0.8697462373118654|0.8732936646832342
0.8650682534126707|0.8698232411620574|0.8731186559327967
0.8655932796639833|0.8701662583129155|0.8736436821841093
0.8657682884144208|0.8702415120756036|0.8753937696884844
0.8648932446622332|0.8705101505075256|0.8738186909345468
0.8661183059152958|0.870649282464123|0.8739936996849843
0.867168358417921|0.8708776688834448|0.8743437171858593
0.8666433321666084|0.8709310465523273|0.8746937346867344
0.8662933146657333|0.8711104305215254|0.8743437171858593
0.8664683234161709|0.8713921946097304|0.8746937346867344
0.867868393419671|0.8716057052852645|0.8750437521876093
0.867868393419671|0.8716319565978297|0.8755687784389219
0.867518375918796|0.8718410920546021|0.876618830941547
0.8690934546727337|0.8720231011550567|0.8769688484424221
0.8692684634231712|0.8722444872243607|0.8764438221911095
0.8682184109205461|0.8725463773188654|0.876618830941547
0.8680434021701086|0.8727878893944698|0.8767938396919845
0.8661183059152958|0.8730066503325168|0.8764438221911095
0.8657682884144208|0.873258662933147|0.876618830941547
0.867168358417921|0.8734931746587331|0.876618830941547
0.867518375918796|0.8736366818340922|0.8767938396919845
0.8687434371718586|0.8736874343717189|0.8767938396919845
0.8696184809240463|0.8738641932096608|0.8767938396919845
0.8701435071753588|0.8742115855792791|0.8769688484424221
0.8703185159257963|0.874405845292265|0.8774938746937346
0.8713685684284215|0.8745983549177463|0.8774938746937346
0.8706685334266714|0.8746412320616033|0.8776688834441722
0.8713685684284215|0.8746394819740994|0.8776688834441722
0.8713685684284215|0.8747147357367874|0.8778438921946097
0.8713685684284215|0.8748984949247464|0.8787189359467973
0.8720686034301716|0.8752283864193218|0.8785439271963598
0.8720686034301716|0.8754830241512075|0.8788939446972348
0.8722436121806091|0.8756300315015754|0.8790689534476723
0.871543577178859|0.8759187959397968|0.8788939446972348
0.8708435421771089|0.876104305215261|0.8787189359467973
0.8724186209310466|0.8762224361218055|0.8801190059502975
0.8710185509275464|0.876436821841092|0.8799439971998599
0.8729436471823592|0.8767238361918096|0.880294014700735
0.8724186209310466|0.8767824641232059|0.8808190409520475
0.8724186209310466|0.8770082254112702|0.8804690234511725
0.8724186209310466|0.8772024851242568|0.88064403220161
0.8722436121806091|0.8772996149807496|0.88064403220161
0.871193559677984|0.8772523626181307|0.88064403220161
0.8725936296814841|0.8773836191809586|0.8801190059502975
0.8741687084354218|0.8774956247812393|0.8804690234511725
0.8738186909345468|0.877545502275114|0.8801190059502975
0.8731186559327967|0.8777301365068253|0.8808190409520475
0.8739936996849843|0.8778972698634925|0.8811690584529226
0.8734686734336717|0.8779305215260758|0.8804690234511725
0.8736436821841093|0.877970773538677|0.8809940497024851
0.8722436121806091|0.8780661533076646|0.8809940497024851
0.8743437171858593|0.8782157857892894|0.8808190409520475
0.8741687084354218|0.878260413020651|0.88064403220161
0.8729436471823592|0.8781352817640883|0.8818690934546727
0.8739936996849843|0.8781974098704939|0.8818690934546727
0.8736436821841093|0.8783837941897094|0.8820441022051102
0.8738186909345468|0.8784511725586279|0.8815190759537976
0.8736436821841093|0.8784695484774234|0.8813440672033601
0.8741687084354218|0.8785614280714031|0.8813440672033601
0.8743437171858593|0.8785999299964993|0.8815190759537976
0.8734686734336717|0.8785806790339517|0.8823941197059852
0.8752187609380468|0.8789079453972697|0.8834441722086104
0.8739936996849843|0.8790514525726283|0.8834441722086104
0.8757437871893594|0.8792247112355613|0.8830941547077353
0.8755687784389219|0.8794452222611124|0.8822191109555477
0.8753937696884844|0.87957210360518|0.8827441372068603
0.8752187609380468|0.879752362618131|0.8832691634581729
0.8759187959397969|0.8798591179558976|0.8827441372068603
0.8760938046902345|0.8799011200560026|0.8834441722086104
0.8752187609380468|0.8801575078753942|0.8832691634581729
0.8753937696884844|0.8802616380819043|0.8832691634581729
0.8760938046902345|0.8802432621631078|0.8830941547077353
0.876618830941547|0.8803657682884136|0.8836191809590479
0.8764438221911095|0.8805792789639483|0.8837941897094854
0.8748687434371719|0.8805626531326568|0.8837941897094854
0.8757437871893594|0.8806536576828844|0.8832691634581729
0.876268813440672|0.8808050402520131|0.8832691634581729
0.8773188659432971|0.8809835491774587|0.8834441722086104
0.8776688834441722|0.8811349317465875|0.8834441722086104
0.8776688834441722|0.8812005600280015|0.8841442072103605
0.8778438921946097|0.8813003150157513|0.8834441722086104
0.8778438921946097|0.8814534476723834|0.8837941897094854
0.8785439271963598|0.8815628281414072|0.8836191809590479
0.8778438921946097|0.8816153307665381|0.8841442072103605
0.8778438921946097|0.8817544627231362|0.8850192509625481
0.8788939446972348|0.8819644732236618|0.884319215960798
0.8781939096954847|0.8819277213860697|0.8844942247112355
0.8771438571928596|0.882032726636332|0.8841442072103605
0.8773188659432971|0.8821613580679041|0.884669233461673
0.8778438921946097|0.8822436121806089|0.884669233461673
0.8787189359467973|0.8822418620931051|0.8850192509625481
0.8787189359467973|0.8822882394119705|0.8850192509625481
0.876618830941547|0.8823354917745891|0.884669233461673
0.876618830941547|0.8824606230311516|0.8857192859642982
0.8785439271963598|0.8826330066503323|0.8853692684634231
0.8778438921946097|0.882899019950998|0.8853692684634231
0.8787189359467973|0.8831772838641938|0.8853692684634231
0.8794189709485474|0.8834109205460272|0.8858942947147357
0.8794189709485474|0.883372418620931|0.8857192859642982
0.8797689884494224|0.883490549527477|0.8857192859642982
0.88064403220161|0.883687434371719|0.8860693034651732
0.8797689884494224|0.8838143157157863|0.8864193209660483
0.8804690234511725|0.8839823241162064|0.8869443472173608
0.8811690584529226|0.8841748337416869|0.8867693384669233
0.8794189709485474|0.8843778438921949|0.8865943297164858
0.8797689884494224|0.8845012250612537|0.8871193559677983
0.8815190759537976|0.8846254812740636|0.8872943647182359
0.8815190759537976|0.884664858242912|0.8876443822191109
0.8815190759537976|0.8846989849492476|0.8876443822191109
0.8811690584529226|0.8848827441372065|0.8878193909695484
0.8815190759537976|0.8848836191809589|0.8878193909695484
0.8818690934546727|0.8850315015750786|0.888344417220861
0.8813440672033601|0.8851741337066854|0.8885194259712985
0.880294014700735|0.8851802590129503|0.888344417220861
0.8790689534476723|0.885220511025551|0.8885194259712985
0.8816940847042352|0.8852441372068605|0.888344417220861
0.8815190759537976|0.8853902695134757|0.8885194259712985
0.8804690234511725|0.8855976548827442|0.888344417220861
0.8808190409520475|0.8858032901645083|0.888344417220861
0.8809940497024851|0.8858557927896391|0.8885194259712985
0.8815190759537976|0.8859677983899193|0.8893944697234861
0.8816940847042352|0.8861891844592225|0.8895694784739236
0.8813440672033601|0.8861918095904789|0.888694434721736
0.8825691284564228|0.8863939446972346|0.8892194609730486
0.8830941547077353|0.8865208260413017|0.8893944697234861
0.8832691634581729|0.8867763388169411|0.8893944697234861
0.8834441722086104|0.8869767238361912|0.8892194609730486
0.8827441372068603|0.8869215960798036|0.8893944697234861
0.8813440672033601|0.8869924746237305|0.8895694784739236
0.8837941897094854|0.8871447322366115|0.8895694784739236
0.8837941897094854|0.8872007350367517|0.8895694784739236
0.8822191109555477|0.8872401120056002|0.8899194959747987
0.8825691284564228|0.8872304865243257|0.8895694784739236
0.883969198459923|0.8873328666433319|0.8902695134756737
0.8832691634581729|0.8874947497374864|0.8904445222261113
0.8829191459572978|0.8874956247812383|0.8907945397269863
0.8832691634581729|0.887723136156808|0.8904445222261113
0.8844942247112355|0.8877275113755684|0.8907945397269863
0.8820441022051102|0.8879313965698286|0.8906195309765488
0.8836191809590479|0.8880775288764434|0.8907945397269863
0.884319215960798|0.8883689184459227|0.8904445222261113
0.883969198459923|0.8884214210710532|0.8913195659782989
0.8848442422121106|0.8886314315715785|0.8916695834791739
0.8851942597129856|0.8890103255162759|0.8916695834791739
0.8850192509625481|0.8891144557227858|0.8916695834791739
0.8832691634581729|0.8893025901295062|0.8914945747287364
0.8836191809590479|0.8894364718235919|0.8921946097304865
0.8848442422121106|0.8896053552677635|0.8921946097304865
0.8860693034651732|0.8896587329366464|0.892019600980049
0.8848442422121106|0.8898774938746945|0.892019600980049
0.8872943647182359|0.8901058802940155|0.892369618480924
0.8855442772138606|0.8901312565628287|0.8928946447322366
0.8872943647182359|0.8903517675883799|0.8928946447322366
0.8855442772138606|0.890378893944697|0.8928946447322366
0.8853692684634231|0.8905504025201267|0.8930696534826741
0.8869443472173608|0.8906877843892197|0.8930696534826741
0.8864193209660483|0.8907744137206864|0.8934196709835491
0.8874693734686734|0.8907446622331111|0.8932446622331116
0.8876443822191109|0.8908995449772487|0.8932446622331116
0.8865943297164858|0.8909222961148054|0.8932446622331116
0.8872943647182359|0.8910526776338815|0.8934196709835491
0.8876443822191109|0.8912521876093804|0.8930696534826741
0.8872943647182359|0.891246062303115|0.8935946797339867
0.8867693384669233|0.8914236961848093|0.8934196709835491
0.8855442772138606|0.8913694434721734|0.8935946797339867
0.8860693034651732|0.8913563178158901|0.8934196709835491
0.8865943297164858|0.8914394469723487|0.8937696884844242
0.8872943647182359|0.891520826041302|0.8935946797339867
0.8888694434721736|0.8917299614980749|0.8939446972348617
0.887994399719986|0.8917947147357368|0.8935946797339867
0.8874693734686734|0.8917920896044808|0.8935946797339867
0.8872943647182359|0.8919014700735032|0.8939446972348617
0.8872943647182359|0.8919618480924041|0.8939446972348617
0.8888694434721736|0.892104480224011|0.8941197059852992
0.8892194609730486|0.8921771088554417|0.8939446972348617
0.8890444522226111|0.8921683584179202|0.8939446972348617
0.8888694434721736|0.8922628631431568|0.8939446972348617
0.888694434721736|0.8922978648932447|0.8941197059852992
0.8885194259712985|0.8922129856492824|0.8942947147357367
0.888344417220861|0.8922331116555826|0.8944697234861743
0.888694434721736|0.8924247462373119|0.8941197059852992
0.8874693734686734|0.8923249912495628|0.8941197059852992
0.8890444522226111|0.8924702485124252|0.8944697234861743
0.8874693734686734|0.8925603780189009|0.8942947147357367
0.8893944697234861|0.8927100105005245|0.8946447322366118
0.8888694434721736|0.8926583829191449|0.8946447322366118
0.8888694434721736|0.8927336366818337|0.8944697234861743
0.8888694434721736|0.8926916345817283|0.8948197409870493
0.8878193909695484|0.8927327616380818|0.8949947497374868
0.8893944697234861|0.8927030101505067|0.8948197409870493
0.888344417220861|0.892749387469373|0.8949947497374868
0.887994399719986|0.8927336366818337|0.8951697584879243
0.8890444522226111|0.8927668883444174|0.8953447672383619
0.8890444522226111|0.8929305215260763|0.8951697584879243
0.8888694434721736|0.8929917745887289|0.8951697584879243
0.888694434721736|0.8930635281764089|0.8949947497374868
0.8897444872243612|0.8931834091704579|0.8955197759887994
0.8899194959747987|0.8933934196709831|0.8955197759887994
0.8909695484774238|0.8935588029401471|0.8953447672383619
0.8907945397269863|0.8936296814840738|0.8953447672383619
0.8904445222261113|0.8934686734336716|0.8951697584879243
0.8904445222261113|0.8935404270213506|0.8951697584879243
0.8895694784739236|0.8935833041652081|0.8953447672383619
0.8895694784739236|0.8937285614280712|0.8956947847392369
0.8907945397269863|0.8936585579278962|0.8953447672383619
0.8885194259712985|0.893571928596429|0.8958697934896744
0.8900945047252362|0.893641932096604|0.8958697934896744
0.8907945397269863|0.8937959397969892|0.8958697934896744
0.8911445572278613|0.8937189359467975|0.8958697934896744
0.8911445572278613|0.8938886944347214|0.896044802240112
0.8906195309765488|0.8940724536226813|0.8958697934896744
0.8906195309765488|0.8941678333916693|0.8962198109905495
0.8906195309765488|0.8943848442422118|0.8962198109905495
0.8899194959747987|0.8943314665733278|0.8965698284914245
0.8892194609730486|0.8942815890794533|0.8962198109905495
0.8900945047252362|0.8943410920546023|0.8965698284914245
0.8907945397269863|0.8943909695484771|0.896744837241862
0.8895694784739236|0.8944819740987043|0.896744837241862
0.8907945397269863|0.8946027301365065|0.896744837241862
0.8899194959747987|0.8945852292614628|0.896744837241862
0.8921946097304865|0.894714735736787|0.896744837241862
0.8895694784739236|0.894686734336717|0.896744837241862
0.8911445572278613|0.8947217360868048|0.8970948547427371
0.8909695484774238|0.894898494924745|0.8972698634931746
0.8913195659782989|0.8949921246062301|0.8972698634931746
0.8913195659782989|0.8950140007000347|0.8972698634931746
0.8914945747287364|0.8951837591879592|0.8969198459922996
0.8918445922296114|0.8952283864193211|0.896744837241862
0.8897444872243612|0.8952721386069303|0.8974448722436121
0.8897444872243612|0.8953981449072453|0.8969198459922996
0.8897444872243612|0.8953788939446972|0.8970948547427371
0.8906195309765488|0.8953246412320617|0.8970948547427371
0.8914945747287364|0.8953141407070356|0.8970948547427371
0.8911445572278613|0.8955267763388167|0.8970948547427371
0.8897444872243612|0.8956090304515222|0.8972698634931746
0.892019600980049|0.8956939096954847|0.8972698634931746
0.8928946447322366|0.8957805390269516|0.8974448722436121
0.892369618480924|0.8958330416520828|0.8976198809940497
0.8913195659782989|0.8959389219460975|0.8977948897444872
0.8904445222261113|0.8959835491774588|0.8977948897444872
0.8900945047252362|0.8960080504025207|0.8977948897444872
0.8913195659782989|0.896012425621281|0.8986699334966748
0.892369618480924|0.8960911795589775|0.8983199159957997
0.8925446272313615|0.8960273013650679|0.8983199159957997
0.8921946097304865|0.8961576828841449|0.8979698984949247
0.8930696534826741|0.8962119355967804|0.8979698984949247
0.892719635981799|0.8962714385719291|0.8979698984949247
0.8930696534826741|0.8962968148407424|0.8979698984949247
0.8930696534826741|0.8962478123906201|0.8979698984949247
0.892019600980049|0.8961900595029749|0.8979698984949247
0.8925446272313615|0.8962863143157154|0.8981449072453622
0.892369618480924|0.8963720686034307|0.8981449072453622
0.8921946097304865|0.896491074553728|0.8988449422471123
0.8925446272313615|0.8965943297164861|0.8988449422471123
0.8934196709835491|0.8967107105355268|0.8988449422471123
0.8939446972348617|0.8968822191109557|0.8990199509975498
0.8932446622331116|0.8969338466923346|0.8991949597479874
0.8934196709835491|0.8970441022051103|0.8988449422471123
0.8948197409870493|0.8971561078053906|0.8990199509975498
0.8944697234861743|0.8971491074553731|0.8988449422471123
0.8930696534826741|0.8971193559677988|0.8991949597479874
0.8944697234861743|0.8971438571928603|0.8988449422471123
0.8948197409870493|0.8972366118305918|0.8993699684984249
0.892719635981799|0.8971998599929998|0.8990199509975498
0.8939446972348617|0.8973713685684288|0.8988449422471123
0.8939446972348617|0.897463248162408|0.8991949597479874
0.8946447322366118|0.8975385019250965|0.8993699684984249
0.8946447322366118|0.8974606230311517|0.8993699684984249
0.8944697234861743|0.8974116205810292|0.8991949597479874
0.8937696884844242|0.8973687434371719|0.8991949597479874
0.8928946447322366|0.8972532376618828|0.8995449772488624
0.8916695834791739|0.8973766188309418|0.8991949597479874
0.8941197059852992|0.8974308715435777|0.8990199509975498
0.8937696884844242|0.8975455022751149|0.8991949597479874
0.8939446972348617|0.8976688834441724|0.8991949597479874
0.8949947497374868|0.8976277563878194|0.8997199859992999
0.8944697234861743|0.897732761638082|0.8995449772488624
0.8948197409870493|0.8977458872943649|0.8993699684984249
0.8942947147357367|0.8978088904445223|0.8991949597479874
0.8951697584879243|0.8977642632131618|0.8991949597479874
0.8948197409870493|0.8977213860693033|0.8995449772488624
0.8946447322366118|0.8977922646132306|0.8997199859992999
0.8942947147357367|0.8978823941197064|0.8993699684984249
0.8946447322366118|0.8979383969198466|0.8995449772488624
0.8930696534826741|0.8979681484074203|0.8997199859992999
0.8951697584879243|0.897899019950998|0.8997199859992999
0.8948197409870493|0.8979690234511726|0.8998949947497374
0.8946447322366118|0.8980224011200564|0.900070003500175
0.8939446972348617|0.8979830241512083|0.90042002100105
0.8932446622331116|0.8979322716135805|0.90042002100105
0.8949947497374868|0.8980609030451528|0.8998949947497374
0.8948197409870493|0.8981370318515924|0.9009450472523626
0.8946447322366118|0.8982367868393426|0.90042002100105
0.8942947147357367|0.8982577878893949|0.9005950297514875
0.8942947147357367|0.8983242912145609|0.9011200560028001
0.892719635981799|0.8983942947147358|0.9009450472523626
0.8944697234861743|0.8986463073153657|0.9009450472523626
0.8946447322366118|0.8986681834091701|0.9012950647532376
0.8942947147357367|0.8985596779838994|0.9009450472523626
0.896044802240112|0.8987758137906893|0.9009450472523626
0.8941197059852992|0.8988143157157861|0.9011200560028001
0.8941197059852992|0.8987136856842842|0.9009450472523626
0.8955197759887994|0.8988939446972349|0.9009450472523626
0.8946447322366118|0.8988851942597128|0.9012950647532376
0.8953447672383619|0.8989805740287015|0.9009450472523626
0.8951697584879243|0.8989796989849493|0.9018200910045502
0.8941197059852992|0.8988624431221564|0.9011200560028001
0.8946447322366118|0.8989893244662235|0.9011200560028001
0.8955197759887994|0.8991092054602727|0.9012950647532376
0.8958697934896744|0.8992509625481283|0.9014700735036751
0.896394819740987|0.8992702135106763|0.9014700735036751
0.8956947847392369|0.899235211760588|0.9014700735036751
0.8946447322366118|0.8992597129856492|0.9018200910045502
0.8956947847392369|0.8992649632481629|0.9014700735036751
