#graphName ./input/DataSets/le450_5a.g numNodes 450
#PopulationSize 200 genCount 500
#k 2 p 0.85 m 0.001
#bestIndividual: 314241404413041022344212111424102214223414330324322113242134220433320410244404401114144314414120141140321040230001424124331202021212200424043033102142443411210413440033234101124440322401233423241412140144240200042223423022041042121333103111403312430102100133113122101114321211032101014203132343044140442322122032112320243404320000434311321014143133003242303421324300022302242120411212323321331313401042443314312411133231141133422441440423402120313242
0.7856142807140357|0.8001540077003851|0.8134406720336017
0.7843892194609731|0.8013746937346862|0.8190409520476024
0.7850892544627232|0.8018629681484073|0.8165908295414771
0.7807140357017851|0.802010850542527|0.8123906195309766
0.7891144557227862|0.8024912495624775|0.8137906895344768
0.7901645082254113|0.802313615680784|0.8120406020301015
0.7887644382219111|0.8023634931746586|0.815540777038852
0.7859642982149108|0.8031090304515223|0.8169408470423521
0.7896394819740987|0.8040847042352124|0.8167658382919146
0.7878893944697235|0.8044242212110607|0.8186909345467274
0.7927896394819741|0.8046447322366115|0.8165908295414771
0.792089604480224|0.8045458522926142|0.8167658382919146
0.7899894994749738|0.8049597479873996|0.8165908295414771
0.791739586979349|0.8054453972698632|0.8206160308015401
0.7899894994749738|0.8056309065453273|0.8216660833041652
0.792089604480224|0.805542527126356|0.8186909345467274
0.792089604480224|0.8062241862093105|0.8192159607980399
0.7885894294714736|0.8056344067203364|0.8248162408120406
0.7903395169758488|0.805798914945747|0.8228911445572279
0.7903395169758488|0.8064000700035|0.8185159257962898
0.7919145957297865|0.8060894294714737|0.8193909695484775
0.7933146657332867|0.8064630731536577|0.8188659432971649
0.7941897094854743|0.8071526076303819|0.8185159257962898
0.7896394819740987|0.8076032551627581|0.8211410570528527
0.7943647182359118|0.8085098004900244|0.8265663283164159
0.7929646482324116|0.8090698284914245|0.8260413020651033
0.7922646132306616|0.809379593979699|0.8277913895694785
0.7962898144907246|0.8098144907245363|0.827616380819041
0.7975148757437872|0.8105460273013647|0.8272663633181659
0.7969898494924746|0.8114149457472866|0.8255162758137907
0.7971648582429122|0.8111445572278613|0.8234161708085405
0.7966398319915996|0.8112294364718236|0.8253412670633532
0.795764788239412|0.8121394819740988|0.8223661183059153
0.8027651382569129|0.8132306615330772|0.8227161358067904
0.8022401120056003|0.812971648582429|0.8225411270563528
0.803465173258663|0.8139543227161359|0.8274413720686035
0.8015400770038502|0.8142124606230312|0.8274413720686035
0.8015400770038502|0.8150271263563178|0.8263913195659783
0.8036401820091005|0.8156676583829188|0.8249912495624782
0.8050402520126007|0.8161926846342317|0.827616380819041
0.8036401820091005|0.8168340917045848|0.827616380819041
0.8031151557577879|0.8175656282814147|0.8286664333216661
0.8066153307665384|0.8189009450472526|0.8274413720686035
0.8080154007700385|0.8190400770038506|0.8283164158207911
0.799789989499475|0.8193192159607983|0.8321666083304166
0.8062653132656633|0.8197611130556524|0.8335666783339167
0.8045152257612881|0.8203963948197409|0.8326916345817291
0.8092404620231012|0.8208032901645085|0.8323416170808541
0.8111655582779139|0.8213248162408121|0.8321666083304166
0.8092404620231012|0.822061603080154|0.8330416520826042
0.8039901995099755|0.8224772488624431|0.8330416520826042
0.8123906195309766|0.8231641582079108|0.8344417220861043
0.8150157507875394|0.823782814140707|0.835666783339167
0.8120406020301015|0.8245992299614977|0.8351417570878544
0.811865593279664|0.8249579978998953|0.8351417570878544
0.8141407070353518|0.8250017500875049|0.835666783339167
0.8125656282814141|0.8252598879943995|0.8347917395869794
0.812215610780539|0.8256151557577879|0.8344417220861043
0.8150157507875394|0.8261008050402523|0.836016800840042
0.8171158557927897|0.8262539376968845|0.836016800840042
0.8137906895344768|0.8271771088554434|0.8384669233461673
0.8181659082954148|0.8285605530276509|0.8410920546027302
0.8188659432971649|0.8290155757787896|0.8398669933496675
0.815540777038852|0.8293060903045156|0.8398669933496675
0.8188659432971649|0.8296622331116553|0.8391669583479174
0.8204410220511026|0.8302738886944347|0.839341967098355
0.8213160658032902|0.8308234161708089|0.8407420371018551
0.8202660133006651|0.8312828141407077|0.8403920196009801
0.8220161008050403|0.831673083654183|0.8414420721036052
0.8221911095554778|0.8318060903045152|0.8403920196009801
0.8220161008050403|0.8323031151557578|0.8419670983549178
0.8241162058102905|0.8326697584879245|0.8419670983549178
0.8230661533076654|0.8332262863143157|0.8431921596079804
0.8246412320616031|0.8337093104655241|0.8445922296114806
0.8218410920546028|0.8341407070353517|0.844067203360168
0.8214910745537277|0.8344732236611836|0.8454672733636682
0.823591179558978|0.8353867693384671|0.8442422121106056
0.8256912845642282|0.8357017850892546|0.8458172908645433
0.8270913545677284|0.835938921946097|0.8466923346167309
0.8242912145607281|0.8364359467973399|0.8438921946097305
0.8291914595729787|0.8368130906545325|0.843717185859293
0.8300665033251663|0.837780889044452|0.8470423521176059
0.8286664333216661|0.8381221561078059|0.8461673083654183
0.8258662933146658|0.8383102905145263|0.8461673083654183
0.8302415120756038|0.8393297164858241|0.8475673783689185
0.831291564578229|0.8398214910745538|0.8468673433671684
0.8330416520826042|0.8404620231011548|0.847392369618481
0.831991599579979|0.8410334266713337|0.848092404620231
0.8332166608330417|0.8417702135106754|0.8498424921246063
0.8305915295764789|0.8418297164858238|0.8493174658732937
0.831641582079104|0.8427082604130208|0.848092404620231
0.8332166608330417|0.8431755337766886|0.8487924396219811
0.8361918095904796|0.844080329016451|0.8505425271263564
0.8370668533426672|0.8448468673433672|0.851417570878544
0.8382919145957298|0.8452730136506829|0.8507175358767939
0.839341967098355|0.8455810290514529|0.8529926496324817
0.839341967098355|0.8460115505775292|0.855792789639482
0.8381169058452923|0.8464578228911442|0.855792789639482
0.8389919495974799|0.8465085754287717|0.8552677633881695
0.8407420371018551|0.8469959747987397|0.8550927546377319
0.8375918795939797|0.8471596079803991|0.8536926846342318
0.8407420371018551|0.8477992649632473|0.8538676933846693
0.8403920196009801|0.8483881694084701|0.8540427021351068
0.8402170108505426|0.8486008050402521|0.8543927196359818
0.8410920546027302|0.8487504375218758|0.8543927196359818
0.8423171158557928|0.8493165908295414|0.855442772138607
0.8444172208610431|0.8500175008750445|0.8563178158907946
0.843367168358418|0.8501863843192161|0.8550927546377319
0.8442422121106056|0.850525901295065|0.8580679033951698
0.8430171508575429|0.8509747987399372|0.8577178858942948
0.8412670633531677|0.8514586979348968|0.8575428771438572
0.8412670633531677|0.8518340917045856|0.8580679033951698
0.8458172908645433|0.8522296114805746|0.8580679033951698
0.8459922996149808|0.8528202660133011|0.8589429471473574
0.8423171158557928|0.853157157857893|0.85946797339867
0.843367168358418|0.8534887994399715|0.8591179558977949
0.8458172908645433|0.8539534476723837|0.8603430171508576
0.8494924746237312|0.8544758487924394|0.8605180259012951
0.8465173258662934|0.8549326216310813|0.8620931046552328
0.848092404620231|0.8550000000000003|0.8615680784039202
0.848092404620231|0.8554751487574381|0.8610430521526077
0.8500175008750438|0.8557656632831642|0.8620931046552328
0.8487924396219811|0.8559870493524677|0.8624431221561079
0.8512425621281065|0.8566625831291563|0.8615680784039202
0.8505425271263564|0.8572024851242561|0.8633181659082955
0.8507175358767939|0.8574457472873642|0.8627931396569829
0.8510675533776689|0.8577703885194254|0.8636681834091705
0.8496674833741688|0.8584940497024856|0.8636681834091705
0.8519425971298565|0.8588466923346171|0.8636681834091705
0.8524676233811691|0.8590724536226815|0.8652432621631082
0.8531676583829192|0.8592640882044101|0.8641932096604831
0.8542177108855443|0.8594390969548474|0.8652432621631082
0.8535176758837942|0.859576478823941|0.8641932096604831
0.8540427021351068|0.8598713685684287|0.8655932796639833
0.8533426671333567|0.8601312565628283|0.8650682534126707
0.8549177458872944|0.8605425271263563|0.8657682884144208
0.8561428071403571|0.8610815540777039|0.8654182709135457
0.8547427371368569|0.8611944347217362|0.8659432971648583
0.855792789639482|0.8618314665733283|0.8662933146657333
0.8556177808890445|0.8620327266363316|0.8669933496674834
0.8561428071403571|0.8622313615680787|0.8666433321666084
0.8564928246412321|0.8624299964998247|0.8669933496674834
0.8556177808890445|0.8627476373818698|0.8669933496674834
0.8571928596429822|0.8629672733636685|0.8673433671683585
0.8570178508925447|0.8634196709835489|0.8673433671683585
0.8564928246412321|0.8638274413720685|0.8685684284214211
0.8589429471473574|0.8643008400420016|0.8685684284214211
0.8578928946447323|0.8646097304865237|0.8687434371718586
0.8592929646482325|0.8649641232061603|0.8689184459222962
0.8585929296464824|0.8651793839691985|0.8696184809240463
0.8582429121456073|0.8656081554077706|0.8699684984249213
0.8591179558977949|0.8659179208960451|0.8703185159257963
0.8587679383969199|0.8659511725586277|0.8713685684284215
0.8591179558977949|0.8662836891844592|0.8703185159257963
0.8599929996499825|0.866491074553728|0.871193559677984
0.859817990899545|0.8670169758487924|0.8706685334266714
0.8622681134056703|0.8675621281064058|0.8713685684284215
0.8615680784039202|0.8677686384319218|0.871893594679734
0.8620931046552328|0.8680399019951007|0.8722436121806091
0.8643682184109206|0.8686156807840396|0.8729436471823592
0.8626181309065454|0.8687635631781596|0.8725936296814841
0.863493174658733|0.868783689184459|0.8724186209310466
0.8640182009100456|0.8691337066853347|0.8727686384319217
0.8654182709135457|0.8693043402170104|0.8729436471823592
0.8645432271613581|0.8697576128806445|0.8727686384319217
0.8648932446622332|0.8700227511375561|0.8736436821841093
0.8650682534126707|0.8702905145257256|0.8738186909345468
0.8662933146657333|0.8705889044452225|0.8734686734336717
0.8654182709135457|0.8708356667833393|0.8752187609380468
0.8647182359117956|0.8710001750087502|0.8752187609380468
0.8673433671683585|0.8713799439971994|0.8739936996849843
0.867168358417921|0.8716450822541124|0.8743437171858593
0.8676933846692335|0.8717483374168711|0.8750437521876093
0.867168358417921|0.8719688484424222|0.8743437171858593
0.8680434021701086|0.8720931046552323|0.8755687784389219
0.8685684284214211|0.8720624781239057|0.8757437871893594
0.8673433671683585|0.8722514875743788|0.8746937346867344
0.867518375918796|0.8723591179558974|0.8746937346867344
0.8696184809240463|0.8726085054252706|0.8748687434371719
0.867518375918796|0.872780889044452|0.8750437521876093
0.8699684984249213|0.8730145257262865|0.8755687784389219
0.8692684634231712|0.8732035351767584|0.8753937696884844
0.8692684634231712|0.8733785439271968|0.8757437871893594
0.8680434021701086|0.8734345467273366|0.8757437871893594
0.8692684634231712|0.8736183059152957|0.8773188659432971
0.8692684634231712|0.873541302065104|0.8773188659432971
0.8697934896744838|0.8739201960098005|0.8769688484424221
0.8697934896744838|0.8742063353167662|0.8769688484424221
0.8692684634231712|0.8744985999299973|0.8771438571928596
0.8708435421771089|0.8747182359117959|0.8773188659432971
0.871193559677984|0.8748617430871548|0.8774938746937346
0.8706685334266714|0.8749046202310113|0.8778438921946097
0.8697934896744838|0.8748713685684281|0.8780189009450472
0.8701435071753588|0.8750918795939796|0.8780189009450472
0.8689184459222962|0.8752983899194956|0.8783689184459222
0.871893594679734|0.8755985299264962|0.8788939446972348
0.8708435421771089|0.8756641582079107|0.8787189359467973
0.8724186209310466|0.8757787889394477|0.8781939096954847
0.8724186209310466|0.8759870493524676|0.8790689534476723
0.871893594679734|0.8761174308715434|0.8785439271963598
0.8720686034301716|0.8762171858592935|0.8788939446972348
0.8708435421771089|0.8762933146657333|0.8792439621981099
0.871893594679734|0.8763860693034653|0.8794189709485474
0.8717185859292965|0.8765068253412673|0.8794189709485474
0.8727686384319217|0.8768078403920199|0.8795939796989849
0.8722436121806091|0.8769250962548127|0.8799439971998599
0.8725936296814841|0.8771141057052851|0.8799439971998599
0.8722436121806091|0.8773241162058103|0.880294014700735
0.8727686384319217|0.8773923696184812|0.8801190059502975
0.8724186209310466|0.8775306265313272|0.8801190059502975
0.8734686734336717|0.8776443822191109|0.8804690234511725
0.8745187259362969|0.8778736436821845|0.8809940497024851
0.8743437171858593|0.8779768988449429|0.8809940497024851
0.8750437521876093|0.8781107805390262|0.88064403220161
0.8741687084354218|0.8781912845642279|0.8818690934546727
0.8746937346867344|0.8784502975148754|0.8818690934546727
0.8743437171858593|0.8786786839341967|0.8818690934546727
0.8741687084354218|0.8790234511725581|0.8827441372068603
0.8734686734336717|0.8790812040602028|0.8822191109555477
0.8745187259362969|0.8792474623731188|0.8822191109555477
0.8760938046902345|0.8793577178858939|0.8822191109555477
0.8760938046902345|0.8793358417920892|0.8820441022051102
0.8752187609380468|0.8793157157857895|0.8816940847042352
0.8757437871893594|0.879407595379769|0.8822191109555477
0.8752187609380468|0.8795213510675529|0.8822191109555477
0.8753937696884844|0.8796928596429819|0.8825691284564228
0.876268813440672|0.8799291214560728|0.8823941197059852
0.8755687784389219|0.880062128106405|0.8827441372068603
0.8759187959397969|0.8800761288064404|0.8830941547077353
0.876268813440672|0.8803386419320975|0.8827441372068603
0.876268813440672|0.880460273013651|0.8830941547077353
0.876268813440672|0.8806370318515931|0.884319215960798
0.8759187959397969|0.8808199159957997|0.8837941897094854
0.8773188659432971|0.8809712985649282|0.883969198459923
0.8774938746937346|0.8810185509275467|0.883969198459923
0.8769688484424221|0.8812136856842849|0.883969198459923
0.8764438221911095|0.8813563178158913|0.884669233461673
0.8780189009450472|0.8815077003850199|0.884669233461673
0.8771438571928596|0.8816433321666086|0.8850192509625481
0.8778438921946097|0.8818690934546736|0.884669233461673
0.8783689184459222|0.8819898494924752|0.8848442422121106
0.8781939096954847|0.8820782289114462|0.884319215960798
0.8778438921946097|0.8821876093804696|0.8850192509625481
0.8780189009450472|0.8823057402870148|0.8851942597129856
0.8769688484424221|0.8824098704935244|0.8855442772138606
0.8783689184459222|0.8823809940497029|0.8858942947147357
0.8788939446972348|0.8826575078753939|0.8860693034651732
0.8774938746937346|0.8827056352817643|0.8858942947147357
0.8778438921946097|0.8830556527826395|0.8858942947147357
0.8788939446972348|0.8833251662583136|0.8867693384669233
0.8795939796989849|0.8834546727336371|0.8864193209660483
0.880294014700735|0.8835071753587687|0.8867693384669233
0.8801190059502975|0.8836025551277562|0.8860693034651732
0.8797689884494224|0.8837163108155411|0.8862443122156107
0.8788939446972348|0.8838746937346866|0.8869443472173608
0.8787189359467973|0.8839280714035697|0.8869443472173608
0.8787189359467973|0.8841179558977948|0.8872943647182359
0.8799439971998599|0.8841494574728734|0.8867693384669233
0.8801190059502975|0.8843690934546728|0.8874693734686734
0.8804690234511725|0.8844180959047944|0.8872943647182359
0.8808190409520475|0.8844574728736434|0.887994399719986
0.8799439971998599|0.8846613580679036|0.887994399719986
0.8795939796989849|0.8850026251312565|0.887994399719986
0.88064403220161|0.8851452572628631|0.888344417220861
0.8809940497024851|0.8852590129506471|0.8876443822191109
0.8813440672033601|0.8853018900945041|0.8876443822191109
0.8820441022051102|0.8851986349317456|0.8876443822191109
0.8816940847042352|0.885350017500875|0.8878193909695484
0.8813440672033601|0.8855066503325162|0.8878193909695484
0.8811690584529226|0.8855329016450818|0.887994399719986
0.8799439971998599|0.8857289114455726|0.887994399719986
0.8813440672033601|0.8858400420020999|0.8881694084704235
0.8804690234511725|0.8857831641582073|0.8892194609730486
0.88064403220161|0.8860159257962893|0.8893944697234861
0.8818690934546727|0.8862574378718929|0.8893944697234861
0.8815190759537976|0.8864009450472521|0.8892194609730486
0.8827441372068603|0.886620581029051|0.8892194609730486
0.8822191109555477|0.8866468323416165|0.8897444872243612
0.8822191109555477|0.8867597129856489|0.8904445222261113
0.8827441372068603|0.8869487224361216|0.8902695134756737
0.8820441022051102|0.8871009800490016|0.8897444872243612
0.8829191459572978|0.8873494924746234|0.8892194609730486
0.8829191459572978|0.8874807490374513|0.8895694784739236
0.8848442422121106|0.8876540077003849|0.8897444872243612
0.8837941897094854|0.8876601330066504|0.8899194959747987
0.8832691634581729|0.8875525026251306|0.8900945047252362
0.884319215960798|0.8875875043752193|0.8900945047252362
0.8829191459572978|0.8875551277563875|0.8906195309765488
0.8820441022051102|0.8876452572628629|0.8902695134756737
0.8830941547077353|0.8878937696884838|0.8900945047252362
0.8820441022051102|0.8880241512075608|0.8906195309765488
0.8822191109555477|0.8880530276513832|0.8906195309765488
0.8832691634581729|0.8881860343017152|0.8906195309765488
0.884319215960798|0.8884301715085756|0.8909695484774238
0.8850192509625481|0.8884179208960448|0.8911445572278613
0.8853692684634231|0.8885343017150856|0.8909695484774238
0.8853692684634231|0.8885728036401817|0.8909695484774238
0.8860693034651732|0.8887504375218767|0.8909695484774238
0.8858942947147357|0.8888921946097306|0.8909695484774238
0.8855442772138606|0.8890138256912848|0.8913195659782989
0.8862443122156107|0.8890540777038848|0.8909695484774238
0.8848442422121106|0.8889875743787187|0.8916695834791739
0.8850192509625481|0.8889980749037452|0.8916695834791739
0.8851942597129856|0.8891188309415476|0.8914945747287364
0.884319215960798|0.8892115855792788|0.8914945747287364
0.8853692684634231|0.8893507175358775|0.8913195659782989
0.8862443122156107|0.88948372418621|0.8914945747287364
0.8855442772138606|0.8895414770738543|0.892369618480924
0.8862443122156107|0.8897899894994754|0.892019600980049
0.8862443122156107|0.8898818690934545|0.892019600980049
0.8862443122156107|0.8899728736436822|0.892019600980049
0.8857192859642982|0.8901470073503676|0.892369618480924
0.8851942597129856|0.890128631431572|0.8921946097304865
0.8853692684634231|0.8901268813440676|0.892019600980049
0.8853692684634231|0.8901391319565984|0.8921946097304865
0.8858942947147357|0.8901977598879944|0.892019600980049
0.8869443472173608|0.8903001400070005|0.892369618480924
0.8850192509625481|0.8902380119005955|0.8925446272313615
0.8869443472173608|0.8904033951697585|0.8925446272313615
0.8872943647182359|0.8905836541827086|0.8925446272313615
0.8864193209660483|0.8906414070703538|0.892719635981799
0.8878193909695484|0.8906772838641929|0.8928946447322366
0.8874693734686734|0.890825166258313|0.8930696534826741
0.8872943647182359|0.8907717885894298|0.8930696534826741
0.8867693384669233|0.8907429121456076|0.892719635981799
0.8867693384669233|0.8908059152957649|0.8928946447322366
0.8867693384669233|0.8909774238711938|0.8930696534826741
0.8871193559677983|0.891141932096605|0.8928946447322366
0.887994399719986|0.8911979348967448|0.8930696534826741
0.887994399719986|0.8913213160658029|0.8930696534826741
0.887994399719986|0.8913913195659781|0.8930696534826741
0.8878193909695484|0.891453447672384|0.8934196709835491
0.8885194259712985|0.8915829541477072|0.8941197059852992
0.887994399719986|0.8915365768288415|0.8935946797339867
0.8888694434721736|0.8915427021351071|0.8932446622331116
0.8881694084704235|0.8916660833041651|0.8939446972348617
0.8888694434721736|0.891623206160308|0.8934196709835491
0.8878193909695484|0.8916354567728377|0.8935946797339867
0.8878193909695484|0.8916083304165205|0.8934196709835491
0.8888694434721736|0.8918515925796286|0.8937696884844242
0.8881694084704235|0.891984599229961|0.8941197059852992
0.8874693734686734|0.8920826041302066|0.8941197059852992
0.8890444522226111|0.8921876093804687|0.8941197059852992
0.888694434721736|0.8922147357367863|0.8942947147357367
0.888344417220861|0.8924054952747638|0.8942947147357367
0.8895694784739236|0.8925280014000699|0.8944697234861743
0.8892194609730486|0.8925980049002444|0.8949947497374868
0.8900945047252362|0.89263213160658|0.8953447672383619
0.8890444522226111|0.8926968848442414|0.8948197409870493
0.8890444522226111|0.8927905145257258|0.8948197409870493
0.8885194259712985|0.892873643682184|0.8951697584879243
0.8892194609730486|0.8929532726636326|0.8949947497374868
0.888694434721736|0.8929803990199504|0.8953447672383619
0.8897444872243612|0.8930092754637725|0.8953447672383619
0.8895694784739236|0.8930372768638428|0.8955197759887994
0.888694434721736|0.893061778088904|0.8955197759887994
0.8895694784739236|0.8931737836891842|0.8955197759887994
0.8888694434721736|0.8933006650332515|0.8953447672383619
0.888344417220861|0.8934222961148065|0.8958697934896744
0.8906195309765488|0.893691809590479|0.8962198109905495
0.8895694784739236|0.893796814840741|0.896744837241862
0.8897444872243612|0.8938965698284911|0.896744837241862
0.8897444872243612|0.8940969548477418|0.8965698284914245
0.8904445222261113|0.8942509625481274|0.8969198459922996
0.8902695134756737|0.8943043402170104|0.8969198459922996
0.8906195309765488|0.894364718235911|0.8972698634931746
0.8902695134756737|0.8944128456422819|0.8969198459922996
0.8899194959747987|0.8944942247112345|0.8970948547427371
0.8913195659782989|0.8946981099054951|0.8970948547427371
0.8900945047252362|0.8947812390619536|0.8974448722436121
0.887994399719986|0.8947751137556875|0.8977948897444872
0.8897444872243612|0.8948932446622331|0.8976198809940497
0.8895694784739236|0.8950183759187961|0.8977948897444872
0.8921946097304865|0.8952467623381168|0.8979698984949247
0.8893944697234861|0.8953998949947501|0.8979698984949247
0.8918445922296114|0.8954900245012251|0.8979698984949247
0.892369618480924|0.8955057752887647|0.8984949247462373
0.8916695834791739|0.8954165208260416|0.8983199159957997
0.892369618480924|0.8955022751137556|0.8981449072453622
0.892019600980049|0.8955915295764789|0.8981449072453622
0.8900945047252362|0.8956615330766534|0.8979698984949247
0.8914945747287364|0.8955687784389219|0.8979698984949247
0.8918445922296114|0.8955757787889398|0.8979698984949247
0.8918445922296114|0.8955591529576479|0.8983199159957997
0.8911445572278613|0.8957481624081204|0.8983199159957997
0.8913195659782989|0.8958277913895687|0.8983199159957997
0.8914945747287364|0.8958925446272313|0.8981449072453622
0.8914945747287364|0.8959695484774238|0.8986699334966748
0.892019600980049|0.8960168008400413|0.8988449422471123
0.8906195309765488|0.8960141757087854|0.8986699334966748
0.8906195309765488|0.896008925446272|0.8986699334966748
0.8925446272313615|0.8961813090654538|0.8990199509975498
0.8907945397269863|0.8963361918095913|0.8990199509975498
0.8934196709835491|0.8964761988099409|0.8995449772488624
0.8925446272313615|0.896361568078405|0.8991949597479874
0.8932446622331116|0.8965960798039901|0.8993699684984249
0.892369618480924|0.8966083304165214|0.8988449422471123
0.8928946447322366|0.8966897094854744|0.8990199509975498
0.892719635981799|0.8967964648232415|0.8990199509975498
0.8928946447322366|0.8968953447672382|0.8990199509975498
0.8928946447322366|0.8968550927546377|0.8990199509975498
0.892719635981799|0.896890969548478|0.8991949597479874
0.892719635981799|0.8969023451172561|0.8990199509975498
0.8918445922296114|0.8968997199859996|0.8990199509975498
0.8942947147357367|0.8970117255862788|0.8991949597479874
0.8934196709835491|0.8970747287364373|0.8991949597479874
0.892369618480924|0.8969644732236617|0.8995449772488624
0.8916695834791739|0.8970869793489678|0.8991949597479874
0.8941197059852992|0.8971981099054958|0.8997199859992999
0.8932446622331116|0.8970764788239421|0.8997199859992999
0.8930696534826741|0.8971088554427719|0.8993699684984249
0.8939446972348617|0.8973066153307663|0.8993699684984249
0.8937696884844242|0.8972751137556879|0.8993699684984249
0.8942947147357367|0.897432621631082|0.8993699684984249
0.8941197059852992|0.8974816240812038|0.8998949947497374
0.8948197409870493|0.8976916345817285|0.8998949947497374
0.8946447322366118|0.8978701435071754|0.900070003500175
0.8949947497374868|0.8979567728386422|0.900070003500175
0.8944697234861743|0.8980320266013304|0.8995449772488624
0.8946447322366118|0.8980836541827095|0.8995449772488624
0.892719635981799|0.8982000350017497|0.8995449772488624
0.8944697234861743|0.8982236611830596|0.900070003500175
0.8942947147357367|0.8983514175708791|0.900070003500175
0.8949947497374868|0.8983137906895341|0.900070003500175
0.8953447672383619|0.8983015400770039|0.8998949947497374
0.8955197759887994|0.898325166258313|0.9002450122506125
0.8948197409870493|0.8983977948897446|0.8998949947497374
0.8949947497374868|0.8983409170458523|0.8998949947497374
0.8949947497374868|0.8983269163458182|0.8998949947497374
0.8944697234861743|0.8982472873643691|0.8997199859992999
0.8942947147357367|0.8983216660833041|0.8998949947497374
0.8951697584879243|0.8983706685334272|0.8998949947497374
0.8939446972348617|0.8982770388519424|0.8998949947497374
0.8946447322366118|0.8982971648582426|0.8998949947497374
0.8955197759887994|0.8982980399019952|0.8998949947497374
0.8944697234861743|0.8984564228211412|0.8998949947497374
0.8948197409870493|0.8983837941897093|0.9002450122506125
0.8951697584879243|0.8983724186209311|0.900070003500175
0.8951697584879243|0.8984284214210703|0.8998949947497374
0.8932446622331116|0.8985159257962895|0.9002450122506125
0.8946447322366118|0.8987329366468317|0.90042002100105
0.8953447672383619|0.8987434371718583|0.9005950297514875
0.8953447672383619|0.8988878193909696|0.900770038501925
0.8953447672383619|0.8989446972348614|0.90042002100105
0.8949947497374868|0.8989446972348616|0.90042002100105
0.8955197759887994|0.8990680784039197|0.900770038501925
0.8953447672383619|0.8991713335666779|0.900770038501925
0.8944697234861743|0.8991512075603777|0.9009450472523626
0.8962198109905495|0.8991380819040954|0.900770038501925
0.8956947847392369|0.8990707035351769|0.9005950297514875
0.8955197759887994|0.8991074553727687|0.9009450472523626
0.8951697584879243|0.8992360868043398|0.9019950997549877
0.8951697584879243|0.8993314665733294|0.9012950647532376
0.8949947497374868|0.8992194609730482|0.9012950647532376
0.8951697584879243|0.8992203360168007|0.9012950647532376
0.896044802240112|0.8992955897794893|0.9014700735036751
0.896044802240112|0.8993795939796989|0.9014700735036751
0.896044802240112|0.8994250962548125|0.9012950647532376
0.8962198109905495|0.8994399719985998|0.9019950997549877
0.896044802240112|0.8995476023801191|0.9019950997549877
0.896394819740987|0.8995563528176411|0.9018200910045502
0.8962198109905495|0.8996394819740989|0.9018200910045502
0.896744837241862|0.8995948547427368|0.9016450822541127
0.8958697934896744|0.8997261113055647|0.9016450822541127
0.8955197759887994|0.8997479873993696|0.9016450822541127
0.8969198459922996|0.8998547427371362|0.9021701085054252
0.896394819740987|0.8999291214560724|0.9018200910045502
0.8976198809940497|0.8999273713685683|0.9021701085054252
0.8951697584879243|0.8998354917745885|0.9025201260063003
0.8958697934896744|0.8998722436121802|0.9025201260063003
0.8962198109905495|0.8998783689184457|0.9019950997549877
0.8962198109905495|0.8999693734686737|0.9019950997549877
0.8969198459922996|0.8999877493874696|0.9019950997549877
0.8965698284914245|0.8999632481624087|0.9021701085054252
0.8958697934896744|0.9000691284564226|0.9026951347567378
0.8972698634931746|0.9001146307315366|0.9021701085054252
0.8979698984949247|0.9002861393069652|0.9021701085054252
0.896044802240112|0.9002187609380462|0.9021701085054252
0.8965698284914245|0.9002003850192508|0.9021701085054252
0.896394819740987|0.9002205110255511|0.9021701085054252
0.8969198459922996|0.9002056352817631|0.9025201260063003
0.8970948547427371|0.9002467623381171|0.9030451522576128
0.8972698634931746|0.9002843892194611|0.9030451522576128
0.8977948897444872|0.9003718935946796|0.9032201610080504
0.8965698284914245|0.9004068953447673|0.9032201610080504
0.8972698634931746|0.900289639481974|0.9028701435071753
0.8970948547427371|0.9004191459572972|0.9026951347567378
0.896394819740987|0.9003727686384316|0.9023451172558627
0.8962198109905495|0.9005722786139303|0.9025201260063003
0.896744837241862|0.9006641582079103|0.9030451522576128
0.896394819740987|0.9007271613580679|0.9028701435071753
0.896394819740987|0.9007577878893949|0.9032201610080504
0.8972698634931746|0.9009870493524672|0.9033951697584879
0.8969198459922996|0.9010553027651375|0.9037451872593629
0.8969198459922996|0.9010378018900937|0.9032201610080504
0.8958697934896744|0.9010981799089945|0.9037451872593629
0.8934196709835491|0.9011384319215954|0.9035701785089254
0.8953447672383619|0.9013116905845294|0.9039201960098004
0.8974448722436121|0.9015435771788585|0.9039201960098004
0.8972698634931746|0.9015444522226109|0.9039201960098004
