#graphName ./input/DataSets/le450_5a.g numNodes 450
#PopulationSize 200 genCount 500
#k 2 p 0.85 m 0.001
#bestIndividual: 343301313220334331443041240413143322322430440033100312411222301041401201301403323021244020010020003231121321242113430222202344043331031311202124440242303423103122232121410212401132124131404040211424233403112410141323010012423220340401232343304322241030244023432332322001342144112033043230414034124031442423400431122212404120144100003130123332023043133102323020422221330310110340311342224024022202304022433324111331422102311223134113002120232434342030
0.7824641232061603|0.7998941197059857|0.8179908995449773
0.7857892894644732|0.800741162058103|0.8134406720336017
0.7873643682184109|0.8015672033601677|0.8134406720336017
0.7931396569828492|0.8023057402870143|0.8130906545327267
0.7912145607280364|0.802500875043752|0.8162408120406021
0.7926146307315366|0.8033286664333217|0.8174658732936647
0.7912145607280364|0.8026443822191105|0.8172908645432272
0.7913895694784739|0.8037364368218405|0.8179908995449773
0.7892894644732237|0.8039035701785086|0.819565978298915
0.7898144907245362|0.804970248512426|0.8160658032901645
0.7908645432271614|0.8043314665733285|0.8179908995449773
0.7892894644732237|0.805208260413021|0.8221911095554778
0.7899894994749738|0.8057691634581723|0.8183409170458523
0.7905145257262863|0.8060299264963251|0.8192159607980399
0.7952397619880994|0.806154182709135|0.8185159257962898
0.7905145257262863|0.8068970948547419|0.8218410920546028
0.795764788239412|0.8074133706685338|0.8218410920546028
0.7968148407420371|0.8072541127056354|0.8242912145607281
0.796114805740287|0.8073678683934193|0.8192159607980399
0.795764788239412|0.8076347567378367|0.819565978298915
0.7959397969898495|0.8080862793139652|0.8193909695484775
0.7924396219810991|0.8081895344767236|0.8232411620581029
0.7952397619880994|0.8081361568078403|0.8248162408120406
0.7938396919845992|0.8082971648582433|0.8225411270563528
0.7910395519775989|0.8082604130206511|0.8188659432971649
0.7969898494924746|0.8097304865243266|0.8202660133006651
0.7964648232411621|0.8099562478123906|0.8216660833041652
0.799789989499475|0.8107385369268459|0.8200910045502275
0.7994399719986|0.8108732936646832|0.823941197059853
0.8011900595029752|0.8115138256912848|0.8262163108155408
0.7964648232411621|0.8117037101855092|0.8244662233111656
0.7964648232411621|0.8118577178858942|0.8230661533076654
0.7989149457472874|0.8126863843192161|0.8225411270563528
0.7947147357367869|0.8129646482324122|0.8267413370668534
0.8015400770038502|0.8134581729086453|0.8262163108155408
0.8006650332516626|0.813731186559328|0.8256912845642282
0.8004900245012251|0.8142903395169756|0.8263913195659783
0.8011900595029752|0.8147497374868745|0.8253412670633532
0.8059152957647883|0.8151933846692334|0.8256912845642282
0.8024151207560378|0.8153858942947148|0.8262163108155408
0.8036401820091005|0.8160211760588031|0.8248162408120406
0.8036401820091005|0.816321316065803|0.8244662233111656
0.807490374518726|0.8164026951347572|0.8286664333216661
0.8053902695134757|0.8161445572278611|0.8274413720686035
0.8039901995099755|0.8168463423171162|0.8270913545677284
0.8027651382569129|0.8177170108505423|0.8283164158207911
0.8057402870143507|0.8180609030451527|0.827966398319916
0.8053902695134757|0.8186270563528175|0.8305915295764789
0.8095904795239762|0.819183584179209|0.8298914945747288
0.8062653132656633|0.8195843542177108|0.8297164858242912
0.808190409520476|0.8201023801190062|0.8295414770738537
0.8062653132656633|0.82008400420021|0.8309415470773539
0.8099404970248513|0.8208689184459221|0.8333916695834792
0.8095904795239762|0.8211410570528526|0.8309415470773539
0.8111655582779139|0.8218900945047248|0.8321666083304166
0.8111655582779139|0.8219828491424572|0.8297164858242912
0.8130906545327267|0.8226583829191461|0.831991599579979
0.8130906545327267|0.8230285264263209|0.8332166608330417
0.8150157507875394|0.8231186559327973|0.8332166608330417
0.8123906195309766|0.8236235561778092|0.8326916345817291
0.8116905845292265|0.8243349667483375|0.8340917045852293
0.8120406020301015|0.8246543577178859|0.8325166258312916
0.8106405320266014|0.8248687434371719|0.831991599579979
0.8151907595379769|0.8254786489324464|0.8321666083304166
0.8146657332866644|0.8252782639131954|0.8339166958347918
0.815540777038852|0.8261786839341967|0.8347917395869794
0.8150157507875394|0.8266267063353158|0.835316765838292
0.8153657682884144|0.8268060903045149|0.835666783339167
0.8176408820441022|0.827276863843192|0.8372418620931047
0.8123906195309766|0.8278018900945046|0.8367168358417921
0.819565978298915|0.8284537976898844|0.8377668883444173
0.8174658732936647|0.8289709485474277|0.8365418270913546
0.8165908295414771|0.8291774588729439|0.8386419320966049
0.8181659082954148|0.8297488624431218|0.8386419320966049
0.81991599579979|0.8305014000700038|0.8386419320966049
0.8190409520476024|0.8312250612530632|0.8410920546027302
0.8197409870493525|0.8315173258662937|0.8412670633531677
0.8202660133006651|0.8320598529926495|0.8426671333566679
0.8248162408120406|0.8328587679383969|0.8424921246062304
0.8214910745537277|0.8331807840392023|0.8424921246062304
0.8218410920546028|0.8332717885894292|0.8398669933496675
0.8237661883094155|0.8340164508225406|0.8412670633531677
0.8241162058102905|0.8350201260063008|0.8435421771088555
0.8274413720686035|0.8353500175008755|0.8419670983549178
0.8265663283164159|0.8357814140707032|0.8444172208610431
0.8284914245712286|0.8363904445222264|0.8428421421071054
0.8265663283164159|0.8365234511725581|0.843367168358418
0.8260413020651033|0.836984599229961|0.8435421771088555
0.823941197059853|0.8369653482674134|0.8444172208610431
0.8246412320616031|0.8375043752187604|0.8438921946097305
0.8283164158207911|0.8383540427021352|0.8454672733636682
0.8297164858242912|0.8384677983899192|0.843717185859293
0.8300665033251663|0.8389236961848092|0.8445922296114806
0.8258662933146658|0.8390278263913192|0.8451172558627932
0.8325166258312916|0.8395677283864197|0.8454672733636682
0.8339166958347918|0.8404751487574386|0.8451172558627932
0.8335666783339167|0.840761288064403|0.8461673083654183
0.8342667133356668|0.8412915645782287|0.8482674133706686
0.8347917395869794|0.8417693384669234|0.8486174308715436
0.8351417570878544|0.841909345467273|0.8498424921246063
0.8349667483374169|0.8422812390619522|0.8507175358767939
0.8354917745887295|0.8423127406370319|0.8489674483724187
0.8349667483374169|0.8425778788939451|0.8484424221211061
0.8346167308365419|0.8430495274763732|0.8500175008750438
0.8346167308365419|0.8434319215960804|0.8491424571228562
0.8340917045852293|0.8436200560028|0.8491424571228562
0.8379418970948548|0.8436751837591878|0.8503675183759188
0.8358417920896045|0.8440803290164509|0.8508925446272314
0.835666783339167|0.8442798389919495|0.8508925446272314
0.8367168358417921|0.8443279663983198|0.8505425271263564
0.8365418270913546|0.8448774938746939|0.8515925796289815
0.8388169408470424|0.845363143157158|0.8510675533776689
0.8384669233461673|0.8455302765138255|0.8522926146307316
0.8388169408470424|0.845653657682884|0.8522926146307316
0.8370668533426672|0.8461769338466931|0.8521176058802941
0.8407420371018551|0.8468384669233466|0.8519425971298565
0.8405670283514176|0.8470441022051105|0.8533426671333567
0.8403920196009801|0.8473372418620929|0.8535176758837942
0.8410920546027302|0.8475140007000348|0.8536926846342318
0.8389919495974799|0.8478613930696534|0.8536926846342318
0.8391669583479174|0.8483697934896745|0.8535176758837942
0.839341967098355|0.8485133006650334|0.8533426671333567
0.8424921246062304|0.8487075603780189|0.8531676583829192
0.8416170808540427|0.849016450822541|0.8536926846342318
0.8430171508575429|0.849473223661183|0.8543927196359818
0.844067203360168|0.8499194959747995|0.8549177458872944
0.843717185859293|0.8501575078753935|0.855442772138607
0.8442422121106056|0.8505241512075614|0.8556177808890445
0.8451172558627932|0.8509494224711234|0.8561428071403571
0.8445922296114806|0.8511139306965348|0.855442772138607
0.8454672733636682|0.8513948197409866|0.8573678683934197
0.8458172908645433|0.8516380819040954|0.8585929296464824
0.8468673433671684|0.8519539726986352|0.8561428071403571
0.8452922646132307|0.8519688484424214|0.8570178508925447
0.8465173258662934|0.8521132306615335|0.8575428771438572
0.8456422821141057|0.8522059852992644|0.8570178508925447
0.8465173258662934|0.8525411270563528|0.8573678683934197
0.8475673783689185|0.8527406370318517|0.8577178858942948
0.8472173608680434|0.8531755337766888|0.8589429471473574
0.8484424221211061|0.8535666783339166|0.8582429121456073
0.8479173958697935|0.8539464473223665|0.8589429471473574
0.8472173608680434|0.8539385719285967|0.8585929296464824
0.8491424571228562|0.8542780889044457|0.8584179208960449
0.8496674833741688|0.8544014700735032|0.8587679383969199
0.8494924746237312|0.8547724886244314|0.85946797339867
0.8501925096254813|0.8549282464123209|0.859817990899545
0.8479173958697935|0.8551960098004905|0.8601680084004201
0.8491424571228562|0.8555434021701085|0.8605180259012951
0.8498424921246063|0.855839166958348|0.8608680434021702
0.8487924396219811|0.8561419320966048|0.8613930696534827
0.8510675533776689|0.8564219460973045|0.8612180609030452
0.8500175008750438|0.8568638431921595|0.8627931396569829
0.8505425271263564|0.8569697234861745|0.8619180959047953
0.8503675183759188|0.8572086104305215|0.8615680784039202
0.8489674483724187|0.8575271263563181|0.8636681834091705
0.8489674483724187|0.8576540077003851|0.8636681834091705
0.8536926846342318|0.8579672733636682|0.8626181309065454
0.8528176408820441|0.8582551627581381|0.8629681484074204
0.8515925796289815|0.858371543577179|0.863493174658733
0.8519425971298565|0.8587478123906196|0.8641932096604831
0.8529926496324817|0.8591214560728038|0.863843192159608
0.8524676233811691|0.8592579628981447|0.863493174658733
0.8528176408820441|0.8595651032551629|0.8641932096604831
0.8521176058802941|0.8597952397619886|0.8643682184109206
0.8542177108855443|0.860110255512776|0.8645432271613581
0.8540427021351068|0.8603902695134752|0.8652432621631082
0.8545677283864194|0.860806790339517|0.8648932446622332
0.8542177108855443|0.8607954147707382|0.8648932446622332
0.8559677983899195|0.8610194259712988|0.8652432621631082
0.8561428071403571|0.8613458172908643|0.8650682534126707
0.8566678333916696|0.861673958697935|0.8654182709135457
0.8568428421421072|0.8619530976548824|0.8657682884144208
0.8568428421421072|0.861949597479874|0.8666433321666084
0.8570178508925447|0.8622663633181661|0.8669933496674834
0.8570178508925447|0.8625673783689182|0.8662933146657333
0.8571928596429822|0.8626986349317468|0.867168358417921
0.8580679033951698|0.8628762688134404|0.8664683234161709
0.8578928946447323|0.8631335316765832|0.8673433671683585
0.8577178858942948|0.8634905495274765|0.8682184109205461
0.8596429821491075|0.8636489324466224|0.8685684284214211
0.8580679033951698|0.8637556877843892|0.8685684284214211
0.8589429471473574|0.8639061953097652|0.8680434021701086
0.8591179558977949|0.8643270913545679|0.8680434021701086
0.859817990899545|0.8645861043052153|0.8694434721736087
0.8587679383969199|0.8649291214560729|0.8689184459222962
0.8592929646482325|0.8653456422821141|0.8697934896744838
0.859817990899545|0.8655206510325515|0.8689184459222962
0.8608680434021702|0.8657271613580678|0.8703185159257963
0.8603430171508576|0.8658592929646486|0.8706685334266714
0.8622681134056703|0.8660999299965004|0.8710185509275464
0.8619180959047953|0.8662784389219457|0.8703185159257963
0.8620931046552328|0.866255687784389|0.8697934896744838
0.8613930696534827|0.8664534476723834|0.8699684984249213
0.8620931046552328|0.8665742037101865|0.8717185859292965
0.8626181309065454|0.866786839341967|0.8704935246762339
0.8627931396569829|0.867113230661533|0.8704935246762339
0.8613930696534827|0.8672514875743786|0.8722436121806091
0.8627931396569829|0.8673766188309421|0.871893594679734
0.8631431571578579|0.8677616380819042|0.871893594679734
0.8641932096604831|0.8680364018200912|0.871893594679734
0.8631431571578579|0.8681484074203716|0.8720686034301716
0.8631431571578579|0.8684415470773537|0.871893594679734
0.8645432271613581|0.8688711935596778|0.8724186209310466
0.8645432271613581|0.868989324466223|0.8722436121806091
0.8652432621631082|0.8691879593979698|0.8727686384319217
0.8655932796639833|0.8694425971298562|0.8729436471823592
0.8655932796639833|0.8696394819740987|0.8731186559327967
0.8641932096604831|0.8697077353867695|0.8743437171858593
0.8647182359117956|0.8698363668183414|0.8732936646832342
0.8650682534126707|0.8700805040252009|0.8732936646832342
0.8654182709135457|0.8703666433321667|0.8736436821841093
0.8661183059152958|0.8703027651382569|0.8741687084354218
0.8647182359117956|0.8704611480574029|0.8741687084354218
0.863843192159608|0.8709450472523627|0.8750437521876093
0.8648932446622332|0.8711769338466919|0.8745187259362969
0.8645432271613581|0.8715208260413013|0.8746937346867344
0.867168358417921|0.871747462373118|0.8746937346867344
0.8687434371718586|0.871951347567378|0.8755687784389219
0.8680434021701086|0.8721718585929297|0.8760938046902345
0.8689184459222962|0.872252362618131|0.8755687784389219
0.8669933496674834|0.8725743787189356|0.8755687784389219
0.8683934196709836|0.8726610080504028|0.8752187609380468
0.8682184109205461|0.8727808890444525|0.876618830941547
0.867518375918796|0.8729768988449425|0.8774938746937346
0.8659432971648583|0.8730512775638786|0.8769688484424221
0.8668183409170459|0.8731624081204056|0.8774938746937346
0.8690934546727337|0.8734056702835147|0.876618830941547
0.8685684284214211|0.8736095554777745|0.8771438571928596
0.8687434371718586|0.8737521876093806|0.8771438571928596
0.8694434721736087|0.8739648232411626|0.8774938746937346
0.8701435071753588|0.8741275813790691|0.8776688834441722
0.8690934546727337|0.8741975848792433|0.8780189009450472
0.8692684634231712|0.8745511025551279|0.8780189009450472
0.8690934546727337|0.8746473573678688|0.8778438921946097
0.8706685334266714|0.8749553727686387|0.8783689184459222
0.8701435071753588|0.8751837591879594|0.8787189359467973
0.8701435071753588|0.87542002100105|0.8787189359467973
0.8701435071753588|0.8755862793139657|0.8788939446972348
0.8710185509275464|0.8758794189709488|0.8792439621981099
0.8710185509275464|0.8758304165208258|0.8795939796989849
0.8720686034301716|0.8760124256212811|0.8794189709485474
0.8727686384319217|0.8762495624781246|0.8794189709485474
0.8732936646832342|0.8764166958347913|0.8792439621981099
0.8724186209310466|0.876518200910045|0.8795939796989849
0.8732936646832342|0.8766923346167309|0.8794189709485474
0.8734686734336717|0.8768550927546379|0.8794189709485474
0.8736436821841093|0.8769574728736441|0.8795939796989849
0.8734686734336717|0.8770817290864538|0.8794189709485474
0.8725936296814841|0.8771701085054255|0.8801190059502975
0.8734686734336717|0.8774011200560029|0.8799439971998599
0.8736436821841093|0.8776198809940493|0.8799439971998599
0.8746937346867344|0.8778141407070355|0.880294014700735
0.8745187259362969|0.8779637731886589|0.8801190059502975
0.8748687434371719|0.878228911445572|0.8808190409520475
0.8755687784389219|0.8783872943647179|0.8808190409520475
0.8743437171858593|0.8785561778088902|0.8809940497024851
0.8729436471823592|0.8786970598529926|0.8808190409520475
0.8741687084354218|0.8786778088904447|0.8808190409520475
0.8745187259362969|0.878774063703185|0.8815190759537976
0.8755687784389219|0.8788633181659086|0.8815190759537976
0.8757437871893594|0.8790750787539373|0.8815190759537976
0.8752187609380468|0.8792474623731179|0.8822191109555477
0.8753937696884844|0.8792640882044104|0.8820441022051102
0.8736436821841093|0.8793445922296121|0.8816940847042352
0.8743437171858593|0.8794574728736424|0.8822191109555477
0.8732936646832342|0.8795274763738186|0.8830941547077353
0.8755687784389219|0.8796569828491428|0.8822191109555477
0.8755687784389219|0.8799063703185164|0.8822191109555477
0.8769688484424221|0.8800595029751489|0.8825691284564228
0.8755687784389219|0.8801662583129152|0.8825691284564228
0.8769688484424221|0.880184634231711|0.8829191459572978
0.8764438221911095|0.880435771788589|0.8830941547077353
0.8771438571928596|0.8806501575078757|0.8830941547077353
0.8769688484424221|0.8808015400770042|0.8832691634581729
0.8778438921946097|0.8807297864893248|0.8834441722086104
0.8781939096954847|0.8808321666083306|0.8834441722086104
0.8776688834441722|0.8809205460273013|0.8834441722086104
0.8757437871893594|0.8809327966398319|0.8830941547077353
0.8778438921946097|0.8809826741337062|0.884669233461673
0.8755687784389219|0.8809616730836538|0.8837941897094854
0.876618830941547|0.881091179558978|0.8836191809590479
0.8757437871893594|0.8812863143157168|0.8837941897094854
0.8781939096954847|0.8815182009100456|0.8841442072103605
0.8776688834441722|0.881542702135107|0.8844942247112355
0.8773188659432971|0.8815864543227159|0.884319215960798
0.8764438221911095|0.8817177108855454|0.8850192509625481
0.8780189009450472|0.8817754637731885|0.8850192509625481
0.8781939096954847|0.8818305915295767|0.8851942597129856
0.8773188659432971|0.8819530976548826|0.8850192509625481
0.8778438921946097|0.8820169758487922|0.8850192509625481
0.8776688834441722|0.8822777388869443|0.8850192509625481
0.8783689184459222|0.8823188659432968|0.8855442772138606
0.8790689534476723|0.8824186209310467|0.8855442772138606
0.8788939446972348|0.8825043752187612|0.8848442422121106
0.8780189009450472|0.882478998949948|0.8850192509625481
0.8783689184459222|0.882633881694085|0.8848442422121106
0.8781939096954847|0.8826610080504032|0.8848442422121106
0.8781939096954847|0.8827275113755697|0.8858942947147357
0.8778438921946097|0.8828736436821848|0.8853692684634231
0.8773188659432971|0.8830644032201616|0.8853692684634231
0.8764438221911095|0.8832866643332167|0.8853692684634231
0.8783689184459222|0.8833995449772489|0.8860693034651732
0.8794189709485474|0.8835658032901641|0.8857192859642982
0.880294014700735|0.8835054252712634|0.8860693034651732
0.880294014700735|0.8835754287714387|0.8858942947147357
0.8799439971998599|0.883617430871544|0.8857192859642982
0.8801190059502975|0.8838020651032551|0.8860693034651732
0.8811690584529226|0.8840943297164854|0.8865943297164858
0.8797689884494224|0.8842282114105697|0.8864193209660483
0.8808190409520475|0.8843962198109904|0.8874693734686734
0.8813440672033601|0.8844539726986343|0.8874693734686734
0.8811690584529226|0.8844793489674485|0.8869443472173608
0.8815190759537976|0.884501225061253|0.8867693384669233
0.8809940497024851|0.8845388519425971|0.8867693384669233
0.8809940497024851|0.8845817290864538|0.8872943647182359
0.8799439971998599|0.8847672383619181|0.8874693734686734
0.8808190409520475|0.8846946097304865|0.8872943647182359
0.8815190759537976|0.8847444872243613|0.8872943647182359
0.8816940847042352|0.884891494574728|0.8872943647182359
0.8809940497024851|0.8848906195309761|0.8876443822191109
0.8816940847042352|0.8850157507875384|0.8876443822191109
0.8816940847042352|0.8851627581379071|0.8876443822191109
0.8813440672033601|0.8853080154007695|0.888344417220861
0.8809940497024851|0.8854567728386413|0.888344417220861
0.8809940497024851|0.8856650332516619|0.888694434721736
0.8818690934546727|0.8856799089954497|0.8885194259712985
0.8813440672033601|0.8857647882394114|0.888694434721736
0.8822191109555477|0.8859126706335319|0.8885194259712985
0.8818690934546727|0.886210185509275|0.8885194259712985
0.8829191459572978|0.8862206860343018|0.8888694434721736
0.8822191109555477|0.8863466923346165|0.8892194609730486
0.8829191459572978|0.8864639481974096|0.8900945047252362
0.8823941197059852|0.8866450822541121|0.8900945047252362
0.8832691634581729|0.8867999649982494|0.8906195309765488
0.8804690234511725|0.8868463423171161|0.8895694784739236
0.8827441372068603|0.8871316065803297|0.8902695134756737
0.8825691284564228|0.8870677283864192|0.8902695134756737
0.8820441022051102|0.8872523626181308|0.8897444872243612
0.8825691284564228|0.887314490724536|0.8902695134756737
0.8820441022051102|0.8875875043752187|0.8904445222261113
0.8820441022051102|0.8877817640882045|0.8909695484774238
0.8820441022051102|0.8877791389569474|0.8909695484774238
0.8827441372068603|0.8879226461323064|0.8909695484774238
0.8827441372068603|0.8880661533076651|0.8909695484774238
0.8811690584529226|0.888154532726636|0.8904445222261113
0.8844942247112355|0.8884870493524671|0.8911445572278613
0.883969198459923|0.8886716835841801|0.8911445572278613
0.8837941897094854|0.8887355617780893|0.8911445572278613
0.8850192509625481|0.8886996849842493|0.8909695484774238
0.883969198459923|0.8887793139656986|0.8911445572278613
0.8862443122156107|0.8889009450472531|0.8913195659782989
0.8853692684634231|0.8890234511725584|0.8913195659782989
0.8844942247112355|0.8888668183409173|0.8911445572278613
0.8836191809590479|0.8889368218410917|0.8909695484774238
0.8858942947147357|0.8891240812040612|0.8913195659782989
0.8855442772138606|0.8892273363668192|0.8914945747287364
0.8850192509625481|0.8892780889044454|0.8914945747287364
0.884319215960798|0.8893813440672038|0.8916695834791739
0.8864193209660483|0.8895056002800145|0.8914945747287364
0.8864193209660483|0.88969198459923|0.8916695834791739
0.8860693034651732|0.8898538676933854|0.8916695834791739
0.8853692684634231|0.889790864543227|0.8918445922296114
0.8858942947147357|0.8898311165558279|0.8916695834791739
0.8860693034651732|0.8899256212810642|0.892369618480924
0.8857192859642982|0.8900043752187612|0.892019600980049
0.8844942247112355|0.8900673783689187|0.892019600980049
0.8862443122156107|0.8900735036751841|0.892369618480924
0.8858942947147357|0.8903438921946103|0.8921946097304865
0.8853692684634231|0.8904541477073857|0.892369618480924
0.8844942247112355|0.8905241512075608|0.892369618480924
0.8858942947147357|0.8906405320266021|0.8921946097304865
0.8867693384669233|0.8907201610080504|0.892369618480924
0.8860693034651732|0.8907490374518723|0.892369618480924
0.8860693034651732|0.8906807840392016|0.8925446272313615
0.887994399719986|0.8907429121456073|0.8925446272313615
0.8872943647182359|0.8906860343017158|0.8925446272313615
0.8864193209660483|0.8907831641582077|0.8925446272313615
0.8874693734686734|0.8907341617080853|0.892719635981799
0.8871193559677983|0.8907551627581374|0.8928946447322366
0.8874693734686734|0.890855792789639|0.892719635981799
0.8869443472173608|0.8909065453272669|0.892719635981799
0.8867693384669233|0.8908479173958698|0.892719635981799
0.8858942947147357|0.8909284214210709|0.8925446272313615
0.8858942947147357|0.89091617080854|0.892719635981799
0.8876443822191109|0.891063178158908|0.892719635981799
0.8867693384669233|0.8911314315715788|0.8928946447322366
0.8871193559677983|0.8910981799089953|0.8928946447322366
0.8885194259712985|0.8912600630031503|0.8934196709835491
0.8878193909695484|0.891307315365768|0.8934196709835491
0.888694434721736|0.8914035701785091|0.8934196709835491
0.8874693734686734|0.8915549527476375|0.8934196709835491
0.8874693734686734|0.8915488274413729|0.8932446622331116
0.887994399719986|0.8916468323416167|0.8932446622331116
0.8869443472173608|0.8916739586979342|0.8934196709835491
0.887994399719986|0.8916459572978642|0.8937696884844242
0.888694434721736|0.891763213160658|0.8937696884844242
0.8893944697234861|0.8920169758487927|0.8937696884844242
0.8892194609730486|0.8920056002800143|0.8941197059852992
0.8881694084704235|0.8920134756737832|0.8941197059852992
0.888694434721736|0.8921246062303102|0.8939446972348617
0.8885194259712985|0.892068603430171|0.8941197059852992
0.8869443472173608|0.8921176058802939|0.8939446972348617
0.8876443822191109|0.8921884844242213|0.8939446972348617
0.8893944697234861|0.8923766188309411|0.8942947147357367
0.8874693734686734|0.8923599929996492|0.8942947147357367
0.8872943647182359|0.8922672383619178|0.8939446972348617
0.8890444522226111|0.8922208610430524|0.8941197059852992
0.888344417220861|0.8923083654182703|0.8942947147357367
0.8878193909695484|0.8923582429121454|0.8942947147357367
0.8871193559677983|0.8924151207560371|0.8942947147357367
0.8885194259712985|0.892591879593979|0.8946447322366118
0.8885194259712985|0.8925446272313615|0.8942947147357367
0.8874693734686734|0.8925962548127399|0.8942947147357367
0.8895694784739236|0.8927161358067895|0.8946447322366118
0.8890444522226111|0.8927441372068601|0.8944697234861743
0.8892194609730486|0.89275201260063|0.8942947147357367
0.8892194609730486|0.8926907595379765|0.8948197409870493
0.888694434721736|0.8927782639131955|0.8948197409870493
0.8874693734686734|0.8929191459572973|0.8948197409870493
0.888344417220861|0.8929646482324111|0.8949947497374868
0.8895694784739236|0.8930434021701079|0.8946447322366118
0.8895694784739236|0.8929637731886588|0.8949947497374868
0.8904445222261113|0.8930224011200554|0.8949947497374868
0.8904445222261113|0.8930801540076998|0.8949947497374868
0.8897444872243612|0.8930302765138252|0.8948197409870493
0.8885194259712985|0.8931370318515927|0.8949947497374868
0.8899194959747987|0.893152782639132|0.8951697584879243
0.8888694434721736|0.8931536576828839|0.8953447672383619
0.8900945047252362|0.8933855442772126|0.8949947497374868
0.8881694084704235|0.893426671333566|0.8955197759887994
0.8906195309765488|0.8935264263213145|0.8955197759887994
0.8895694784739236|0.8935894294714732|0.8955197759887994
0.8911445572278613|0.8936751837591875|0.8955197759887994
0.8907945397269863|0.8937303115155751|0.8956947847392369
0.888344417220861|0.8937906895344763|0.8955197759887994
0.8885194259712985|0.8938746937346855|0.8956947847392369
0.8909695484774238|0.8941170808540422|0.896044802240112
0.8911445572278613|0.894104830241512|0.896044802240112
0.8907945397269863|0.8940838291914593|0.896044802240112
0.8900945047252362|0.8940698284914242|0.896044802240112
0.8904445222261113|0.8941538326916345|0.8962198109905495
0.8911445572278613|0.894232586629331|0.8965698284914245
0.8907945397269863|0.8944049702485123|0.8969198459922996
0.8909695484774238|0.8945283514175706|0.8969198459922996
0.8911445572278613|0.8947147357367866|0.8969198459922996
0.8911445572278613|0.894835491774588|0.8972698634931746
0.8921946097304865|0.8948626181309067|0.8972698634931746
0.8921946097304865|0.8949413720686027|0.8970948547427371
0.8921946097304865|0.895034126706336|0.8970948547427371
0.8916695834791739|0.8950673783689176|0.8970948547427371
0.892369618480924|0.8951513825691282|0.8970948547427371
0.8916695834791739|0.8951443822191103|0.8972698634931746
0.8907945397269863|0.8951347567378369|0.8974448722436121
0.892719635981799|0.8952073853692687|0.8972698634931746
0.8911445572278613|0.8952940147007351|0.8969198459922996
0.8913195659782989|0.8953745187259365|0.8976198809940497
0.892019600980049|0.8954926496324822|0.8974448722436121
0.892019600980049|0.8955364018200916|0.8977948897444872
0.8911445572278613|0.8954270213510676|0.8976198809940497
0.8906195309765488|0.8954488974448723|0.8976198809940497
0.8904445222261113|0.8954550227511373|0.8977948897444872
0.8921946097304865|0.8955556527826392|0.8974448722436121
0.8909695484774238|0.8955880294014701|0.8976198809940497
0.892019600980049|0.8955197759887997|0.8977948897444872
0.8914945747287364|0.8954480224011201|0.8974448722436121
0.8902695134756737|0.8955075253762691|0.8977948897444872
0.892019600980049|0.895518900945047|0.8979698984949247
0.892019600980049|0.8956090304515227|0.8974448722436121
0.8916695834791739|0.8957201610080503|0.8981449072453622
0.892719635981799|0.895801540077004|0.8979698984949247
0.8907945397269863|0.8959791739586984|0.8979698984949247
0.892719635981799|0.8959721736086809|0.8983199159957997
0.8921946097304865|0.896102555127756|0.8981449072453622
0.892019600980049|0.896115680784039|0.8981449072453622
0.8925446272313615|0.8961769338466924|0.8981449072453622
0.892719635981799|0.8962434371718596|0.8983199159957997
0.8906195309765488|0.8962600630031505|0.8986699334966748
0.8902695134756737|0.8961296814840749|0.8986699334966748
0.892369618480924|0.8962198109905498|0.8986699334966748
0.892369618480924|0.8963326916345822|0.8986699334966748
0.892019600980049|0.8963685684284216|0.8984949247462373
0.8909695484774238|0.8964621981099051|0.8984949247462373
0.8918445922296114|0.8965147007350365|0.8991949597479874
0.8907945397269863|0.8966127056352817|0.8990199509975498
0.8906195309765488|0.8964963248162411|0.8990199509975498
0.8899194959747987|0.8966818340917041|0.8984949247462373
0.8909695484774238|0.8967982149107455|0.8991949597479874
0.8911445572278613|0.8968498424921242|0.8984949247462373
0.8930696534826741|0.8969574728736438|0.8984949247462373
0.8942947147357367|0.8970493524676239|0.8986699334966748
0.8935946797339867|0.8971071053552686|0.8986699334966748
0.8941197059852992|0.8971036051802592|0.8990199509975498
0.8935946797339867|0.8971386069303466|0.8988449422471123
0.8939446972348617|0.8971578578928949|0.8988449422471123
0.8928946447322366|0.8971613580679038|0.8988449422471123
0.8932446622331116|0.8971421071053551|0.8990199509975498
0.8942947147357367|0.8972698634931748|0.8988449422471123
0.8942947147357367|0.8973967448372424|0.8991949597479874
0.8944697234861743|0.8973792439621991|0.8995449772488624
0.8935946797339867|0.8973599929996499|0.8993699684984249
