#graphName ./input/DataSets/le450_5a.g numNodes 450
#PopulationSize 200 genCount 500
#k 2 p 0.85 m 0.001
#bestIndividual: 004020041043341210111330331103241323113321111014022104134142333413040331410312312411143343113341323140243121020334231301413103023241021104342121440021204342403202124212431400200131403223003332020212001324043222301442440040340104320440324102000432202404321442111301343244402441413300244214434310103233334113334014432040410303414103043130422014431024334041122402202312100221024233233340234044401113202110311004200132021222002234324103211312340002003420
0.7850892544627232|0.799851242562128|0.8116905845292265
0.7859642982149108|0.8011594329716486|0.815890794539727
0.788064403220161|0.8018577178858954|0.815890794539727
0.7924396219810991|0.8029891494574726|0.8151907595379769
0.7912145607280364|0.8030057752887642|0.8220161008050403
0.7912145607280364|0.8033137906895347|0.8162408120406021
0.7905145257262863|0.8035894294714727|0.8162408120406021
0.7908645432271614|0.8034319215960799|0.8169408470423521
0.7854392719635982|0.8036769338466923|0.8167658382919146
0.7882394119705985|0.8041074553727683|0.8167658382919146
0.7866643332166608|0.8042772138606931|0.8192159607980399
0.7889394469723486|0.804198459922996|0.8174658732936647
0.7838641932096605|0.8047584879243956|0.8190409520476024
0.7913895694784739|0.8052572628631431|0.8213160658032902
0.7913895694784739|0.8056519075953797|0.8209660483024152
0.7922646132306616|0.8061743087154362|0.8197409870493525
0.7924396219810991|0.8067754637731889|0.8216660833041652
0.7948897444872244|0.8067885894294717|0.8227161358067904
0.7929646482324116|0.8069207210360523|0.8211410570528527
0.7924396219810991|0.8065085754287719|0.8218410920546028
0.7933146657332867|0.8070362268113408|0.8172908645432272
0.7945397269863493|0.8070143507175364|0.8204410220511026
0.7927896394819741|0.8074089954497724|0.8183409170458523
0.7950647532376619|0.807679383969198|0.8209660483024152
0.7947147357367869|0.808089779488975|0.8214910745537277
0.7962898144907246|0.8081107805390271|0.8197409870493525
0.7950647532376619|0.8083225411270566|0.8218410920546028
0.7941897094854743|0.8077773888694437|0.823591179558978
0.7948897444872244|0.8081134056702837|0.8246412320616031
0.7968148407420371|0.8085351767588383|0.81991599579979
0.7968148407420371|0.808827441372069|0.81991599579979
0.7985649282464123|0.8092754637731885|0.8192159607980399
0.7975148757437872|0.8098923696184811|0.8220161008050403
0.7948897444872244|0.8098416170808542|0.8211410570528527
0.7982149107455373|0.8108697934896744|0.8244662233111656
0.7975148757437872|0.8113038151907597|0.8241162058102905
0.7990899544977249|0.8119828491424569|0.8242912145607281
0.8008400420021001|0.8127012600630026|0.8244662233111656
0.8011900595029752|0.8129917745887297|0.8244662233111656
0.8013650682534127|0.8137845642282118|0.8248162408120406
0.8032901645082254|0.8137416870843543|0.8263913195659783
0.8062653132656633|0.8141232061603085|0.8262163108155408
0.8043402170108506|0.8148083654182706|0.8260413020651033
0.8029401470073504|0.815344767238362|0.8267413370668534
0.8025901295064753|0.8157936646832343|0.827966398319916
0.804165208260413|0.8166197059852991|0.8251662583129157
0.8083654182709136|0.8171841092054606|0.8274413720686035
0.8050402520126007|0.8172059852992649|0.8284914245712286
0.80014000700035|0.8174571228561429|0.8307665383269164
0.8048652432621631|0.8176128806440317|0.8311165558277914
0.8053902695134757|0.8182070353517671|0.8288414420721036
0.8010150507525376|0.8188501925096251|0.827966398319916
0.8080154007700385|0.8197654882744133|0.8304165208260413
0.8101155057752888|0.8206125306265315|0.8304165208260413
0.8088904445222261|0.8206405320266011|0.8286664333216661
0.8109905495274764|0.8210334266713329|0.831641582079104
0.8120406020301015|0.8211874343717186|0.8302415120756038
0.8092404620231012|0.821334441722086|0.831991599579979
0.8083654182709136|0.8216757087854387|0.8347917395869794
0.8080154007700385|0.8226863843192159|0.8321666083304166
0.8113405670283514|0.8230302765138259|0.8326916345817291
0.8130906545327267|0.8241030801540081|0.8330416520826042
0.8148407420371019|0.8243629681484071|0.8323416170808541
0.815540777038852|0.8249238711935596|0.8323416170808541
0.8141407070353518|0.8250577528876448|0.8349667483374169
0.815890794539727|0.8257017850892545|0.8358417920896045
0.811515575778789|0.826062303115156|0.8358417920896045
0.8167658382919146|0.8264464473223666|0.8374168708435422
0.8151907595379769|0.827241862093105|0.8361918095904796
0.8171158557927897|0.8274912495624782|0.8354917745887295
0.8174658732936647|0.8278902695134757|0.8354917745887295
0.8157157857892895|0.8290628281414079|0.8382919145957298
0.8206160308015401|0.8299168708435422|0.8417920896044803
0.81991599579979|0.8298827441372069|0.8423171158557928
0.8185159257962898|0.830270388519426|0.8423171158557928
0.8185159257962898|0.8301120056002808|0.8431921596079804
0.819565978298915|0.8312495624781236|0.8430171508575429
0.8192159607980399|0.8315724536226808|0.8431921596079804
0.8197409870493525|0.8316617080854037|0.8426671333566679
0.8178158907945398|0.8324186209310471|0.8407420371018551
0.8178158907945398|0.8329908995449776|0.8428421421071054
0.8193909695484775|0.8334380469023454|0.8410920546027302
0.8230661533076654|0.8341389569478476|0.8424921246062304
0.8237661883094155|0.8348652432621628|0.8428421421071054
0.8227161358067904|0.8355469023451174|0.8428421421071054
0.8267413370668534|0.835917045852292|0.8435421771088555
0.8258662933146658|0.8367054602730138|0.8451172558627932
0.8269163458172909|0.8373879943997201|0.8461673083654183
0.8291914595729787|0.8376242562128111|0.8459922996149808
0.8307665383269164|0.8380547777388874|0.8452922646132307
0.8290164508225412|0.8384240462023103|0.8454672733636682
0.8277913895694785|0.8387066853342664|0.8463423171158558
0.827616380819041|0.8395126006300313|0.8465173258662934
0.827616380819041|0.8398774938746947|0.8466923346167309
0.831291564578229|0.8404322716135809|0.8468673433671684
0.8326916345817291|0.8408374168708436|0.8475673783689185
0.8328666433321666|0.8412950647532377|0.8479173958697935
0.8295414770738537|0.8415339516975852|0.8489674483724187
0.8302415120756038|0.8419697234861748|0.8503675183759188
0.8295414770738537|0.8425411270563528|0.8512425621281065
0.8333916695834792|0.8428272663633187|0.8508925446272314
0.8318165908295415|0.8431895344767242|0.8503675183759188
0.831991599579979|0.8434651732586634|0.8494924746237312
0.835666783339167|0.8440453272663635|0.8500175008750438
0.8358417920896045|0.8446018550927546|0.8508925446272314
0.8384669233461673|0.8450183759187958|0.8524676233811691
0.8386419320966049|0.8452922646132306|0.851767588379419
0.8379418970948548|0.8457656632831643|0.8512425621281065
0.8375918795939797|0.8461200560028004|0.8515925796289815
0.8382919145957298|0.8464805740287015|0.8512425621281065
0.8403920196009801|0.8469714735736779|0.8526426321316066
0.840042002100105|0.8473949947497377|0.8528176408820441
0.8414420721036052|0.847589254462723|0.8522926146307316
0.843367168358418|0.8478963948197412|0.8529926496324817
0.8438921946097305|0.848412670633532|0.8529926496324817
0.8438921946097305|0.8484992999649981|0.8535176758837942
0.8423171158557928|0.8489936996849845|0.8543927196359818
0.8421421071053553|0.8495274763738188|0.8552677633881695
0.840042002100105|0.849638606930347|0.8559677983899195
0.8421421071053553|0.8501190059502969|0.8556177808890445
0.8447672383619181|0.8503727686384321|0.8556177808890445
0.8445922296114806|0.8501828841442073|0.8556177808890445
0.8444172208610431|0.8503561428071404|0.8559677983899195
0.8451172558627932|0.850903045152258|0.8559677983899195
0.8442422121106056|0.8512486874343717|0.855442772138607
0.8451172558627932|0.8515934546727341|0.8566678333916696
0.8452922646132307|0.8517010850542526|0.8571928596429822
0.8435421771088555|0.852156107805391|0.8571928596429822
0.8459922996149808|0.8525446272313623|0.8591179558977949
0.8465173258662934|0.8530976548827442|0.85946797339867
0.8479173958697935|0.8535728036401816|0.85946797339867
0.8486174308715436|0.8541372068603438|0.8592929646482325
0.8489674483724187|0.8546928596429827|0.8592929646482325
0.8498424921246063|0.8549667483374166|0.859817990899545
0.8491424571228562|0.855362268113406|0.8606930346517326
0.8491424571228562|0.8557726636331816|0.8606930346517326
0.8503675183759188|0.8561629331466568|0.8608680434021702
0.851767588379419|0.8566433321666084|0.8606930346517326
0.851417570878544|0.8570161008050402|0.8617430871543578
0.8529926496324817|0.8574439971998602|0.8619180959047953
0.8531676583829192|0.8575787539376969|0.8633181659082955
0.8535176758837942|0.8578587679383969|0.8631431571578579
0.8535176758837942|0.8581239061953102|0.8622681134056703
0.8519425971298565|0.8582989149457478|0.8629681484074204
0.8524676233811691|0.8585675533776694|0.8629681484074204
0.8533426671333567|0.8586874343717191|0.8629681484074204
0.8529926496324817|0.8588781939096958|0.8631431571578579
0.8545677283864194|0.8591127056352826|0.8631431571578579
0.8531676583829192|0.8595939796989852|0.8640182009100456
0.8540427021351068|0.8598556177808889|0.8643682184109206
0.8540427021351068|0.8602721386069305|0.8643682184109206
0.8559677983899195|0.8604768988449426|0.8654182709135457
0.8550927546377319|0.8608724186209311|0.8650682534126707
0.8563178158907946|0.8610028001400072|0.8655932796639833
0.8568428421421072|0.8613274413720688|0.8666433321666084
0.8563178158907946|0.8616345817290865|0.8668183409170459
0.8564928246412321|0.8620301015050755|0.867168358417921
0.8578928946447323|0.8625061253062654|0.8661183059152958
0.8570178508925447|0.8625402520126011|0.8661183059152958
0.8570178508925447|0.8627616380819044|0.8668183409170459
0.8585929296464824|0.8630582779138954|0.8669933496674834
0.8578928946447323|0.8631291564578228|0.867868393419671
0.8575428771438572|0.8634721736086806|0.8669933496674834
0.8589429471473574|0.8638563178158905|0.867868393419671
0.85946797339867|0.8640567028351412|0.8696184809240463
0.8580679033951698|0.8642535876793841|0.8689184459222962
0.8599929996499825|0.8645616030801538|0.8689184459222962
0.859817990899545|0.8648013650682536|0.8682184109205461
0.8596429821491075|0.8649824991249561|0.8696184809240463
0.8605180259012951|0.8651618830941549|0.8692684634231712
0.8605180259012951|0.8653543927196359|0.8697934896744838
0.8605180259012951|0.8656116555827786|0.8701435071753588
0.8599929996499825|0.865777913895695|0.8701435071753588
0.8608680434021702|0.8660483024151211|0.8703185159257963
0.8613930696534827|0.8663003150157513|0.8710185509275464
0.8606930346517326|0.8666652082604138|0.871193559677984
0.8591179558977949|0.8666608330416524|0.871193559677984
0.8617430871543578|0.86697584879244|0.8703185159257963
0.8622681134056703|0.8672978648932448|0.871193559677984
0.8613930696534827|0.8676155057752886|0.8710185509275464
0.8641932096604831|0.8680845292264615|0.871543577178859
0.8636681834091705|0.8683102905145256|0.8725936296814841
0.8633181659082955|0.8686874343717181|0.871893594679734
0.8633181659082955|0.8689753237661884|0.8722436121806091
0.8640182009100456|0.8691293314665731|0.8724186209310466
0.8647182359117956|0.8693682184109209|0.8724186209310466
0.863493174658733|0.8694408470423521|0.8736436821841093
0.8641932096604831|0.8697479873993703|0.8736436821841093
0.8648932446622332|0.869940497024852|0.8741687084354218
0.8657682884144208|0.8702327616380816|0.8748687434371719
0.8641932096604831|0.8705136506825335|0.8745187259362969
0.8659432971648583|0.8707910395519781|0.8741687084354218
0.8657682884144208|0.8707630381519077|0.8745187259362969
0.8655932796639833|0.8710264263213158|0.8746937346867344
0.8666433321666084|0.8712959397969899|0.8755687784389219
0.867168358417921|0.8714411970598528|0.8750437521876093
0.8682184109205461|0.8719163458172906|0.8752187609380468
0.867868393419671|0.8720668533426674|0.876268813440672
0.8676933846692335|0.872364368218411|0.876618830941547
0.8676933846692335|0.8725603780189003|0.876618830941547
0.8676933846692335|0.8727065103255164|0.8764438221911095
0.8683934196709836|0.8728797689884492|0.876618830941547
0.8682184109205461|0.8730530276513825|0.8764438221911095
0.8687434371718586|0.8732954147707384|0.8764438221911095
0.8666433321666084|0.8734415470773539|0.8774938746937346
0.8683934196709836|0.8737250612530629|0.8767938396919845
0.8701435071753588|0.8738615680784038|0.8774938746937346
0.8697934896744838|0.8741844592229611|0.8778438921946097
0.8696184809240463|0.8743384669233463|0.8774938746937346
0.8696184809240463|0.8744977248862444|0.8774938746937346
0.8689184459222962|0.8747611130556529|0.8787189359467973
0.8690934546727337|0.8749019950997556|0.8783689184459222
0.8703185159257963|0.8750665033251672|0.8783689184459222
0.8699684984249213|0.8751872593629686|0.8783689184459222
0.8701435071753588|0.8753071403570175|0.8790689534476723
0.871893594679734|0.8755127756387818|0.8785439271963598
0.8713685684284215|0.8753972698634928|0.8785439271963598
0.8713685684284215|0.8755399019950992|0.8790689534476723
0.8713685684284215|0.8757980399019949|0.8792439621981099
0.8704935246762339|0.8758794189709481|0.8788939446972348
0.8701435071753588|0.8762451872593631|0.8794189709485474
0.8703185159257963|0.8763388169408473|0.8792439621981099
0.8713685684284215|0.8765077003850194|0.8792439621981099
0.8722436121806091|0.8764000700035008|0.8801190059502975
0.8720686034301716|0.8766083304165201|0.8801190059502975
0.8720686034301716|0.8768900945047255|0.8809940497024851
0.8724186209310466|0.8771176058802943|0.880294014700735
0.8727686384319217|0.8772567378368917|0.8808190409520475
0.8736436821841093|0.8773792439621977|0.880294014700735
0.8732936646832342|0.8775743787189356|0.88064403220161
0.8741687084354218|0.8777975148757438|0.88064403220161
0.8738186909345468|0.8779707735386768|0.8809940497024851
0.8734686734336717|0.8781974098704936|0.8813440672033601
0.8750437521876093|0.8784039201960094|0.8813440672033601
0.8738186909345468|0.8784861743087145|0.8813440672033601
0.871893594679734|0.878677808890444|0.8813440672033601
0.8717185859292965|0.8787653132656632|0.8815190759537976
0.871893594679734|0.8789919495974794|0.8820441022051102
0.8738186909345468|0.8794364718235913|0.8823941197059852
0.8741687084354218|0.8795414770738529|0.8827441372068603
0.8755687784389219|0.8796062303115153|0.8825691284564228
0.8752187609380468|0.8797269863493173|0.8829191459572978
0.8743437171858593|0.8797961148057404|0.8836191809590479
0.8745187259362969|0.8798433671683584|0.8836191809590479
0.8757437871893594|0.8800726286314312|0.8830941547077353
0.8757437871893594|0.8801321316065797|0.8830941547077353
0.8750437521876093|0.8802528876443825|0.8829191459572978
0.8750437521876093|0.8803071403570173|0.8837941897094854
0.8764438221911095|0.880377143857193|0.8836191809590479
0.8764438221911095|0.8806125306265317|0.8834441722086104
0.8760938046902345|0.8807796639831988|0.8837941897094854
0.8757437871893594|0.8809835491774589|0.883969198459923
0.8757437871893594|0.8810168008400417|0.884669233461673
0.8769688484424221|0.8812215610780544|0.8850192509625481
0.8769688484424221|0.8814070703535176|0.8848442422121106
0.876268813440672|0.8815225761288064|0.8848442422121106
0.876618830941547|0.8817772138606934|0.8851942597129856
0.8778438921946097|0.8820371018550932|0.8853692684634231
0.8771438571928596|0.8821079803990196|0.8858942947147357
0.8780189009450472|0.8822523626181311|0.8858942947147357
0.8752187609380468|0.8824098704935249|0.8858942947147357
0.8752187609380468|0.8824632481624082|0.8857192859642982
0.8781939096954847|0.8827922646132309|0.8853692684634231
0.8785439271963598|0.8830871543577188|0.8853692684634231
0.8778438921946097|0.8833155407770399|0.8865943297164858
0.8794189709485474|0.883507175358768|0.8860693034651732
0.8799439971998599|0.883634931746588|0.8860693034651732
0.8792439621981099|0.8837233111655591|0.8862443122156107
0.8795939796989849|0.8837311865593285|0.8862443122156107
0.8783689184459222|0.8837880644032206|0.8867693384669233
0.8781939096954847|0.8838860693034652|0.8867693384669233
0.8790689534476723|0.8839569478473925|0.8865943297164858
0.88064403220161|0.8840575778788943|0.8865943297164858
0.8792439621981099|0.8840348267413367|0.8869443472173608
0.8808190409520475|0.8841652082604131|0.8867693384669233
0.88064403220161|0.8843174658732934|0.8865943297164858
0.8804690234511725|0.8843717185859297|0.8867693384669233
0.8811690584529226|0.884515225761288|0.8872943647182359
0.8794189709485474|0.8844583479173959|0.887994399719986
0.8797689884494224|0.8846429821491074|0.8874693734686734
0.8813440672033601|0.8848232411620579|0.8876443822191109
0.8808190409520475|0.8849466223311164|0.8878193909695484
0.88064403220161|0.8850717535876789|0.887994399719986
0.8813440672033601|0.8852765138256915|0.8888694434721736
0.88064403220161|0.8853412670633531|0.8876443822191109
0.88064403220161|0.8853718935946798|0.8885194259712985
0.8811690584529226|0.8855574028701437|0.887994399719986
0.8813440672033601|0.8857376618830941|0.888694434721736
0.8818690934546727|0.8858654182709129|0.888344417220861
0.8808190409520475|0.8857919145957296|0.8885194259712985
0.8827441372068603|0.8859966748337419|0.8892194609730486
0.8820441022051102|0.8861235561778087|0.8888694434721736
0.8818690934546727|0.88618830941547|0.8897444872243612
0.8822191109555477|0.8864726986349314|0.8897444872243612
0.8822191109555477|0.8867133356667832|0.8900945047252362
0.8836191809590479|0.8869093454672726|0.8900945047252362
0.8822191109555477|0.8870519775988797|0.8906195309765488
0.8822191109555477|0.8869758487924386|0.8902695134756737
0.8825691284564228|0.8870712285614278|0.8904445222261113
0.8836191809590479|0.8872287364368211|0.8902695134756737
0.8832691634581729|0.8874553727686384|0.8916695834791739
0.8836191809590479|0.8876531326566321|0.8916695834791739
0.8834441722086104|0.8877318865943293|0.8916695834791739
0.8830941547077353|0.8879252712635626|0.8909695484774238
0.883969198459923|0.8881869093454674|0.8916695834791739
0.8832691634581729|0.8885439271963602|0.8921946097304865
0.8832691634581729|0.8886638081904095|0.8928946447322366
0.8829191459572978|0.8888641932096608|0.8930696534826741
0.8848442422121106|0.8890129506475322|0.8934196709835491
0.8837941897094854|0.8891783339166964|0.8932446622331116
0.8836191809590479|0.8893200910045503|0.8932446622331116
0.8855442772138606|0.8896254812740633|0.8934196709835491
0.8851942597129856|0.8898652432621639|0.8935946797339867
0.8855442772138606|0.8900813790689541|0.8934196709835491
0.8853692684634231|0.8902695134756743|0.8937696884844242
0.884669233461673|0.8903727686384315|0.8935946797339867
0.8865943297164858|0.8906046552327617|0.8935946797339867
0.8864193209660483|0.8906379068953447|0.8934196709835491
0.8857192859642982|0.8908899194959744|0.8934196709835491
0.8864193209660483|0.8909380469023449|0.8937696884844242
0.8867693384669233|0.8910666783339168|0.8934196709835491
0.8869443472173608|0.8912250612530626|0.8944697234861743
0.8871193559677983|0.8913755687784388|0.8944697234861743
0.8864193209660483|0.8916345817290865|0.8944697234861743
0.8872943647182359|0.8920126006300315|0.8944697234861743
0.8885194259712985|0.8921561078053899|0.8949947497374868
0.8892194609730486|0.8922987399369963|0.8944697234861743
0.8892194609730486|0.8923022401120049|0.8951697584879243
0.8885194259712985|0.8923529926496321|0.8951697584879243
0.8888694434721736|0.892618130906545|0.8949947497374868
0.8892194609730486|0.8927826391319565|0.8953447672383619
0.8893944697234861|0.8928097654882737|0.8956947847392369
0.8893944697234861|0.8928736436821834|0.8951697584879243
0.888694434721736|0.8930215260763038|0.8953447672383619
0.8872943647182359|0.8930022751137559|0.8951697584879243
0.8895694784739236|0.8930897794889742|0.8958697934896744
0.8885194259712985|0.8931720336016795|0.8953447672383619
0.8869443472173608|0.893135281764089|0.8956947847392369
0.8893944697234861|0.8932402870143504|0.8956947847392369
0.8906195309765488|0.8934625481274058|0.8956947847392369
0.8895694784739236|0.89338816940847|0.896044802240112
0.8888694434721736|0.8933794189709487|0.8962198109905495
0.8900945047252362|0.8935168008400415|0.8962198109905495
0.8862443122156107|0.8936445572278608|0.8965698284914245
0.8904445222261113|0.8938221911095552|0.8962198109905495
0.8885194259712985|0.8938458172908648|0.896394819740987
0.8909695484774238|0.8938414420721041|0.896394819740987
0.8904445222261113|0.8940190759537978|0.896394819740987
0.8904445222261113|0.8940768288414419|0.896394819740987
0.8906195309765488|0.8940645782289113|0.8965698284914245
0.8899194959747987|0.8941127056352812|0.8970948547427371
0.8906195309765488|0.894246587329366|0.8970948547427371
0.8904445222261113|0.894437346867343|0.8974448722436121
0.8907945397269863|0.8945563528176408|0.8969198459922996
0.8900945047252362|0.894724361218061|0.896744837241862
0.8895694784739236|0.894796989849493|0.8969198459922996
0.8914945747287364|0.894882744137207|0.8972698634931746
0.8902695134756737|0.8948801190059497|0.8976198809940497
0.8921946097304865|0.8951163808190412|0.8976198809940497
0.8902695134756737|0.8952117605880296|0.8979698984949247
0.8916695834791739|0.8954340217010847|0.8977948897444872
0.8918445922296114|0.8955022751137559|0.8977948897444872
0.8918445922296114|0.8954917745887294|0.8979698984949247
0.8904445222261113|0.8956431571578576|0.8983199159957997
0.8904445222261113|0.8956632831641584|0.8979698984949247
0.8906195309765488|0.8958951697584875|0.8981449072453622
0.8911445572278613|0.8958531676583825|0.8983199159957997
0.8925446272313615|0.8960448022401117|0.8986699334966748
0.892719635981799|0.8960990549527478|0.8990199509975498
0.892369618480924|0.8961209310465525|0.8990199509975498
0.8918445922296114|0.8960964298214914|0.8991949597479874
0.8914945747287364|0.8963484424221206|0.8995449772488624
0.8930696534826741|0.896449072453623|0.8993699684984249
0.8934196709835491|0.8965575778788946|0.8991949597479874
0.8939446972348617|0.8964884494224712|0.8988449422471123
0.8925446272313615|0.8964236961848089|0.8984949247462373
0.892719635981799|0.896370318515926|0.8984949247462373
0.8914945747287364|0.8964910745537276|0.8986699334966748
0.8930696534826741|0.8965470773538675|0.8988449422471123
0.8935946797339867|0.896683584179209|0.8984949247462373
0.8930696534826741|0.8966958347917404|0.8988449422471123
0.8932446622331116|0.8967177108855452|0.8990199509975498
0.8925446272313615|0.8967133356667835|0.8990199509975498
0.8930696534826741|0.8968279663983195|0.8990199509975498
0.8928946447322366|0.8968900945047257|0.8988449422471123
0.8928946447322366|0.8969373468673432|0.8990199509975498
0.892719635981799|0.8969583479173963|0.8991949597479874
0.892719635981799|0.8970913545677286|0.8997199859992999
0.892019600980049|0.8971639831991598|0.8997199859992999
0.8925446272313615|0.8972619880994053|0.8998949947497374
0.8930696534826741|0.897518375918796|0.8997199859992999
0.8935946797339867|0.8974632481624082|0.8998949947497374
0.8939446972348617|0.8975752537626885|0.900070003500175
0.8939446972348617|0.8976750087504375|0.8998949947497374
0.8941197059852992|0.897815015750788|0.8997199859992999
0.8939446972348617|0.8977598879944|0.90042002100105
0.8944697234861743|0.8977808890444524|0.90042002100105
0.8941197059852992|0.8978631431571573|0.900070003500175
0.8934196709835491|0.8980276513825697|0.900070003500175
0.8932446622331116|0.8980066503325165|0.900070003500175
0.8937696884844242|0.8981405320266016|0.9009450472523626
0.8946447322366118|0.8981632831641579|0.900770038501925
0.8951697584879243|0.8982227861393074|0.9002450122506125
0.8944697234861743|0.898388169408471|0.9002450122506125
0.8944697234861743|0.8983164158207912|0.900070003500175
0.8946447322366118|0.8983671683584181|0.900770038501925
0.8934196709835491|0.8983312915645785|0.9002450122506125
0.8946447322366118|0.8984669233461673|0.900070003500175
0.8948197409870493|0.8985343017150862|0.9005950297514875
0.8925446272313615|0.8985150507525371|0.9009450472523626
0.892719635981799|0.8986690584529223|0.9009450472523626
0.8930696534826741|0.8988589429471467|0.9009450472523626
0.8941197059852992|0.8988956947847396|0.9009450472523626
0.8958697934896744|0.898946447322366|0.9011200560028001
0.8944697234861743|0.8988773188659431|0.900770038501925
0.8956947847392369|0.8990138256912844|0.9012950647532376
0.8948197409870493|0.899125831291565|0.9009450472523626
0.8962198109905495|0.8991345817290867|0.9011200560028001
0.8956947847392369|0.8989709485474283|0.9016450822541127
0.8951697584879243|0.8990917045852287|0.9012950647532376
0.8951697584879243|0.8990593279663982|0.9009450472523626
0.8941197059852992|0.8990400770038494|0.9011200560028001
0.8946447322366118|0.8990479523976195|0.9011200560028001
0.8956947847392369|0.8992238361918103|0.9014700735036751
0.8951697584879243|0.8994075953797683|0.9019950997549877
0.8956947847392369|0.8994924746237309|0.9019950997549877
0.8948197409870493|0.8995178508925445|0.9019950997549877
0.8958697934896744|0.8996263563178161|0.9019950997549877
0.8953447672383619|0.8997059852992649|0.9021701085054252
0.896044802240112|0.8996902345117255|0.9019950997549877
0.8949947497374868|0.8996709835491771|0.9023451172558627
0.8956947847392369|0.8995974798739935|0.9026951347567378
0.8948197409870493|0.8997147357367864|0.9021701085054252
0.8951697584879243|0.8996718585929291|0.9019950997549877
0.8942947147357367|0.8996438571928593|0.9026951347567378
0.8958697934896744|0.899873118655933|0.9026951347567378
0.8962198109905495|0.8998468673433672|0.9025201260063003
0.8969198459922996|0.8999588729436471|0.9025201260063003
0.8958697934896744|0.9000533776688827|0.9026951347567378
0.8958697934896744|0.9001487574378718|0.9026951347567378
0.8955197759887994|0.9003158907945402|0.9026951347567378
0.896044802240112|0.9002511375568776|0.9025201260063003
0.896394819740987|0.9002765138256911|0.9028701435071753
0.8962198109905495|0.9003491424571223|0.9028701435071753
0.896044802240112|0.9005232761638078|0.9026951347567378
0.8955197759887994|0.9006877843892194|0.9028701435071753
0.896394819740987|0.9006860343017142|0.9028701435071753
0.8969198459922996|0.9006851592579623|0.9026951347567378
0.8955197759887994|0.9007919145957289|0.9028701435071753
0.8955197759887994|0.9007402870143508|0.9030451522576128
0.896044802240112|0.9007105355267764|0.9030451522576128
0.8972698634931746|0.9008549177458873|0.9028701435071753
0.8965698284914245|0.9010150507525377|0.9030451522576128
0.896394819740987|0.9011043052152601|0.9033951697584879
0.8970948547427371|0.9011550577528878|0.9035701785089254
0.8969198459922996|0.9012513125656286|0.9039201960098004
0.8970948547427371|0.9012513125656278|0.9046202310115505
0.8976198809940497|0.9011515575778783|0.904095204760238
0.8969198459922996|0.9014840742037099|0.9042702135106755
0.8972698634931746|0.901565453272663|0.9042702135106755
0.8972698634931746|0.901647707385369|0.9039201960098004
0.8979698984949247|0.90184809240462|0.9042702135106755
0.8991949597479874|0.9020012250612528|0.9039201960098004
0.8981449072453622|0.9019478473923697|0.904445222261113
0.8981449072453622|0.9021088554427723|0.9049702485124256
0.8974448722436121|0.9021193559677978|0.9042702135106755
0.8974448722436121|0.9021569828491423|0.9047952397619881
0.896744837241862|0.9023083654182709|0.9046202310115505
0.896744837241862|0.9024649982499124|0.9051452572628631
0.8983199159957997|0.902664508225411|0.9049702485124256
0.8979698984949247|0.9027520126006294|0.9058452922646132
0.8995449772488624|0.9028657682884145|0.9056702835141757
0.8986699334966748|0.9028631431571584|0.9056702835141757
0.8988449422471123|0.9030040252012596|0.9056702835141757
0.8991949597479874|0.9030320266013301|0.9056702835141757
0.8990199509975498|0.9031037801890096|0.9054952747637381
0.8997199859992999|0.9031055302765132|0.9054952747637381
0.8998949947497374|0.9032044102205105|0.9056702835141757
0.900070003500175|0.9031282814140706|0.9060203010150507
0.8993699684984249|0.9030906545327269|0.9054952747637381
0.8990199509975498|0.9030749037451866|0.9061953097654882
0.8976198809940497|0.9030504025201256|0.9060203010150507
0.8979698984949247|0.9032219110955549|0.9058452922646132
0.900070003500175|0.9035308015400768|0.9058452922646132
0.8979698984949247|0.9035553027651373|0.9061953097654882
0.8984949247462373|0.9036935596779837|0.9060203010150507
0.8990199509975498|0.9037994399719987|0.9060203010150507
0.8997199859992999|0.9038948197409868|0.9060203010150507
0.900070003500175|0.9039805740287008|0.9060203010150507
0.8988449422471123|0.9040523276163814|0.9063703185159258
0.8988449422471123|0.9041197059852994|0.9065453272663633
0.8977948897444872|0.9041687084354222|0.9063703185159258
0.8998949947497374|0.9043778438921954|0.9065453272663633
0.900770038501925|0.904456597829892|0.9068953447672383
0.9002450122506125|0.9045082254112711|0.9068953447672383
0.9011200560028001|0.9045554777738886|0.9068953447672383
0.9005950297514875|0.9047191109555486|0.9068953447672383
0.9019950997549877|0.9049352467623386|0.9068953447672383
0.90042002100105|0.9049273713685685|0.9075953797689884
0.8977948897444872|0.9050866293314667|0.9072453622681134
