#graphName ./input/DataSets/le450_5a.g numNodes 450
#PopulationSize 200 genCount 500
#k 2 p 0.85 m 0.001
#bestIndividual: 344444101303220232130130322420004422411022024443144132032420203133133234021413411021100211341130212004403430104040220132214412130411444142122104102332414430330142431330240001124302041434020040443223130023223342011103232441432243103224411340210401034011330123202113110222034114310300014121201242340333040423402223303430241232124000032444430223424202314034303242213230304234410342141432344023333432210012124221242202122402231334212132444142312014001410
0.7866643332166608|0.8004978998949948|0.8151907595379769
0.7885894294714736|0.8014534476723835|0.8132656632831642
0.7898144907245362|0.802664508225411|0.8174658732936647
0.791739586979349|0.8031545327266365|0.8181659082954148
0.7894644732236612|0.8034389219460979|0.8171158557927897
0.7896394819740987|0.8042054602730141|0.8186909345467274
0.7861393069653483|0.8046727336366826|0.8172908645432272
0.7882394119705985|0.8046141057052858|0.8164158207910396
0.7898144907245362|0.8050157507875392|0.8172908645432272
0.7915645782289115|0.8056790339516978|0.8160658032901645
0.7905145257262863|0.8046534826741337|0.8157157857892895
0.788064403220161|0.8058365418270915|0.8167658382919146
0.7892894644732237|0.80539989499475|0.8162408120406021
0.7922646132306616|0.8056641582079103|0.8181659082954148
0.7922646132306616|0.8056011550577534|0.8200910045502275
0.7941897094854743|0.805927546377319|0.8183409170458523
0.7906895344767239|0.806164683234161|0.8204410220511026
0.7950647532376619|0.8066275813790686|0.8200910045502275
0.7884144207210361|0.8072304865243259|0.8188659432971649
0.795764788239412|0.8083654182709137|0.8228911445572279
0.795414770738537|0.8084502975148756|0.8225411270563528
0.7913895694784739|0.8077047602380116|0.8190409520476024
0.7922646132306616|0.8082534126706333|0.8183409170458523
0.7934896744837242|0.8084651732586634|0.8197409870493525
0.7948897444872244|0.809538851942597|0.8193909695484775
0.7947147357367869|0.8097969898494927|0.8216660833041652
0.7982149107455373|0.8100332516625831|0.8206160308015401
0.7966398319915996|0.8105136506825338|0.8202660133006651
0.7990899544977249|0.810515400770038|0.8220161008050403
0.799789989499475|0.8109809240462027|0.8253412670633532
0.7990899544977249|0.8112469373468677|0.8242912145607281
0.7980399019950998|0.8114193209660481|0.8223661183059153
0.7973398669933497|0.8116240812040598|0.8237661883094155
0.7968148407420371|0.8120581029051455|0.823591179558978
0.8013650682534127|0.812425621281064|0.8262163108155408
0.8017150857542877|0.8130442772138605|0.823941197059853
0.7987399369968499|0.8131545327266367|0.8255162758137907
0.799789989499475|0.813729436471824|0.8234161708085405
0.7994399719986|0.8138834441722089|0.8253412670633532
0.8006650332516626|0.8139779488974445|0.8256912845642282
0.8029401470073504|0.8142868393419671|0.827966398319916
0.8018900945047253|0.8146009800490023|0.8253412670633532
0.8020651032551628|0.8150586279313968|0.8251662583129157
0.804165208260413|0.8155617780889035|0.8258662933146658
0.8022401120056003|0.8155416520826041|0.8272663633181659
0.7968148407420371|0.8160666783339166|0.827966398319916
0.8053902695134757|0.8165742037101861|0.8293664683234162
0.8067903395169759|0.8174317465873295|0.827966398319916
0.8069653482674134|0.8180915295764798|0.8277913895694785
0.8087154357717886|0.8186139306965348|0.8284914245712286
0.8087154357717886|0.81907595379769|0.827966398319916
0.807840392019601|0.8199921246062307|0.8314665733286665
0.8067903395169759|0.8203342667133352|0.8290164508225412
0.8092404620231012|0.8205381519075953|0.8300665033251663
0.807840392019601|0.8209275463773186|0.8304165208260413
0.8052152607630382|0.8216065803290169|0.8307665383269164
0.8108155407770389|0.8218690934546725|0.831641582079104
0.8127406370318516|0.8227371368568427|0.8321666083304166
0.8113405670283514|0.8227275113755681|0.8304165208260413
0.8136156807840392|0.8237276863843193|0.831641582079104
0.811865593279664|0.8241380819040952|0.8333916695834792
0.8134406720336017|0.824666608330416|0.8351417570878544
0.8151907595379769|0.8255696534826746|0.8354917745887295
0.8174658732936647|0.826130556527827|0.8370668533426672
0.8146657332866644|0.8265435771788593|0.8368918445922297
0.8146657332866644|0.8269670983549172|0.8361918095904796
0.8132656632831642|0.8274238711935601|0.8358417920896045
0.8185159257962898|0.8285071753587677|0.8368918445922297
0.8209660483024152|0.8291757087854397|0.8361918095904796
0.8209660483024152|0.8292282114105702|0.8377668883444173
0.8225411270563528|0.8301820091004547|0.8388169408470424
0.8225411270563528|0.8304786489324472|0.8384669233461673
0.8169408470423521|0.831157682884145|0.839341967098355
0.8188659432971649|0.8316179558977946|0.8389919495974799
0.823591179558978|0.8320983549177455|0.8402170108505426
0.8255162758137907|0.8328018900945043|0.8417920896044803
0.8251662583129157|0.8335798039901999|0.843367168358418
0.8227161358067904|0.8339604480224011|0.8424921246062304
0.8270913545677284|0.8344443472173607|0.843367168358418
0.8270913545677284|0.8352738886944343|0.843367168358418
0.8270913545677284|0.8358942947147363|0.8447672383619181
0.8281414070703536|0.8362539376968848|0.8419670983549178
0.8281414070703536|0.8369539726986354|0.8447672383619181
0.8274413720686035|0.8375393769688486|0.8438921946097305
0.8298914945747288|0.8384021701085054|0.8452922646132307
0.8286664333216661|0.8391284564228212|0.8458172908645433
0.8318165908295415|0.8399728736436822|0.8458172908645433
0.8302415120756038|0.8401837591879598|0.8466923346167309
0.8295414770738537|0.8405600280014|0.8461673083654183
0.8330416520826042|0.8413256912845642|0.8475673783689185
0.8344417220861043|0.8417807140357015|0.8486174308715436
0.8346167308365419|0.8423958697934901|0.8489674483724187
0.8346167308365419|0.8429217710885542|0.8494924746237312
0.8344417220861043|0.8433234161708084|0.8489674483724187
0.8365418270913546|0.8440435771788589|0.851767588379419
0.8368918445922297|0.8441398319915997|0.8515925796289815
0.8381169058452923|0.8447252362618137|0.8510675533776689
0.8365418270913546|0.8453718935946796|0.8512425621281065
0.8377668883444173|0.8456930346517331|0.8522926146307316
0.8370668533426672|0.8463090654532724|0.8535176758837942
0.8405670283514176|0.8467404620231007|0.8533426671333567
0.8403920196009801|0.8469775988799444|0.8536926846342318
0.8405670283514176|0.847533251662583|0.8540427021351068
0.8417920896044803|0.8478377668883452|0.8545677283864194
0.8417920896044803|0.8484065453272666|0.8538676933846693
0.8426671333566679|0.848678683934197|0.855442772138607
0.8407420371018551|0.8490855792789641|0.8550927546377319
0.8414420721036052|0.8493682184109207|0.855792789639482
0.8428421421071054|0.8498976198809939|0.8559677983899195
0.8438921946097305|0.8503097654882741|0.8570178508925447
0.8421421071053553|0.85071578578929|0.8575428771438572
0.8407420371018551|0.8511533076653832|0.8584179208960449
0.8428421421071054|0.8514219460973053|0.8584179208960449
0.8468673433671684|0.8518760938046903|0.8577178858942948
0.8466923346167309|0.8524378718935947|0.8573678683934197
0.8459922996149808|0.852819390969549|0.8582429121456073
0.8463423171158558|0.853131781589079|0.8585929296464824
0.847392369618481|0.8533680434021708|0.8585929296464824
0.847742387119356|0.8537644382219111|0.8592929646482325
0.8482674133706686|0.8542894644732237|0.8601680084004201
0.8482674133706686|0.8545869793489671|0.859817990899545
0.8489674483724187|0.8551671333566674|0.8610430521526077
0.8505425271263564|0.8556002800140011|0.8605180259012951
0.8494924746237312|0.8559030451522576|0.8606930346517326
0.8500175008750438|0.8563029401470074|0.8613930696534827
0.8491424571228562|0.8564709485474272|0.8606930346517326
0.8503675183759188|0.8564971998599928|0.8615680784039202
0.8500175008750438|0.856780714035701|0.8612180609030452
0.8510675533776689|0.85703972698635|0.8617430871543578
0.8507175358767939|0.8571289814490727|0.8612180609030452
0.8524676233811691|0.8575166258312915|0.8617430871543578
0.851767588379419|0.8579550227511378|0.8617430871543578
0.8533426671333567|0.858153657682884|0.8624431221561079
0.8531676583829192|0.858462548127407|0.8629681484074204
0.8536926846342318|0.858829191459573|0.8636681834091705
0.8550927546377319|0.8589954497724892|0.8636681834091705
0.8535176758837942|0.859123206160308|0.8636681834091705
0.8545677283864194|0.8593787189359468|0.8648932446622332
0.8542177108855443|0.8596403570178512|0.8643682184109206
0.8540427021351068|0.8599054952747646|0.8633181659082955
0.855792789639482|0.8602345117255868|0.8641932096604831
0.8550927546377319|0.8604217710885541|0.8648932446622332
0.8552677633881695|0.8607866643332174|0.8648932446622332
0.855792789639482|0.8609747987399371|0.8650682534126707
0.8564928246412321|0.8611480574028701|0.8657682884144208
0.8566678333916696|0.8615663283164156|0.8661183059152958
0.8566678333916696|0.8617667133356669|0.8666433321666084
0.8552677633881695|0.8619425971298569|0.8661183059152958
0.8552677633881695|0.862154357717886|0.8666433321666084
0.8566678333916696|0.8624728736436819|0.867518375918796
0.8566678333916696|0.8628132656632828|0.867168358417921
0.8577178858942948|0.8632787889394473|0.867168358417921
0.859817990899545|0.8634721736086804|0.8666433321666084
0.8584179208960449|0.8635710535526772|0.8682184109205461
0.8596429821491075|0.8638186909345467|0.8676933846692335
0.8592929646482325|0.8639630731536577|0.8676933846692335
0.85946797339867|0.8642719635981796|0.8676933846692335
0.859817990899545|0.8645948547427367|0.8690934546727337
0.8603430171508576|0.8649011200560021|0.8689184459222962
0.8577178858942948|0.8651820091004545|0.8690934546727337
0.8582429121456073|0.8652616380819041|0.8697934896744838
0.8591179558977949|0.8655171508575428|0.8706685334266714
0.8603430171508576|0.8656449072453621|0.8706685334266714
0.8613930696534827|0.8658934196709837|0.8699684984249213
0.8615680784039202|0.8662521876093805|0.8701435071753588
0.8626181309065454|0.8666328316415826|0.8713685684284215
0.8612180609030452|0.866899719985999|0.871193559677984
0.8627931396569829|0.867128981449073|0.871543577178859
0.8620931046552328|0.8673617430871547|0.8713685684284215
0.8636681834091705|0.8676785089254472|0.871193559677984
0.863493174658733|0.8677196359817994|0.871193559677984
0.8636681834091705|0.8677948897444869|0.8713685684284215
0.8631431571578579|0.8677913895694777|0.871543577178859
0.8626181309065454|0.8679541477073853|0.8717185859292965
0.8617430871543578|0.8682639131956603|0.8720686034301716
0.8617430871543578|0.8685001750087499|0.8727686384319217
0.8652432621631082|0.868874693734687|0.8729436471823592
0.8641932096604831|0.8691844592229607|0.871893594679734
0.863493174658733|0.8693043402170106|0.8725936296814841
0.8645432271613581|0.8694740987049353|0.8724186209310466
0.8661183059152958|0.8696613580679038|0.8724186209310466
0.8659432971648583|0.8698451172558631|0.8732936646832342
0.8655932796639833|0.8700743787189357|0.8731186559327967
0.8659432971648583|0.8703955197759895|0.8739936996849843
0.8654182709135457|0.8707009100455015|0.8745187259362969
0.8652432621631082|0.8709345467273364|0.8748687434371719
0.867168358417921|0.8710623031151552|0.8748687434371719
0.8676933846692335|0.8713370668533429|0.8752187609380468
0.867518375918796|0.8716022051102549|0.8760938046902345
0.867518375918796|0.8718008400420021|0.8752187609380468
0.8676933846692335|0.8721709835491772|0.8755687784389219
0.8683934196709836|0.8723634931746582|0.8757437871893594
0.8690934546727337|0.8726347567378367|0.8757437871893594
0.867868393419671|0.8727633881694083|0.8764438221911095
0.8676933846692335|0.8729585229261468|0.8764438221911095
0.8694434721736087|0.873176408820441|0.876268813440672
0.8694434721736087|0.8735255512775637|0.8760938046902345
0.8699684984249213|0.8736296814840742|0.8771438571928596
0.8699684984249213|0.8736638081904098|0.8774938746937346
0.8701435071753588|0.8738895694784745|0.8764438221911095
0.8697934896744838|0.8739499474973746|0.876618830941547
0.8703185159257963|0.8740777038851941|0.8767938396919845
0.8708435421771089|0.8742159607980402|0.8774938746937346
0.8697934896744838|0.8742325866293317|0.8773188659432971
0.8697934896744838|0.874398844942247|0.8776688834441722
0.8666433321666084|0.8746114805740297|0.8778438921946097
0.8713685684284215|0.8749413720686043|0.8778438921946097
0.8720686034301716|0.8751575078753937|0.8780189009450472
0.871193559677984|0.8752012600630036|0.8780189009450472
0.8720686034301716|0.8752292614630727|0.8780189009450472
0.8717185859292965|0.8752773888694436|0.8781939096954847
0.871543577178859|0.8753438921946105|0.8790689534476723
0.871543577178859|0.8755985299264968|0.8787189359467973
0.871543577178859|0.8758461673083653|0.8792439621981099
0.8717185859292965|0.8758356667833389|0.8797689884494224
0.8717185859292965|0.8760316765838296|0.8799439971998599
0.8722436121806091|0.8762294364718238|0.8797689884494224
0.8708435421771089|0.8763204410220511|0.8794189709485474
0.8697934896744838|0.8763685684284213|0.8794189709485474
0.8713685684284215|0.8765663283164153|0.8799439971998599
0.8725936296814841|0.8766433321666082|0.8804690234511725
0.8736436821841093|0.8768139656982844|0.8801190059502975
0.8732936646832342|0.8770423521176056|0.8809940497024851
0.8725936296814841|0.877269863493175|0.8809940497024851
0.8725936296814841|0.8775183759187959|0.8809940497024851
0.8717185859292965|0.8776741337066858|0.8808190409520475
0.8732936646832342|0.8778771438571924|0.8811690584529226
0.8736436821841093|0.878095904795239|0.8811690584529226
0.8729436471823592|0.8783811690584531|0.8816940847042352
0.8720686034301716|0.878578053902695|0.8811690584529226
0.8736436821841093|0.8786506825341265|0.8816940847042352
0.8745187259362969|0.8787023101155055|0.8816940847042352
0.8724186209310466|0.8787049352467625|0.8829191459572978
0.8738186909345468|0.8788449422471121|0.8825691284564228
0.8750437521876093|0.8791932096604833|0.8832691634581729
0.8757437871893594|0.8792877143857193|0.8829191459572978
0.8752187609380468|0.8794145957297864|0.8825691284564228
0.8760938046902345|0.8797891144557226|0.8825691284564228
0.8757437871893594|0.8800603780189007|0.8829191459572978
0.8753937696884844|0.8801058802940142|0.8834441722086104
0.8764438221911095|0.8802388869443467|0.884319215960798
0.876268813440672|0.8803648932446617|0.8844942247112355
0.8764438221911095|0.8804698984949255|0.8834441722086104
0.8767938396919845|0.8807236611830592|0.8841442072103605
0.876618830941547|0.8807796639831996|0.884319215960798
0.8769688484424221|0.8810019250962554|0.884319215960798
0.8764438221911095|0.8810106755337772|0.8844942247112355
0.8767938396919845|0.8811848092404618|0.8844942247112355
0.8778438921946097|0.8813431921596088|0.884669233461673
0.8773188659432971|0.8816004550227516|0.8857192859642982
0.8778438921946097|0.8818017150857544|0.8844942247112355
0.8780189009450472|0.8819557227861395|0.884669233461673
0.8780189009450472|0.8821272313615686|0.8850192509625481
0.8781939096954847|0.8822138606930346|0.8850192509625481
0.876618830941547|0.8822558627931397|0.8851942597129856
0.8781939096954847|0.8825253762688137|0.8857192859642982
0.8787189359467973|0.8827380119005954|0.8858942947147357
0.8792439621981099|0.8828333916695839|0.8857192859642982
0.8783689184459222|0.8828780189009453|0.8857192859642982
0.8783689184459222|0.8831466573328668|0.8864193209660483
0.8797689884494224|0.8834686734336714|0.8864193209660483
0.8801190059502975|0.8835413020651036|0.8865943297164858
0.8787189359467973|0.8837504375218767|0.8862443122156107
0.880294014700735|0.8840820791039553|0.8862443122156107
0.880294014700735|0.8841608330416519|0.8867693384669233
0.8804690234511725|0.8842807140357016|0.8867693384669233
0.8808190409520475|0.8845344767238362|0.8871193559677983
0.8809940497024851|0.8846097304865248|0.8872943647182359
0.880294014700735|0.8848302415120755|0.8871193559677983
0.8813440672033601|0.8849439971998596|0.8872943647182359
0.8816940847042352|0.8850927546377314|0.8872943647182359
0.8818690934546727|0.8851907595379764|0.8878193909695484
0.8816940847042352|0.8852660133006647|0.8878193909695484
0.8816940847042352|0.8853850192509626|0.8876443822191109
0.8825691284564228|0.8854751487574367|0.8874693734686734
0.8820441022051102|0.8854628981449066|0.8874693734686734
0.8813440672033601|0.8854926496324813|0.8874693734686734
0.8818690934546727|0.8855460273013646|0.8876443822191109
0.8820441022051102|0.8855959047952393|0.8878193909695484
0.8813440672033601|0.8856449072453616|0.8878193909695484
0.8818690934546727|0.8856947847392368|0.887994399719986
0.8830941547077353|0.8856764088204397|0.887994399719986
0.8822191109555477|0.8856064053202651|0.887994399719986
0.8823941197059852|0.8855889044452219|0.887994399719986
0.8816940847042352|0.8856615330766533|0.8888694434721736
0.8818690934546727|0.8857070353517671|0.888694434721736
0.8822191109555477|0.8857490374518728|0.8881694084704235
0.8818690934546727|0.8859459222961142|0.8888694434721736
0.8825691284564228|0.886090304515225|0.8892194609730486
0.8820441022051102|0.8861008050402522|0.8892194609730486
0.8815190759537976|0.8863011900595026|0.8897444872243612
0.8818690934546727|0.8864245712285609|0.8897444872243612
0.8820441022051102|0.886574203710185|0.8897444872243612
0.8825691284564228|0.8866914595729781|0.8897444872243612
0.8822191109555477|0.8867745887294359|0.8895694784739236
0.8829191459572978|0.8868997199859986|0.8893944697234861
0.8829191459572978|0.8869697234861738|0.8899194959747987
0.883969198459923|0.887121981099054|0.8899194959747987
0.8823941197059852|0.8869399719986002|0.8893944697234861
0.8827441372068603|0.8869364718235913|0.8895694784739236
0.8818690934546727|0.8870196009800491|0.8897444872243612
0.8829191459572978|0.8871744837241855|0.8893944697234861
0.8829191459572978|0.8872558627931391|0.8895694784739236
0.8823941197059852|0.8872707385369264|0.8895694784739236
0.8823941197059852|0.8874571228561428|0.8893944697234861
0.8823941197059852|0.8875358767938393|0.8897444872243612
0.8829191459572978|0.8876356317815887|0.8900945047252362
0.8830941547077353|0.8878272663633183|0.8900945047252362
0.883969198459923|0.8880250262513123|0.8904445222261113
0.8851942597129856|0.8881064053202659|0.8904445222261113
0.8836191809590479|0.8881825341267061|0.8902695134756737
0.8837941897094854|0.8883505425271261|0.8904445222261113
0.884319215960798|0.8883785439271965|0.8909695484774238
0.8851942597129856|0.8885185509275463|0.8909695484774238
0.8836191809590479|0.8885080504025197|0.8904445222261113
0.8841442072103605|0.8886646832341621|0.8907945397269863
0.8841442072103605|0.8886419320966056|0.8907945397269863
0.884319215960798|0.8889306965348268|0.8918445922296114
0.8855442772138606|0.8890085754287717|0.892369618480924
0.8851942597129856|0.8890470773538678|0.8916695834791739
0.8844942247112355|0.8890584529226466|0.8916695834791739
0.8860693034651732|0.8893305915295765|0.8914945747287364
0.8851942597129856|0.8895239761988103|0.8914945747287364
0.8862443122156107|0.8896744837241866|0.892019600980049
0.8858942947147357|0.8896797339866996|0.892019600980049
0.8867693384669233|0.8898267413370671|0.892019600980049
0.8857192859642982|0.8899133706685339|0.892369618480924
0.8858942947147357|0.889894119705986|0.892019600980049
0.8865943297164858|0.890050752537627|0.8932446622331116
0.8857192859642982|0.8900341267063361|0.892719635981799
0.8851942597129856|0.8901540077003851|0.8930696534826741
0.8865943297164858|0.8903001400070006|0.8934196709835491
0.8864193209660483|0.890375393769689|0.8934196709835491
0.8865943297164858|0.8905162758137908|0.8928946447322366
0.8872943647182359|0.8906624081204066|0.8930696534826741
0.8865943297164858|0.8907682884144208|0.8932446622331116
0.8876443822191109|0.8909887994399723|0.8932446622331116
0.8872943647182359|0.8912329366468323|0.8934196709835491
0.8872943647182359|0.8913055652782635|0.8949947497374868
0.8853692684634231|0.89124781239062|0.8942947147357367
0.8869443472173608|0.8913195659782983|0.8942947147357367
0.8867693384669233|0.891359817990899|0.8942947147357367
0.8878193909695484|0.8914639481974096|0.8944697234861743
0.8876443822191109|0.891457822891144|0.8941197059852992
0.8876443822191109|0.8917159607980394|0.8941197059852992
0.8865943297164858|0.8917360868043406|0.8939446972348617
0.8874693734686734|0.8918480924046205|0.8944697234861743
0.8885194259712985|0.8919189709485468|0.8944697234861743
0.888694434721736|0.8919408470423525|0.8948197409870493
0.8865943297164858|0.8920686034301722|0.8941197059852992
0.887994399719986|0.8922164858242912|0.8941197059852992
0.8876443822191109|0.8923101155057742|0.8955197759887994
0.8871193559677983|0.8924369968498422|0.8955197759887994
0.8850192509625481|0.8925945047252359|0.8949947497374868
0.8892194609730486|0.8927563878193907|0.8949947497374868
0.8893944697234861|0.892879768988449|0.8956947847392369
0.8890444522226111|0.8930792789639475|0.8958697934896744
0.8892194609730486|0.8932052852642629|0.8958697934896744
0.8895694784739236|0.8933137906895346|0.896044802240112
0.8892194609730486|0.8934441722086099|0.896044802240112
0.8890444522226111|0.8936235561778083|0.8956947847392369
0.8900945047252362|0.8937180609030438|0.8962198109905495
0.8892194609730486|0.893729436471823|0.896744837241862
0.8885194259712985|0.8938431921596077|0.8962198109905495
0.8892194609730486|0.8939350717535871|0.8962198109905495
0.8888694434721736|0.8940015750787541|0.896744837241862
0.8906195309765488|0.8940925796289814|0.8970948547427371
0.8904445222261113|0.8943087154357715|0.896744837241862
0.8902695134756737|0.894500350017501|0.8969198459922996
0.8892194609730486|0.8944924746237304|0.8977948897444872
0.8890444522226111|0.8946648582429121|0.8972698634931746
0.8907945397269863|0.8948862443122152|0.8972698634931746
0.8913195659782989|0.8948486174308704|0.8970948547427371
0.8900945047252362|0.894981624081203|0.8972698634931746
0.8907945397269863|0.8949964998249914|0.8977948897444872
0.8890444522226111|0.8949702485124256|0.8972698634931746
0.8911445572278613|0.8951435071753581|0.8972698634931746
0.8911445572278613|0.895308890444523|0.8970948547427371
0.8902695134756737|0.8953447672383613|0.8972698634931746
0.8897444872243612|0.8953447672383616|0.8976198809940497
0.8900945047252362|0.8953342667133355|0.8974448722436121
0.8911445572278613|0.8954042702135103|0.8974448722436121
0.8916695834791739|0.8955425271263562|0.8974448722436121
0.8921946097304865|0.8956326566328321|0.8976198809940497
0.8921946097304865|0.8957044102205113|0.8984949247462373
0.892369618480924|0.8957875393769689|0.8981449072453622
0.8925446272313615|0.8958627931396577|0.8981449072453622
0.8914945747287364|0.8960115505775288|0.8984949247462373
0.8934196709835491|0.8960736786839344|0.8983199159957997
0.8914945747287364|0.8960973048652439|0.8983199159957997
0.8925446272313615|0.8961261813090651|0.8983199159957997
0.8921946097304865|0.8961988099404974|0.8983199159957997
0.8918445922296114|0.896100805040252|0.8988449422471123
0.8906195309765488|0.8962609380469021|0.8983199159957997
0.888344417220861|0.8963939446972351|0.8986699334966748
0.8906195309765488|0.8964263213160665|0.8986699334966748
0.8900945047252362|0.8966162058102914|0.8984949247462373
0.8921946097304865|0.8967973398669936|0.8991949597479874
0.892719635981799|0.896934721736087|0.8986699334966748
0.8928946447322366|0.8969837241862091|0.8988449422471123
0.8928946447322366|0.896899719985999|0.8991949597479874
0.892019600980049|0.8969924746237318|0.8991949597479874
0.8914945747287364|0.8970204760238019|0.8988449422471123
0.8935946797339867|0.8970721036051803|0.8991949597479874
0.8932446622331116|0.8970406020301018|0.8988449422471123
0.8932446622331116|0.8971237311865601|0.8991949597479874
0.8932446622331116|0.8972838641932097|0.8991949597479874
0.8932446622331116|0.8973634931746588|0.8993699684984249
0.892719635981799|0.8974728736436828|0.8993699684984249
0.8939446972348617|0.8974973748687429|0.8997199859992999
0.8946447322366118|0.897552502625131|0.8993699684984249
0.8946447322366118|0.8976251312565627|0.8997199859992999
0.8935946797339867|0.8977310115505786|0.8997199859992999
0.8953447672383619|0.8977283864193211|0.8998949947497374
0.8946447322366118|0.8977625131256568|0.9002450122506125
0.8937696884844242|0.8978053902695133|0.8998949947497374
0.8944697234861743|0.8979488974448722|0.900070003500175
0.8951697584879243|0.89806790339517|0.900070003500175
0.8951697584879243|0.8981396569828491|0.900070003500175
0.8958697934896744|0.898161533076654|0.8997199859992999
0.8944697234861743|0.8981519075953799|0.8997199859992999
0.8949947497374868|0.8981440322016102|0.8998949947497374
0.8937696884844242|0.8981650332516625|0.8998949947497374
0.8941197059852992|0.8980994049702486|0.900070003500175
0.8937696884844242|0.8981974098704936|0.90042002100105
0.8937696884844242|0.8981230311515579|0.9002450122506125
0.8934196709835491|0.898208785439272|0.90042002100105
0.8944697234861743|0.8982429121456077|0.9005950297514875
0.8939446972348617|0.898458172908646|0.9005950297514875
0.892369618480924|0.898564928246412|0.9009450472523626
0.8955197759887994|0.8986716835841796|0.9009450472523626
0.8951697584879243|0.8987329366468327|0.9011200560028001
0.8946447322366118|0.8988598179908998|0.9009450472523626
0.896044802240112|0.8990873293664684|0.9011200560028001
0.8949947497374868|0.8991223311165555|0.9009450472523626
0.8955197759887994|0.899345467273364|0.9012950647532376
0.8956947847392369|0.8993760938046904|0.9014700735036751
0.896044802240112|0.8994557227861393|0.9014700735036751
0.896394819740987|0.8996079803990199|0.9018200910045502
0.896044802240112|0.8997296114805736|0.9023451172558627
0.8958697934896744|0.8998354917745889|0.9025201260063003
0.8956947847392369|0.8998626181309067|0.9026951347567378
0.8962198109905495|0.8998503675183764|0.9021701085054252
0.8953447672383619|0.899804865243262|0.9023451172558627
0.8953447672383619|0.8998354917745885|0.9023451172558627
0.8953447672383619|0.8998879943997201|0.9025201260063003
0.8962198109905495|0.9001041302065098|0.9025201260063003
0.8951697584879243|0.9001592579628978|0.9025201260063003
0.8958697934896744|0.9003281414070698|0.9023451172558627
0.896044802240112|0.9005932796639827|0.9023451172558627
0.8970948547427371|0.9006064053202658|0.9028701435071753
0.8969198459922996|0.9005959047952399|0.9028701435071753
0.8948197409870493|0.9005617780889038|0.9033951697584879
0.8956947847392369|0.9006046552327618|0.9026951347567378
0.8969198459922996|0.9007394119705978|0.9035701785089254
0.8974448722436121|0.9008426671333564|0.9032201610080504
0.896394819740987|0.9008995449772489|0.9030451522576128
0.8962198109905495|0.9008741687084352|0.9037451872593629
0.896394819740987|0.9009406720336014|0.9032201610080504
0.896394819740987|0.9010868043402168|0.9037451872593629
0.8946447322366118|0.9010684284214209|0.904095204760238
0.8953447672383619|0.901015050752537|0.9039201960098004
0.8962198109905495|0.901155057752887|0.9039201960098004
0.8949947497374868|0.9013318165908294|0.904445222261113
0.8976198809940497|0.9013528176408818|0.9042702135106755
0.8969198459922996|0.9015540777038847|0.904445222261113
0.8984949247462373|0.901736086804341|0.9047952397619881
0.8979698984949247|0.9019233461673088|0.9049702485124256
0.8981449072453622|0.9021692334616728|0.9049702485124256
0.8983199159957997|0.9022217360868048|0.9053202660133006
0.8979698984949247|0.9023976198809939|0.9049702485124256
0.8979698984949247|0.9025892544627233|0.9049702485124256
0.8988449422471123|0.9026671333566678|0.9054952747637381
0.8986699334966748|0.9027257612880639|0.9054952747637381
0.8991949597479874|0.9028167658382916|0.9056702835141757
0.8984949247462373|0.9028946447322369|0.9058452922646132
0.8991949597479874|0.9029716485824294|0.9056702835141757
0.8991949597479874|0.9030154007700381|0.9060203010150507
0.8993699684984249|0.9032630381519076|0.9060203010150507
0.8988449422471123|0.9032857892894645|0.9060203010150507
0.8997199859992999|0.9033391669583479|0.9061953097654882
0.8998949947497374|0.9034004200210017|0.9061953097654882
0.8990199509975498|0.9033260413020656|0.9060203010150507
0.8984949247462373|0.9033584179208958|0.9063703185159258
0.8986699334966748|0.903385544277214|0.9065453272663633
0.8979698984949247|0.9033435421771084|0.9058452922646132
0.8976198809940497|0.9034310465523278|0.9063703185159258
0.8977948897444872|0.9034625481274066|0.9060203010150507
0.8993699684984249|0.9037556877843897|0.9060203010150507
0.8993699684984249|0.9038405670283517|0.9060203010150507
0.8998949947497374|0.9037530626531329|0.9060203010150507
0.8983199159957997|0.9037233111655594|0.9063703185159258
0.8981449072453622|0.9038746937346871|0.9063703185159258
0.8998949947497374|0.9040199509975498|0.9065453272663633
0.90042002100105|0.9041389569478474|0.9067203360168008
0.8998949947497374|0.9043122156107806|0.9067203360168008
0.9009450472523626|0.9043288414420724|0.9067203360168008
0.9005950297514875|0.9045309765488279|0.9063703185159258
0.90042002100105|0.9045502275113759|0.9065453272663633
0.900070003500175|0.9045108505425279|0.9065453272663633
